2023-03-12 19:04:26.947 [gateway-server,,] [main] INFO  com.example.GatewayServerApplication - No active profile set, falling back to default profiles: default
2023-03-12 19:04:27.332 [gateway-server,,] [main] INFO  o.s.d.r.config.RepositoryConfigurationDelegate - Multiple Spring Data modules found, entering strict repository configuration mode!
2023-03-12 19:04:27.333 [gateway-server,,] [main] INFO  o.s.d.r.config.RepositoryConfigurationDelegate - Bootstrapping Spring Data Redis repositories in DEFAULT mode.
2023-03-12 19:04:27.355 [gateway-server,,] [main] INFO  o.s.d.r.config.RepositoryConfigurationDelegate - Finished Spring Data repository scanning in 3ms. Found 0 Redis repository interfaces.
2023-03-12 19:04:27.521 [gateway-server,,] [main] INFO  o.springframework.cloud.context.scope.GenericScope - BeanFactory id=8fefe02a-a2c0-37d5-ade3-d4bb45632ad0
2023-03-12 19:04:27.664 [gateway-server,,] [main] INFO  o.s.c.s.PostProcessorRegistrationDelegate$BeanPostProcessorChecker - Bean 'org.springframework.cloud.client.loadbalancer.reactive.LoadBalancerBeanPostProcessorAutoConfiguration' of type [org.springframework.cloud.client.loadbalancer.reactive.LoadBalancerBeanPostProcessorAutoConfiguration] is not eligible for getting processed by all BeanPostProcessors (for example: not eligible for auto-proxying)
2023-03-12 19:04:27.666 [gateway-server,,] [main] INFO  o.s.c.s.PostProcessorRegistrationDelegate$BeanPostProcessorChecker - Bean 'org.springframework.cloud.client.loadbalancer.reactive.LoadBalancerBeanPostProcessorAutoConfiguration$ReactiveLoadBalancerConfig' of type [org.springframework.cloud.client.loadbalancer.reactive.LoadBalancerBeanPostProcessorAutoConfiguration$ReactiveLoadBalancerConfig] is not eligible for getting processed by all BeanPostProcessors (for example: not eligible for auto-proxying)
2023-03-12 19:04:27.668 [gateway-server,,] [main] INFO  o.s.c.s.PostProcessorRegistrationDelegate$BeanPostProcessorChecker - Bean 'deferringLoadBalancerExchangeFilterFunction' of type [org.springframework.cloud.client.loadbalancer.reactive.DeferringLoadBalancerExchangeFilterFunction] is not eligible for getting processed by all BeanPostProcessors (for example: not eligible for auto-proxying)
2023-03-12 19:04:27.671 [gateway-server,,] [main] INFO  o.s.c.s.PostProcessorRegistrationDelegate$BeanPostProcessorChecker - Bean 'org.springframework.cloud.sleuth.instrument.web.client.TraceWebClientAutoConfiguration$NettyConfiguration' of type [org.springframework.cloud.sleuth.instrument.web.client.TraceWebClientAutoConfiguration$NettyConfiguration] is not eligible for getting processed by all BeanPostProcessors (for example: not eligible for auto-proxying)
2023-03-12 19:04:27.689 [gateway-server,,] [main] INFO  o.s.c.s.PostProcessorRegistrationDelegate$BeanPostProcessorChecker - Bean 'spring.sleuth.redis-org.springframework.cloud.sleuth.instrument.redis.TraceRedisProperties' of type [org.springframework.cloud.sleuth.instrument.redis.TraceRedisProperties] is not eligible for getting processed by all BeanPostProcessors (for example: not eligible for auto-proxying)
2023-03-12 19:04:27.775 [gateway-server,,] [main] INFO  com.netflix.config.sources.URLConfigurationSource - To enable URLs as dynamic configuration sources, define System property archaius.configurationSource.additionalUrls or make config.properties available on classpath.
2023-03-12 19:04:27.777 [gateway-server,,] [main] INFO  com.netflix.config.sources.URLConfigurationSource - To enable URLs as dynamic configuration sources, define System property archaius.configurationSource.additionalUrls or make config.properties available on classpath.
2023-03-12 19:04:31.073 [gateway-server,,] [main] INFO  o.s.c.gateway.route.RouteDefinitionRouteLocator - Loaded RoutePredicateFactory [After]
2023-03-12 19:04:31.073 [gateway-server,,] [main] INFO  o.s.c.gateway.route.RouteDefinitionRouteLocator - Loaded RoutePredicateFactory [Before]
2023-03-12 19:04:31.073 [gateway-server,,] [main] INFO  o.s.c.gateway.route.RouteDefinitionRouteLocator - Loaded RoutePredicateFactory [Between]
2023-03-12 19:04:31.074 [gateway-server,,] [main] INFO  o.s.c.gateway.route.RouteDefinitionRouteLocator - Loaded RoutePredicateFactory [Cookie]
2023-03-12 19:04:31.074 [gateway-server,,] [main] INFO  o.s.c.gateway.route.RouteDefinitionRouteLocator - Loaded RoutePredicateFactory [Header]
2023-03-12 19:04:31.074 [gateway-server,,] [main] INFO  o.s.c.gateway.route.RouteDefinitionRouteLocator - Loaded RoutePredicateFactory [Host]
2023-03-12 19:04:31.074 [gateway-server,,] [main] INFO  o.s.c.gateway.route.RouteDefinitionRouteLocator - Loaded RoutePredicateFactory [Method]
2023-03-12 19:04:31.074 [gateway-server,,] [main] INFO  o.s.c.gateway.route.RouteDefinitionRouteLocator - Loaded RoutePredicateFactory [Path]
2023-03-12 19:04:31.074 [gateway-server,,] [main] INFO  o.s.c.gateway.route.RouteDefinitionRouteLocator - Loaded RoutePredicateFactory [Query]
2023-03-12 19:04:31.074 [gateway-server,,] [main] INFO  o.s.c.gateway.route.RouteDefinitionRouteLocator - Loaded RoutePredicateFactory [ReadBodyPredicateFactory]
2023-03-12 19:04:31.074 [gateway-server,,] [main] INFO  o.s.c.gateway.route.RouteDefinitionRouteLocator - Loaded RoutePredicateFactory [RemoteAddr]
2023-03-12 19:04:31.074 [gateway-server,,] [main] INFO  o.s.c.gateway.route.RouteDefinitionRouteLocator - Loaded RoutePredicateFactory [Weight]
2023-03-12 19:04:31.074 [gateway-server,,] [main] INFO  o.s.c.gateway.route.RouteDefinitionRouteLocator - Loaded RoutePredicateFactory [CloudFoundryRouteService]
2023-03-12 19:04:33.084 [gateway-server,,] [main] INFO  o.s.cloud.netflix.eureka.InstanceInfoFactory - Setting initial instance status as: STARTING
2023-03-12 19:04:33.102 [gateway-server,,] [main] INFO  com.netflix.discovery.DiscoveryClient - Initializing Eureka in region us-east-1
2023-03-12 19:04:33.194 [gateway-server,,] [main] INFO  c.n.discovery.provider.DiscoveryJerseyProvider - Using JSON encoding codec LegacyJacksonJson
2023-03-12 19:04:33.194 [gateway-server,,] [main] INFO  c.n.discovery.provider.DiscoveryJerseyProvider - Using JSON decoding codec LegacyJacksonJson
2023-03-12 19:04:33.289 [gateway-server,,] [main] INFO  c.n.discovery.provider.DiscoveryJerseyProvider - Using XML encoding codec XStreamXml
2023-03-12 19:04:33.289 [gateway-server,,] [main] INFO  c.n.discovery.provider.DiscoveryJerseyProvider - Using XML decoding codec XStreamXml
2023-03-12 19:04:33.364 [gateway-server,,] [main] INFO  c.n.d.shared.resolver.aws.ConfigClusterResolver - Resolving eureka endpoints via configuration
2023-03-12 19:04:33.734 [gateway-server,,] [main] INFO  com.netflix.discovery.DiscoveryClient - Disable delta property : false
2023-03-12 19:04:33.734 [gateway-server,,] [main] INFO  com.netflix.discovery.DiscoveryClient - Single vip registry refresh property : null
2023-03-12 19:04:33.734 [gateway-server,,] [main] INFO  com.netflix.discovery.DiscoveryClient - Force full registry fetch : false
2023-03-12 19:04:33.734 [gateway-server,,] [main] INFO  com.netflix.discovery.DiscoveryClient - Application is null : false
2023-03-12 19:04:33.734 [gateway-server,,] [main] INFO  com.netflix.discovery.DiscoveryClient - Registered Applications size is zero : true
2023-03-12 19:04:33.734 [gateway-server,,] [main] INFO  com.netflix.discovery.DiscoveryClient - Application version is -1: true
2023-03-12 19:04:33.734 [gateway-server,,] [main] INFO  com.netflix.discovery.DiscoveryClient - Getting all instance registry info from the eureka server
2023-03-12 19:04:33.884 [gateway-server,,] [main] INFO  com.netflix.discovery.DiscoveryClient - The response status is 200
2023-03-12 19:04:33.885 [gateway-server,,] [main] INFO  com.netflix.discovery.DiscoveryClient - Starting heartbeat executor: renew interval is: 30
2023-03-12 19:04:33.887 [gateway-server,,] [main] INFO  com.netflix.discovery.InstanceInfoReplicator - InstanceInfoReplicator onDemand update allowed rate per min is 4
2023-03-12 19:04:33.889 [gateway-server,,] [main] INFO  com.netflix.discovery.DiscoveryClient - Discovery Client initialized at timestamp 1678619073888 with initial instances count: 6
2023-03-12 19:04:33.891 [gateway-server,,] [main] INFO  o.s.c.n.e.serviceregistry.EurekaServiceRegistry - Registering application GATEWAY-SERVER with eureka with status UP
2023-03-12 19:04:33.891 [gateway-server,,] [main] INFO  com.netflix.discovery.DiscoveryClient - Saw local status change event StatusChangeEvent [timestamp=1678619073891, current=UP, previous=STARTING]
2023-03-12 19:04:33.894 [gateway-server,,] [DiscoveryClient-InstanceInfoReplicator-0] INFO  com.netflix.discovery.DiscoveryClient - DiscoveryClient_GATEWAY-SERVER/192.168.126.1:9000: registering service...
2023-03-12 19:04:33.950 [gateway-server,,] [DiscoveryClient-InstanceInfoReplicator-0] INFO  com.netflix.discovery.DiscoveryClient - DiscoveryClient_GATEWAY-SERVER/192.168.126.1:9000 - registration status: 204
2023-03-12 19:04:34.466 [gateway-server,,] [main] INFO  o.s.boot.web.embedded.netty.NettyWebServer - Netty started on port(s): 9000
2023-03-12 19:04:34.467 [gateway-server,,] [main] INFO  o.s.c.n.e.s.EurekaAutoServiceRegistration - Updating port to 9000
2023-03-12 19:04:35.632 [gateway-server,,] [main] INFO  com.example.GatewayServerApplication - Started GatewayServerApplication in 12.733 seconds (JVM running for 14.294)
2023-03-12 19:07:38.027 [gateway-server,bc5119c0bbb6ff4d,bc5119c0bbb6ff4d] [reactor-http-nio-2] INFO  com.example.filter.AccessFilter - token is OK!
2023-03-12 19:07:38.109 [gateway-server,bc5119c0bbb6ff4d,bc5119c0bbb6ff4d] [reactor-http-nio-2] INFO  com.netflix.config.ChainedDynamicProperty - Flipping property: ORDER-SERVICE.ribbon.ActiveConnectionsLimit to use NEXT property: niws.loadbalancer.availabilityFilteringRule.activeConnectionsLimit = 2147483647
2023-03-12 19:07:38.124 [gateway-server,bc5119c0bbb6ff4d,bc5119c0bbb6ff4d] [reactor-http-nio-2] INFO  com.netflix.util.concurrent.ShutdownEnabledTimer - Shutdown hook installed for: NFLoadBalancer-PingTimer-ORDER-SERVICE
2023-03-12 19:07:38.124 [gateway-server,bc5119c0bbb6ff4d,bc5119c0bbb6ff4d] [reactor-http-nio-2] INFO  com.netflix.loadbalancer.BaseLoadBalancer - Client: ORDER-SERVICE instantiated a LoadBalancer: DynamicServerListLoadBalancer:{NFLoadBalancer:name=ORDER-SERVICE,current list of Servers=[],Load balancer stats=Zone stats: {},Server stats: []}ServerList:null
2023-03-12 19:07:38.127 [gateway-server,bc5119c0bbb6ff4d,bc5119c0bbb6ff4d] [reactor-http-nio-2] INFO  c.n.loadbalancer.DynamicServerListLoadBalancer - Using serverListUpdater PollingServerListUpdater
2023-03-12 19:07:38.138 [gateway-server,bc5119c0bbb6ff4d,bc5119c0bbb6ff4d] [reactor-http-nio-2] INFO  com.netflix.config.ChainedDynamicProperty - Flipping property: ORDER-SERVICE.ribbon.ActiveConnectionsLimit to use NEXT property: niws.loadbalancer.availabilityFilteringRule.activeConnectionsLimit = 2147483647
2023-03-12 19:07:38.139 [gateway-server,bc5119c0bbb6ff4d,bc5119c0bbb6ff4d] [reactor-http-nio-2] INFO  c.n.loadbalancer.DynamicServerListLoadBalancer - DynamicServerListLoadBalancer for client ORDER-SERVICE initialized: DynamicServerListLoadBalancer:{NFLoadBalancer:name=ORDER-SERVICE,current list of Servers=[192.168.126.1:9091],Load balancer stats=Zone stats: {defaultzone=[Zone:defaultzone;	Instance count:1;	Active connections count: 0;	Circuit breaker tripped count: 0;	Active connections per server: 0.0;]
},Server stats: [[Server:192.168.126.1:9091;	Zone:defaultZone;	Total Requests:0;	Successive connection failure:0;	Total blackout seconds:0;	Last connection made:Thu Jan 01 08:00:00 CST 1970;	First connection made: Thu Jan 01 08:00:00 CST 1970;	Active Connections:0;	total failure count in last (1000) msecs:0;	average resp time:0.0;	90 percentile resp time:0.0;	95 percentile resp time:0.0;	min resp time:0.0;	max resp time:0.0;	stddev resp time:0.0]
]}ServerList:org.springframework.cloud.netflix.ribbon.eureka.DomainExtractingServerList@482df809
2023-03-12 19:07:39.138 [gateway-server,,] [PollingServerListUpdater-0] INFO  com.netflix.config.ChainedDynamicProperty - Flipping property: ORDER-SERVICE.ribbon.ActiveConnectionsLimit to use NEXT property: niws.loadbalancer.availabilityFilteringRule.activeConnectionsLimit = 2147483647
2023-03-12 19:07:41.325 [gateway-server,328519e3d6f11e8c,328519e3d6f11e8c] [reactor-http-nio-2] INFO  com.example.filter.AccessFilter - token is OK!
2023-03-12 19:08:01.152 [gateway-server,a8948ba31eb1d750,a8948ba31eb1d750] [reactor-http-nio-2] INFO  com.example.filter.AccessFilter - token is OK!
2023-03-12 19:09:33.750 [gateway-server,,] [AsyncResolver-bootstrap-executor-0] INFO  c.n.d.shared.resolver.aws.ConfigClusterResolver - Resolving eureka endpoints via configuration
2023-03-12 19:14:33.763 [gateway-server,,] [AsyncResolver-bootstrap-executor-0] INFO  c.n.d.shared.resolver.aws.ConfigClusterResolver - Resolving eureka endpoints via configuration
2023-03-12 19:19:33.774 [gateway-server,,] [AsyncResolver-bootstrap-executor-0] INFO  c.n.d.shared.resolver.aws.ConfigClusterResolver - Resolving eureka endpoints via configuration
2023-03-12 19:24:33.780 [gateway-server,,] [AsyncResolver-bootstrap-executor-0] INFO  c.n.d.shared.resolver.aws.ConfigClusterResolver - Resolving eureka endpoints via configuration
2023-03-12 19:29:33.786 [gateway-server,,] [AsyncResolver-bootstrap-executor-0] INFO  c.n.d.shared.resolver.aws.ConfigClusterResolver - Resolving eureka endpoints via configuration
2023-03-12 19:34:33.794 [gateway-server,,] [AsyncResolver-bootstrap-executor-0] INFO  c.n.d.shared.resolver.aws.ConfigClusterResolver - Resolving eureka endpoints via configuration
2023-03-12 19:39:33.804 [gateway-server,,] [AsyncResolver-bootstrap-executor-0] INFO  c.n.d.shared.resolver.aws.ConfigClusterResolver - Resolving eureka endpoints via configuration
2023-03-12 19:44:33.820 [gateway-server,,] [AsyncResolver-bootstrap-executor-0] INFO  c.n.d.shared.resolver.aws.ConfigClusterResolver - Resolving eureka endpoints via configuration
2023-03-12 19:49:33.829 [gateway-server,,] [AsyncResolver-bootstrap-executor-0] INFO  c.n.d.shared.resolver.aws.ConfigClusterResolver - Resolving eureka endpoints via configuration
2023-03-12 19:54:33.835 [gateway-server,,] [AsyncResolver-bootstrap-executor-0] INFO  c.n.d.shared.resolver.aws.ConfigClusterResolver - Resolving eureka endpoints via configuration
2023-03-12 19:59:33.850 [gateway-server,,] [AsyncResolver-bootstrap-executor-0] INFO  c.n.d.shared.resolver.aws.ConfigClusterResolver - Resolving eureka endpoints via configuration
2023-03-12 20:04:33.852 [gateway-server,,] [AsyncResolver-bootstrap-executor-0] INFO  c.n.d.shared.resolver.aws.ConfigClusterResolver - Resolving eureka endpoints via configuration
2023-03-12 20:09:33.865 [gateway-server,,] [AsyncResolver-bootstrap-executor-0] INFO  c.n.d.shared.resolver.aws.ConfigClusterResolver - Resolving eureka endpoints via configuration
2023-03-12 20:14:33.869 [gateway-server,,] [AsyncResolver-bootstrap-executor-0] INFO  c.n.d.shared.resolver.aws.ConfigClusterResolver - Resolving eureka endpoints via configuration
2023-03-12 20:15:18.085 [gateway-server,231fa3fb96e66d5d,231fa3fb96e66d5d] [reactor-http-nio-5] INFO  com.example.filter.AccessFilter - token is OK!
2023-03-12 20:15:18.107 [gateway-server,231fa3fb96e66d5d,231fa3fb96e66d5d] [reactor-http-nio-5] INFO  com.netflix.config.ChainedDynamicProperty - Flipping property: PRODUCT-SERVICE.ribbon.ActiveConnectionsLimit to use NEXT property: niws.loadbalancer.availabilityFilteringRule.activeConnectionsLimit = 2147483647
2023-03-12 20:15:18.109 [gateway-server,231fa3fb96e66d5d,231fa3fb96e66d5d] [reactor-http-nio-5] INFO  com.netflix.util.concurrent.ShutdownEnabledTimer - Shutdown hook installed for: NFLoadBalancer-PingTimer-PRODUCT-SERVICE
2023-03-12 20:15:18.109 [gateway-server,231fa3fb96e66d5d,231fa3fb96e66d5d] [reactor-http-nio-5] INFO  com.netflix.loadbalancer.BaseLoadBalancer - Client: PRODUCT-SERVICE instantiated a LoadBalancer: DynamicServerListLoadBalancer:{NFLoadBalancer:name=PRODUCT-SERVICE,current list of Servers=[],Load balancer stats=Zone stats: {},Server stats: []}ServerList:null
2023-03-12 20:15:18.110 [gateway-server,231fa3fb96e66d5d,231fa3fb96e66d5d] [reactor-http-nio-5] INFO  c.n.loadbalancer.DynamicServerListLoadBalancer - Using serverListUpdater PollingServerListUpdater
2023-03-12 20:15:18.111 [gateway-server,231fa3fb96e66d5d,231fa3fb96e66d5d] [reactor-http-nio-5] INFO  com.netflix.config.ChainedDynamicProperty - Flipping property: PRODUCT-SERVICE.ribbon.ActiveConnectionsLimit to use NEXT property: niws.loadbalancer.availabilityFilteringRule.activeConnectionsLimit = 2147483647
2023-03-12 20:15:18.112 [gateway-server,231fa3fb96e66d5d,231fa3fb96e66d5d] [reactor-http-nio-5] INFO  c.n.loadbalancer.DynamicServerListLoadBalancer - DynamicServerListLoadBalancer for client PRODUCT-SERVICE initialized: DynamicServerListLoadBalancer:{NFLoadBalancer:name=PRODUCT-SERVICE,current list of Servers=[192.168.126.1:7070],Load balancer stats=Zone stats: {defaultzone=[Zone:defaultzone;	Instance count:1;	Active connections count: 0;	Circuit breaker tripped count: 0;	Active connections per server: 0.0;]
},Server stats: [[Server:192.168.126.1:7070;	Zone:defaultZone;	Total Requests:0;	Successive connection failure:0;	Total blackout seconds:0;	Last connection made:Thu Jan 01 08:00:00 CST 1970;	First connection made: Thu Jan 01 08:00:00 CST 1970;	Active Connections:0;	total failure count in last (1000) msecs:0;	average resp time:0.0;	90 percentile resp time:0.0;	95 percentile resp time:0.0;	min resp time:0.0;	max resp time:0.0;	stddev resp time:0.0]
]}ServerList:org.springframework.cloud.netflix.ribbon.eureka.DomainExtractingServerList@2de57a3c
2023-03-12 20:15:18.777 [gateway-server,02b022682192b5e6,02b022682192b5e6] [reactor-http-nio-5] INFO  com.example.filter.AccessFilter - token is OK!
2023-03-12 20:15:19.028 [gateway-server,fdeed81927b74df0,fdeed81927b74df0] [reactor-http-nio-5] INFO  com.example.filter.AccessFilter - token is OK!
2023-03-12 20:15:19.112 [gateway-server,,] [PollingServerListUpdater-1] INFO  com.netflix.config.ChainedDynamicProperty - Flipping property: PRODUCT-SERVICE.ribbon.ActiveConnectionsLimit to use NEXT property: niws.loadbalancer.availabilityFilteringRule.activeConnectionsLimit = 2147483647
2023-03-12 20:15:19.227 [gateway-server,995ecc03e9fd9522,995ecc03e9fd9522] [reactor-http-nio-5] INFO  com.example.filter.AccessFilter - token is OK!
2023-03-12 20:15:19.419 [gateway-server,9fb6b681076e3eb1,9fb6b681076e3eb1] [reactor-http-nio-5] INFO  com.example.filter.AccessFilter - token is OK!
2023-03-12 20:15:19.654 [gateway-server,b904eeaa83364ff6,b904eeaa83364ff6] [reactor-http-nio-5] INFO  com.example.filter.AccessFilter - token is OK!
2023-03-12 20:19:33.885 [gateway-server,,] [AsyncResolver-bootstrap-executor-0] INFO  c.n.d.shared.resolver.aws.ConfigClusterResolver - Resolving eureka endpoints via configuration
2023-03-12 20:24:33.894 [gateway-server,,] [AsyncResolver-bootstrap-executor-0] INFO  c.n.d.shared.resolver.aws.ConfigClusterResolver - Resolving eureka endpoints via configuration
2023-03-12 20:25:05.605 [gateway-server,2ab2d3ecca84f92d,2ab2d3ecca84f92d] [reactor-http-nio-7] INFO  com.example.filter.AccessFilter - token is OK!
2023-03-12 20:25:05.781 [gateway-server,2994eb2234407964,2994eb2234407964] [reactor-http-nio-7] INFO  com.example.filter.AccessFilter - token is OK!
2023-03-12 20:25:05.970 [gateway-server,2616db5bd090fc8a,2616db5bd090fc8a] [reactor-http-nio-7] INFO  com.example.filter.AccessFilter - token is OK!
2023-03-12 20:25:06.139 [gateway-server,51c49f8253579571,51c49f8253579571] [reactor-http-nio-7] INFO  com.example.filter.AccessFilter - token is OK!
2023-03-12 20:25:06.307 [gateway-server,cea6b3ff2f2375d4,cea6b3ff2f2375d4] [reactor-http-nio-7] INFO  com.example.filter.AccessFilter - token is OK!
2023-03-12 20:25:06.488 [gateway-server,88b38e08f3f9b08e,88b38e08f3f9b08e] [reactor-http-nio-7] INFO  com.example.filter.AccessFilter - token is OK!
2023-03-12 20:26:47.403 [gateway-server,edc80e9e72cafa56,edc80e9e72cafa56] [reactor-http-nio-7] INFO  com.example.filter.AccessFilter - token is OK!
2023-03-12 20:26:47.669 [gateway-server,b647db97bdf11fea,b647db97bdf11fea] [reactor-http-nio-7] INFO  com.example.filter.AccessFilter - token is OK!
2023-03-12 20:26:47.906 [gateway-server,ee4e26eaf6ad47dd,ee4e26eaf6ad47dd] [reactor-http-nio-7] INFO  com.example.filter.AccessFilter - token is OK!
2023-03-12 20:28:03.462 [gateway-server,2f876b581f136ff3,2f876b581f136ff3] [reactor-http-nio-7] INFO  com.example.filter.AccessFilter - token is OK!
2023-03-12 20:28:04.315 [gateway-server,f94604e27b833723,f94604e27b833723] [reactor-http-nio-7] INFO  com.example.filter.AccessFilter - token is OK!
2023-03-12 20:28:11.055 [gateway-server,5fc33b8eaac0effb,5fc33b8eaac0effb] [reactor-http-nio-7] INFO  com.example.filter.AccessFilter - token is OK!
2023-03-12 20:29:33.898 [gateway-server,,] [AsyncResolver-bootstrap-executor-0] INFO  c.n.d.shared.resolver.aws.ConfigClusterResolver - Resolving eureka endpoints via configuration
2023-03-12 20:34:33.908 [gateway-server,,] [AsyncResolver-bootstrap-executor-0] INFO  c.n.d.shared.resolver.aws.ConfigClusterResolver - Resolving eureka endpoints via configuration
2023-03-12 20:37:40.151 [gateway-server,99a9da8ae7cd6315,99a9da8ae7cd6315] [reactor-http-nio-12] INFO  com.example.filter.AccessFilter - token is OK!
2023-03-12 20:37:41.156 [gateway-server,da607fa7fc7df520,da607fa7fc7df520] [reactor-http-nio-12] INFO  com.example.filter.AccessFilter - token is OK!
2023-03-12 20:37:42.956 [gateway-server,9ad5394d20389b86,9ad5394d20389b86] [reactor-http-nio-12] INFO  com.example.filter.AccessFilter - token is OK!
2023-03-12 20:37:43.136 [gateway-server,1981cacb1cc78c3f,1981cacb1cc78c3f] [reactor-http-nio-12] INFO  com.example.filter.AccessFilter - token is OK!
2023-03-12 20:37:45.162 [gateway-server,7dd94b4d8bc62807,7dd94b4d8bc62807] [reactor-http-nio-2] INFO  com.example.filter.AccessFilter - token is OK!
2023-03-12 20:37:47.643 [gateway-server,2390bf3727f29efe,2390bf3727f29efe] [reactor-http-nio-2] INFO  com.example.filter.AccessFilter - token is OK!
2023-03-12 20:37:48.584 [gateway-server,984d2b1151f847de,984d2b1151f847de] [reactor-http-nio-2] INFO  com.example.filter.AccessFilter - token is OK!
2023-03-12 20:37:55.038 [gateway-server,361876a5d56c4e3f,361876a5d56c4e3f] [reactor-http-nio-2] INFO  com.example.filter.AccessFilter - token is OK!
2023-03-12 20:39:01.372 [gateway-server,53a1d64a024b22c6,53a1d64a024b22c6] [reactor-http-nio-4] INFO  com.example.filter.AccessFilter - token is OK!
2023-03-12 20:39:33.915 [gateway-server,,] [AsyncResolver-bootstrap-executor-0] INFO  c.n.d.shared.resolver.aws.ConfigClusterResolver - Resolving eureka endpoints via configuration
2023-03-12 20:39:53.154 [gateway-server,c2fea10abf1994d6,c2fea10abf1994d6] [reactor-http-nio-4] INFO  com.example.filter.AccessFilter - token is OK!
2023-03-12 20:44:33.923 [gateway-server,,] [AsyncResolver-bootstrap-executor-0] INFO  c.n.d.shared.resolver.aws.ConfigClusterResolver - Resolving eureka endpoints via configuration
2023-03-12 20:49:33.953 [gateway-server,,] [AsyncResolver-bootstrap-executor-0] INFO  c.n.d.shared.resolver.aws.ConfigClusterResolver - Resolving eureka endpoints via configuration
2023-03-12 20:54:33.987 [gateway-server,,] [AsyncResolver-bootstrap-executor-0] INFO  c.n.d.shared.resolver.aws.ConfigClusterResolver - Resolving eureka endpoints via configuration
2023-03-12 20:59:34.023 [gateway-server,,] [AsyncResolver-bootstrap-executor-0] INFO  c.n.d.shared.resolver.aws.ConfigClusterResolver - Resolving eureka endpoints via configuration
2023-03-12 21:04:34.055 [gateway-server,,] [AsyncResolver-bootstrap-executor-0] INFO  c.n.d.shared.resolver.aws.ConfigClusterResolver - Resolving eureka endpoints via configuration
2023-03-12 21:07:44.357 [gateway-server,719f86bb19c3756a,719f86bb19c3756a] [reactor-http-nio-7] INFO  com.example.filter.AccessFilter - token is OK!
2023-03-12 21:09:34.084 [gateway-server,,] [AsyncResolver-bootstrap-executor-0] INFO  c.n.d.shared.resolver.aws.ConfigClusterResolver - Resolving eureka endpoints via configuration
2023-03-12 21:14:34.114 [gateway-server,,] [AsyncResolver-bootstrap-executor-0] INFO  c.n.d.shared.resolver.aws.ConfigClusterResolver - Resolving eureka endpoints via configuration
2023-03-12 21:14:47.799 [gateway-server,3e10d157ff4edb6b,3e10d157ff4edb6b] [reactor-http-nio-9] INFO  com.example.filter.AccessFilter - token is OK!
2023-03-12 21:15:13.669 [gateway-server,203fada2125f3f1c,203fada2125f3f1c] [reactor-http-nio-10] INFO  com.example.filter.AccessFilter - token is OK!
2023-03-12 21:19:34.134 [gateway-server,,] [AsyncResolver-bootstrap-executor-0] INFO  c.n.d.shared.resolver.aws.ConfigClusterResolver - Resolving eureka endpoints via configuration
2023-03-12 21:24:34.154 [gateway-server,,] [AsyncResolver-bootstrap-executor-0] INFO  c.n.d.shared.resolver.aws.ConfigClusterResolver - Resolving eureka endpoints via configuration
2023-03-12 21:29:34.177 [gateway-server,,] [AsyncResolver-bootstrap-executor-0] INFO  c.n.d.shared.resolver.aws.ConfigClusterResolver - Resolving eureka endpoints via configuration
2023-03-12 21:34:34.200 [gateway-server,,] [AsyncResolver-bootstrap-executor-0] INFO  c.n.d.shared.resolver.aws.ConfigClusterResolver - Resolving eureka endpoints via configuration
2023-03-12 21:39:34.212 [gateway-server,,] [AsyncResolver-bootstrap-executor-0] INFO  c.n.d.shared.resolver.aws.ConfigClusterResolver - Resolving eureka endpoints via configuration
2023-03-12 21:44:34.234 [gateway-server,,] [AsyncResolver-bootstrap-executor-0] INFO  c.n.d.shared.resolver.aws.ConfigClusterResolver - Resolving eureka endpoints via configuration
2023-03-12 21:49:34.254 [gateway-server,,] [AsyncResolver-bootstrap-executor-0] INFO  c.n.d.shared.resolver.aws.ConfigClusterResolver - Resolving eureka endpoints via configuration
2023-03-12 21:54:34.272 [gateway-server,,] [AsyncResolver-bootstrap-executor-0] INFO  c.n.d.shared.resolver.aws.ConfigClusterResolver - Resolving eureka endpoints via configuration
2023-03-12 21:59:34.281 [gateway-server,,] [AsyncResolver-bootstrap-executor-0] INFO  c.n.d.shared.resolver.aws.ConfigClusterResolver - Resolving eureka endpoints via configuration
2023-03-12 22:04:34.290 [gateway-server,,] [AsyncResolver-bootstrap-executor-0] INFO  c.n.d.shared.resolver.aws.ConfigClusterResolver - Resolving eureka endpoints via configuration
2023-03-12 22:09:34.304 [gateway-server,,] [AsyncResolver-bootstrap-executor-0] INFO  c.n.d.shared.resolver.aws.ConfigClusterResolver - Resolving eureka endpoints via configuration
2023-03-12 22:14:34.319 [gateway-server,,] [AsyncResolver-bootstrap-executor-0] INFO  c.n.d.shared.resolver.aws.ConfigClusterResolver - Resolving eureka endpoints via configuration
2023-03-12 22:19:34.337 [gateway-server,,] [AsyncResolver-bootstrap-executor-0] INFO  c.n.d.shared.resolver.aws.ConfigClusterResolver - Resolving eureka endpoints via configuration
2023-03-12 22:23:37.322 [gateway-server,,] [Thread-14] INFO  com.netflix.loadbalancer.PollingServerListUpdater - Shutting down the Executor Pool for PollingServerListUpdater
2023-03-12 22:23:37.329 [gateway-server,,] [SpringContextShutdownHook] INFO  o.s.c.n.e.serviceregistry.EurekaServiceRegistry - Unregistering application GATEWAY-SERVER with eureka with status DOWN
2023-03-12 22:23:37.330 [gateway-server,,] [DiscoveryClient-InstanceInfoReplicator-0] INFO  com.netflix.discovery.DiscoveryClient - DiscoveryClient_GATEWAY-SERVER/192.168.126.1:9000: registering service...
2023-03-12 22:23:37.359 [gateway-server,,] [DiscoveryClient-InstanceInfoReplicator-0] INFO  com.netflix.discovery.DiscoveryClient - DiscoveryClient_GATEWAY-SERVER/192.168.126.1:9000 - registration status: 204
2023-03-12 22:23:37.951 [gateway-server,,] [SpringContextShutdownHook] INFO  com.netflix.util.concurrent.ShutdownEnabledTimer - Shutdown hook removed for: NFLoadBalancer-PingTimer-ORDER-SERVICE
2023-03-12 22:23:37.951 [gateway-server,,] [SpringContextShutdownHook] INFO  com.netflix.util.concurrent.ShutdownEnabledTimer - Exception caught (might be ok if at shutdown)
java.lang.IllegalStateException: Shutdown in progress
	at java.base/java.lang.ApplicationShutdownHooks.remove(ApplicationShutdownHooks.java:82)
	at java.base/java.lang.Runtime.removeShutdownHook(Runtime.java:241)
	at com.netflix.util.concurrent.ShutdownEnabledTimer.cancel(ShutdownEnabledTimer.java:70)
	at com.netflix.loadbalancer.BaseLoadBalancer.cancelPingTask(BaseLoadBalancer.java:632)
	at com.netflix.loadbalancer.BaseLoadBalancer.shutdown(BaseLoadBalancer.java:883)
	at com.netflix.loadbalancer.DynamicServerListLoadBalancer.shutdown(DynamicServerListLoadBalancer.java:285)
	at java.base/jdk.internal.reflect.NativeMethodAccessorImpl.invoke0(Native Method)
	at java.base/jdk.internal.reflect.NativeMethodAccessorImpl.invoke(NativeMethodAccessorImpl.java:62)
	at java.base/jdk.internal.reflect.DelegatingMethodAccessorImpl.invoke(DelegatingMethodAccessorImpl.java:43)
	at java.base/java.lang.reflect.Method.invoke(Method.java:566)
	at org.springframework.beans.factory.support.DisposableBeanAdapter.invokeCustomDestroyMethod(DisposableBeanAdapter.java:339)
	at org.springframework.beans.factory.support.DisposableBeanAdapter.destroy(DisposableBeanAdapter.java:273)
	at org.springframework.beans.factory.support.DefaultSingletonBeanRegistry.destroyBean(DefaultSingletonBeanRegistry.java:571)
	at org.springframework.beans.factory.support.DefaultSingletonBeanRegistry.destroySingleton(DefaultSingletonBeanRegistry.java:543)
	at org.springframework.beans.factory.support.DefaultListableBeanFactory.destroySingleton(DefaultListableBeanFactory.java:1072)
	at org.springframework.beans.factory.support.DefaultSingletonBeanRegistry.destroySingletons(DefaultSingletonBeanRegistry.java:504)
	at org.springframework.beans.factory.support.DefaultListableBeanFactory.destroySingletons(DefaultListableBeanFactory.java:1065)
	at org.springframework.context.support.AbstractApplicationContext.destroyBeans(AbstractApplicationContext.java:1060)
	at org.springframework.context.support.AbstractApplicationContext.doClose(AbstractApplicationContext.java:1029)
	at org.springframework.context.support.AbstractApplicationContext.close(AbstractApplicationContext.java:978)
	at org.springframework.cloud.context.named.NamedContextFactory.destroy(NamedContextFactory.java:92)
	at org.springframework.beans.factory.support.DisposableBeanAdapter.destroy(DisposableBeanAdapter.java:258)
	at org.springframework.beans.factory.support.DefaultSingletonBeanRegistry.destroyBean(DefaultSingletonBeanRegistry.java:571)
	at org.springframework.beans.factory.support.DefaultSingletonBeanRegistry.destroySingleton(DefaultSingletonBeanRegistry.java:543)
	at org.springframework.beans.factory.support.DefaultListableBeanFactory.destroySingleton(DefaultListableBeanFactory.java:1072)
	at org.springframework.beans.factory.support.DefaultSingletonBeanRegistry.destroySingletons(DefaultSingletonBeanRegistry.java:504)
	at org.springframework.beans.factory.support.DefaultListableBeanFactory.destroySingletons(DefaultListableBeanFactory.java:1065)
	at org.springframework.context.support.AbstractApplicationContext.destroyBeans(AbstractApplicationContext.java:1060)
	at org.springframework.context.support.AbstractApplicationContext.doClose(AbstractApplicationContext.java:1029)
	at org.springframework.context.support.AbstractApplicationContext$1.run(AbstractApplicationContext.java:948)
2023-03-12 22:23:37.956 [gateway-server,,] [SpringContextShutdownHook] INFO  com.netflix.util.concurrent.ShutdownEnabledTimer - Shutdown hook removed for: NFLoadBalancer-PingTimer-PRODUCT-SERVICE
2023-03-12 22:23:37.956 [gateway-server,,] [SpringContextShutdownHook] INFO  com.netflix.util.concurrent.ShutdownEnabledTimer - Exception caught (might be ok if at shutdown)
java.lang.IllegalStateException: Shutdown in progress
	at java.base/java.lang.ApplicationShutdownHooks.remove(ApplicationShutdownHooks.java:82)
	at java.base/java.lang.Runtime.removeShutdownHook(Runtime.java:241)
	at com.netflix.util.concurrent.ShutdownEnabledTimer.cancel(ShutdownEnabledTimer.java:70)
	at com.netflix.loadbalancer.BaseLoadBalancer.cancelPingTask(BaseLoadBalancer.java:632)
	at com.netflix.loadbalancer.BaseLoadBalancer.shutdown(BaseLoadBalancer.java:883)
	at com.netflix.loadbalancer.DynamicServerListLoadBalancer.shutdown(DynamicServerListLoadBalancer.java:285)
	at java.base/jdk.internal.reflect.NativeMethodAccessorImpl.invoke0(Native Method)
	at java.base/jdk.internal.reflect.NativeMethodAccessorImpl.invoke(NativeMethodAccessorImpl.java:62)
	at java.base/jdk.internal.reflect.DelegatingMethodAccessorImpl.invoke(DelegatingMethodAccessorImpl.java:43)
	at java.base/java.lang.reflect.Method.invoke(Method.java:566)
	at org.springframework.beans.factory.support.DisposableBeanAdapter.invokeCustomDestroyMethod(DisposableBeanAdapter.java:339)
	at org.springframework.beans.factory.support.DisposableBeanAdapter.destroy(DisposableBeanAdapter.java:273)
	at org.springframework.beans.factory.support.DefaultSingletonBeanRegistry.destroyBean(DefaultSingletonBeanRegistry.java:571)
	at org.springframework.beans.factory.support.DefaultSingletonBeanRegistry.destroySingleton(DefaultSingletonBeanRegistry.java:543)
	at org.springframework.beans.factory.support.DefaultListableBeanFactory.destroySingleton(DefaultListableBeanFactory.java:1072)
	at org.springframework.beans.factory.support.DefaultSingletonBeanRegistry.destroySingletons(DefaultSingletonBeanRegistry.java:504)
	at org.springframework.beans.factory.support.DefaultListableBeanFactory.destroySingletons(DefaultListableBeanFactory.java:1065)
	at org.springframework.context.support.AbstractApplicationContext.destroyBeans(AbstractApplicationContext.java:1060)
	at org.springframework.context.support.AbstractApplicationContext.doClose(AbstractApplicationContext.java:1029)
	at org.springframework.context.support.AbstractApplicationContext.close(AbstractApplicationContext.java:978)
	at org.springframework.cloud.context.named.NamedContextFactory.destroy(NamedContextFactory.java:92)
	at org.springframework.beans.factory.support.DisposableBeanAdapter.destroy(DisposableBeanAdapter.java:258)
	at org.springframework.beans.factory.support.DefaultSingletonBeanRegistry.destroyBean(DefaultSingletonBeanRegistry.java:571)
	at org.springframework.beans.factory.support.DefaultSingletonBeanRegistry.destroySingleton(DefaultSingletonBeanRegistry.java:543)
	at org.springframework.beans.factory.support.DefaultListableBeanFactory.destroySingleton(DefaultListableBeanFactory.java:1072)
	at org.springframework.beans.factory.support.DefaultSingletonBeanRegistry.destroySingletons(DefaultSingletonBeanRegistry.java:504)
	at org.springframework.beans.factory.support.DefaultListableBeanFactory.destroySingletons(DefaultListableBeanFactory.java:1065)
	at org.springframework.context.support.AbstractApplicationContext.destroyBeans(AbstractApplicationContext.java:1060)
	at org.springframework.context.support.AbstractApplicationContext.doClose(AbstractApplicationContext.java:1029)
	at org.springframework.context.support.AbstractApplicationContext$1.run(AbstractApplicationContext.java:948)
2023-03-12 22:23:39.999 [gateway-server,,] [SpringContextShutdownHook] INFO  com.netflix.discovery.DiscoveryClient - Shutting down DiscoveryClient ...
2023-03-12 22:23:43.010 [gateway-server,,] [SpringContextShutdownHook] INFO  com.netflix.discovery.DiscoveryClient - Unregistering ...
2023-03-12 22:23:43.092 [gateway-server,,] [SpringContextShutdownHook] INFO  com.netflix.discovery.DiscoveryClient - Completed shut down of DiscoveryClient
