2023-03-12 16:35:10.241 [order-service,,] [main] INFO  com.example.OrderServiceApplication - No active profile set, falling back to default profiles: default
2023-03-12 16:35:10.679 [order-service,,] [main] INFO  o.s.d.r.config.RepositoryConfigurationDelegate - Multiple Spring Data modules found, entering strict repository configuration mode!
2023-03-12 16:35:10.680 [order-service,,] [main] INFO  o.s.d.r.config.RepositoryConfigurationDelegate - Bootstrapping Spring Data Redis repositories in DEFAULT mode.
2023-03-12 16:35:10.702 [order-service,,] [main] INFO  o.s.d.r.config.RepositoryConfigurationDelegate - Finished Spring Data repository scanning in 6ms. Found 0 Redis repository interfaces.
2023-03-12 16:35:10.966 [order-service,,] [main] INFO  o.springframework.cloud.context.scope.GenericScope - BeanFactory id=447858cf-8636-3225-a63e-cd53bed8cad1
2023-03-12 16:35:11.155 [order-service,,] [main] INFO  o.s.c.s.PostProcessorRegistrationDelegate$BeanPostProcessorChecker - Bean 'org.springframework.transaction.annotation.ProxyTransactionManagementConfiguration' of type [org.springframework.transaction.annotation.ProxyTransactionManagementConfiguration] is not eligible for getting processed by all BeanPostProcessors (for example: not eligible for auto-proxying)
2023-03-12 16:35:11.209 [order-service,,] [main] INFO  o.s.c.s.PostProcessorRegistrationDelegate$BeanPostProcessorChecker - Bean 'spring.sleuth.redis-org.springframework.cloud.sleuth.instrument.redis.TraceRedisProperties' of type [org.springframework.cloud.sleuth.instrument.redis.TraceRedisProperties] is not eligible for getting processed by all BeanPostProcessors (for example: not eligible for auto-proxying)
2023-03-12 16:35:11.424 [order-service,,] [main] INFO  o.s.boot.web.embedded.tomcat.TomcatWebServer - Tomcat initialized with port(s): 9090 (http)
2023-03-12 16:35:11.430 [order-service,,] [main] INFO  org.apache.coyote.http11.Http11NioProtocol - Initializing ProtocolHandler ["http-nio-9090"]
2023-03-12 16:35:11.430 [order-service,,] [main] INFO  org.apache.catalina.core.StandardService - Starting service [Tomcat]
2023-03-12 16:35:11.431 [order-service,,] [main] INFO  org.apache.catalina.core.StandardEngine - Starting Servlet engine: [Apache Tomcat/9.0.30]
2023-03-12 16:35:11.584 [order-service,,] [main] INFO  o.a.c.core.ContainerBase.[Tomcat].[localhost].[/] - Initializing Spring embedded WebApplicationContext
2023-03-12 16:35:11.584 [order-service,,] [main] INFO  org.springframework.web.context.ContextLoader - Root WebApplicationContext: initialization completed in 1331 ms
2023-03-12 16:35:13.464 [order-service,,] [main] INFO  com.netflix.config.sources.URLConfigurationSource - To enable URLs as dynamic configuration sources, define System property archaius.configurationSource.additionalUrls or make config.properties available on classpath.
2023-03-12 16:35:13.467 [order-service,,] [main] INFO  com.netflix.config.sources.URLConfigurationSource - To enable URLs as dynamic configuration sources, define System property archaius.configurationSource.additionalUrls or make config.properties available on classpath.
2023-03-12 16:35:13.654 [order-service,,] [main] INFO  o.s.scheduling.concurrent.ThreadPoolTaskExecutor - Initializing ExecutorService 'applicationTaskExecutor'
2023-03-12 16:35:17.113 [order-service,,] [main] INFO  o.s.cloud.netflix.eureka.InstanceInfoFactory - Setting initial instance status as: STARTING
2023-03-12 16:35:17.149 [order-service,,] [main] INFO  com.netflix.discovery.DiscoveryClient - Initializing Eureka in region us-east-1
2023-03-12 16:35:17.298 [order-service,,] [main] INFO  c.n.discovery.provider.DiscoveryJerseyProvider - Using JSON encoding codec LegacyJacksonJson
2023-03-12 16:35:17.298 [order-service,,] [main] INFO  c.n.discovery.provider.DiscoveryJerseyProvider - Using JSON decoding codec LegacyJacksonJson
2023-03-12 16:35:17.403 [order-service,,] [main] INFO  c.n.discovery.provider.DiscoveryJerseyProvider - Using XML encoding codec XStreamXml
2023-03-12 16:35:17.403 [order-service,,] [main] INFO  c.n.discovery.provider.DiscoveryJerseyProvider - Using XML decoding codec XStreamXml
2023-03-12 16:35:17.482 [order-service,,] [main] INFO  c.n.d.shared.resolver.aws.ConfigClusterResolver - Resolving eureka endpoints via configuration
2023-03-12 16:35:17.848 [order-service,,] [main] INFO  com.netflix.discovery.DiscoveryClient - Disable delta property : false
2023-03-12 16:35:17.848 [order-service,,] [main] INFO  com.netflix.discovery.DiscoveryClient - Single vip registry refresh property : null
2023-03-12 16:35:17.848 [order-service,,] [main] INFO  com.netflix.discovery.DiscoveryClient - Force full registry fetch : false
2023-03-12 16:35:17.848 [order-service,,] [main] INFO  com.netflix.discovery.DiscoveryClient - Application is null : false
2023-03-12 16:35:17.848 [order-service,,] [main] INFO  com.netflix.discovery.DiscoveryClient - Registered Applications size is zero : true
2023-03-12 16:35:17.848 [order-service,,] [main] INFO  com.netflix.discovery.DiscoveryClient - Application version is -1: true
2023-03-12 16:35:17.848 [order-service,,] [main] INFO  com.netflix.discovery.DiscoveryClient - Getting all instance registry info from the eureka server
2023-03-12 16:35:18.011 [order-service,,] [main] INFO  com.netflix.discovery.DiscoveryClient - The response status is 200
2023-03-12 16:35:18.013 [order-service,,] [main] INFO  com.netflix.discovery.DiscoveryClient - Starting heartbeat executor: renew interval is: 30
2023-03-12 16:35:18.014 [order-service,,] [main] INFO  com.netflix.discovery.InstanceInfoReplicator - InstanceInfoReplicator onDemand update allowed rate per min is 4
2023-03-12 16:35:18.016 [order-service,,] [main] INFO  com.netflix.discovery.DiscoveryClient - Discovery Client initialized at timestamp 1678610118015 with initial instances count: 3
2023-03-12 16:35:18.022 [order-service,,] [main] INFO  o.s.c.n.e.serviceregistry.EurekaServiceRegistry - Registering application ORDER-SERVICE with eureka with status UP
2023-03-12 16:35:18.023 [order-service,,] [main] INFO  com.netflix.discovery.DiscoveryClient - Saw local status change event StatusChangeEvent [timestamp=1678610118023, current=UP, previous=STARTING]
2023-03-12 16:35:18.025 [order-service,,] [DiscoveryClient-InstanceInfoReplicator-0] INFO  com.netflix.discovery.DiscoveryClient - DiscoveryClient_ORDER-SERVICE/192.168.126.1:9090: registering service...
2023-03-12 16:35:18.045 [order-service,,] [main] INFO  org.apache.coyote.http11.Http11NioProtocol - Starting ProtocolHandler ["http-nio-9090"]
2023-03-12 16:35:18.065 [order-service,,] [main] INFO  o.s.boot.web.embedded.tomcat.TomcatWebServer - Tomcat started on port(s): 9090 (http) with context path ''
2023-03-12 16:35:18.066 [order-service,,] [main] INFO  o.s.c.n.e.s.EurekaAutoServiceRegistration - Updating port to 9090
2023-03-12 16:35:18.068 [order-service,,] [DiscoveryClient-InstanceInfoReplicator-0] INFO  com.netflix.discovery.DiscoveryClient - DiscoveryClient_ORDER-SERVICE/192.168.126.1:9090 - registration status: 204
2023-03-12 16:35:18.656 [order-service,,] [main] INFO  com.example.OrderServiceApplication - Started OrderServiceApplication in 12.519 seconds (JVM running for 14.094)
2023-03-12 16:40:17.859 [order-service,,] [AsyncResolver-bootstrap-executor-0] INFO  c.n.d.shared.resolver.aws.ConfigClusterResolver - Resolving eureka endpoints via configuration
2023-03-12 16:45:17.867 [order-service,,] [AsyncResolver-bootstrap-executor-0] INFO  c.n.d.shared.resolver.aws.ConfigClusterResolver - Resolving eureka endpoints via configuration
2023-03-12 16:50:17.883 [order-service,,] [AsyncResolver-bootstrap-executor-0] INFO  c.n.d.shared.resolver.aws.ConfigClusterResolver - Resolving eureka endpoints via configuration
2023-03-12 16:55:17.886 [order-service,,] [AsyncResolver-bootstrap-executor-0] INFO  c.n.d.shared.resolver.aws.ConfigClusterResolver - Resolving eureka endpoints via configuration
2023-03-12 17:00:17.892 [order-service,,] [AsyncResolver-bootstrap-executor-0] INFO  c.n.d.shared.resolver.aws.ConfigClusterResolver - Resolving eureka endpoints via configuration
2023-03-12 17:05:17.898 [order-service,,] [AsyncResolver-bootstrap-executor-0] INFO  c.n.d.shared.resolver.aws.ConfigClusterResolver - Resolving eureka endpoints via configuration
2023-03-12 17:10:17.902 [order-service,,] [AsyncResolver-bootstrap-executor-0] INFO  c.n.d.shared.resolver.aws.ConfigClusterResolver - Resolving eureka endpoints via configuration
2023-03-12 17:15:17.903 [order-service,,] [AsyncResolver-bootstrap-executor-0] INFO  c.n.d.shared.resolver.aws.ConfigClusterResolver - Resolving eureka endpoints via configuration
2023-03-12 17:20:17.916 [order-service,,] [AsyncResolver-bootstrap-executor-0] INFO  c.n.d.shared.resolver.aws.ConfigClusterResolver - Resolving eureka endpoints via configuration
2023-03-12 17:25:17.923 [order-service,,] [AsyncResolver-bootstrap-executor-0] INFO  c.n.d.shared.resolver.aws.ConfigClusterResolver - Resolving eureka endpoints via configuration
2023-03-12 17:30:17.926 [order-service,,] [AsyncResolver-bootstrap-executor-0] INFO  c.n.d.shared.resolver.aws.ConfigClusterResolver - Resolving eureka endpoints via configuration
2023-03-12 17:35:17.935 [order-service,,] [AsyncResolver-bootstrap-executor-0] INFO  c.n.d.shared.resolver.aws.ConfigClusterResolver - Resolving eureka endpoints via configuration
2023-03-12 17:40:17.940 [order-service,,] [AsyncResolver-bootstrap-executor-0] INFO  c.n.d.shared.resolver.aws.ConfigClusterResolver - Resolving eureka endpoints via configuration
2023-03-12 17:45:17.954 [order-service,,] [AsyncResolver-bootstrap-executor-0] INFO  c.n.d.shared.resolver.aws.ConfigClusterResolver - Resolving eureka endpoints via configuration
2023-03-12 17:50:17.970 [order-service,,] [AsyncResolver-bootstrap-executor-0] INFO  c.n.d.shared.resolver.aws.ConfigClusterResolver - Resolving eureka endpoints via configuration
2023-03-12 17:55:17.978 [order-service,,] [AsyncResolver-bootstrap-executor-0] INFO  c.n.d.shared.resolver.aws.ConfigClusterResolver - Resolving eureka endpoints via configuration
2023-03-12 18:00:17.990 [order-service,,] [AsyncResolver-bootstrap-executor-0] INFO  c.n.d.shared.resolver.aws.ConfigClusterResolver - Resolving eureka endpoints via configuration
2023-03-12 18:05:17.999 [order-service,,] [AsyncResolver-bootstrap-executor-0] INFO  c.n.d.shared.resolver.aws.ConfigClusterResolver - Resolving eureka endpoints via configuration
2023-03-12 18:10:18.011 [order-service,,] [AsyncResolver-bootstrap-executor-0] INFO  c.n.d.shared.resolver.aws.ConfigClusterResolver - Resolving eureka endpoints via configuration
2023-03-12 18:30:18.431 [order-service,,] [main] INFO  o.s.c.c.client.ConfigServicePropertySourceLocator - Fetching config from server at : http://localhost:8888
2023-03-12 18:30:20.107 [order-service,,] [main] INFO  o.s.c.c.client.ConfigServicePropertySourceLocator - Located environment: name=order-service, profiles=[default], label=null, version=304bf617e1f55576edcfac250b443fb17ea7720e, state=null
2023-03-12 18:30:20.108 [order-service,,] [main] INFO  o.s.c.b.c.PropertySourceBootstrapConfiguration - Located property source: [BootstrapPropertySource@333085360 {name='bootstrapProperties-configClient', properties={config.client.version=304bf617e1f55576edcfac250b443fb17ea7720e}}]
2023-03-12 18:30:20.490 [order-service,,] [main] INFO  com.example.OrderServiceApplication - No active profile set, falling back to default profiles: default
2023-03-12 18:30:20.956 [order-service,,] [main] INFO  o.s.d.r.config.RepositoryConfigurationDelegate - Multiple Spring Data modules found, entering strict repository configuration mode!
2023-03-12 18:30:20.957 [order-service,,] [main] INFO  o.s.d.r.config.RepositoryConfigurationDelegate - Bootstrapping Spring Data Redis repositories in DEFAULT mode.
2023-03-12 18:30:20.975 [order-service,,] [main] INFO  o.s.d.r.config.RepositoryConfigurationDelegate - Finished Spring Data repository scanning in 5ms. Found 0 Redis repository interfaces.
2023-03-12 18:30:21.262 [order-service,,] [main] INFO  o.springframework.cloud.context.scope.GenericScope - BeanFactory id=efdfb69e-9ff8-335c-b283-af2c4c1bceba
2023-03-12 18:30:21.474 [order-service,,] [main] INFO  o.s.c.s.PostProcessorRegistrationDelegate$BeanPostProcessorChecker - Bean 'org.springframework.transaction.annotation.ProxyTransactionManagementConfiguration' of type [org.springframework.transaction.annotation.ProxyTransactionManagementConfiguration] is not eligible for getting processed by all BeanPostProcessors (for example: not eligible for auto-proxying)
2023-03-12 18:30:21.538 [order-service,,] [main] INFO  o.s.c.s.PostProcessorRegistrationDelegate$BeanPostProcessorChecker - Bean 'spring.sleuth.redis-org.springframework.cloud.sleuth.instrument.redis.TraceRedisProperties' of type [org.springframework.cloud.sleuth.instrument.redis.TraceRedisProperties] is not eligible for getting processed by all BeanPostProcessors (for example: not eligible for auto-proxying)
2023-03-12 18:30:21.753 [order-service,,] [main] INFO  o.s.boot.web.embedded.tomcat.TomcatWebServer - Tomcat initialized with port(s): 9090 (http)
2023-03-12 18:30:21.761 [order-service,,] [main] INFO  org.apache.coyote.http11.Http11NioProtocol - Initializing ProtocolHandler ["http-nio-9090"]
2023-03-12 18:30:21.762 [order-service,,] [main] INFO  org.apache.catalina.core.StandardService - Starting service [Tomcat]
2023-03-12 18:30:21.762 [order-service,,] [main] INFO  org.apache.catalina.core.StandardEngine - Starting Servlet engine: [Apache Tomcat/9.0.30]
2023-03-12 18:30:21.916 [order-service,,] [main] INFO  o.a.c.core.ContainerBase.[Tomcat].[localhost].[/] - Initializing Spring embedded WebApplicationContext
2023-03-12 18:30:21.916 [order-service,,] [main] INFO  org.springframework.web.context.ContextLoader - Root WebApplicationContext: initialization completed in 1413 ms
2023-03-12 18:30:23.880 [order-service,,] [main] INFO  com.netflix.config.sources.URLConfigurationSource - To enable URLs as dynamic configuration sources, define System property archaius.configurationSource.additionalUrls or make config.properties available on classpath.
2023-03-12 18:30:23.885 [order-service,,] [main] INFO  com.netflix.config.sources.URLConfigurationSource - To enable URLs as dynamic configuration sources, define System property archaius.configurationSource.additionalUrls or make config.properties available on classpath.
2023-03-12 18:30:24.075 [order-service,,] [main] INFO  o.s.scheduling.concurrent.ThreadPoolTaskExecutor - Initializing ExecutorService 'applicationTaskExecutor'
2023-03-12 18:30:27.512 [order-service,,] [main] INFO  o.s.cloud.netflix.eureka.InstanceInfoFactory - Setting initial instance status as: STARTING
2023-03-12 18:30:27.540 [order-service,,] [main] INFO  com.netflix.discovery.DiscoveryClient - Initializing Eureka in region us-east-1
2023-03-12 18:30:27.651 [order-service,,] [main] INFO  c.n.discovery.provider.DiscoveryJerseyProvider - Using JSON encoding codec LegacyJacksonJson
2023-03-12 18:30:27.651 [order-service,,] [main] INFO  c.n.discovery.provider.DiscoveryJerseyProvider - Using JSON decoding codec LegacyJacksonJson
2023-03-12 18:30:27.750 [order-service,,] [main] INFO  c.n.discovery.provider.DiscoveryJerseyProvider - Using XML encoding codec XStreamXml
2023-03-12 18:30:27.750 [order-service,,] [main] INFO  c.n.discovery.provider.DiscoveryJerseyProvider - Using XML decoding codec XStreamXml
2023-03-12 18:30:27.828 [order-service,,] [main] INFO  c.n.d.shared.resolver.aws.ConfigClusterResolver - Resolving eureka endpoints via configuration
2023-03-12 18:30:28.203 [order-service,,] [main] INFO  com.netflix.discovery.DiscoveryClient - Disable delta property : false
2023-03-12 18:30:28.204 [order-service,,] [main] INFO  com.netflix.discovery.DiscoveryClient - Single vip registry refresh property : null
2023-03-12 18:30:28.204 [order-service,,] [main] INFO  com.netflix.discovery.DiscoveryClient - Force full registry fetch : false
2023-03-12 18:30:28.204 [order-service,,] [main] INFO  com.netflix.discovery.DiscoveryClient - Application is null : false
2023-03-12 18:30:28.204 [order-service,,] [main] INFO  com.netflix.discovery.DiscoveryClient - Registered Applications size is zero : true
2023-03-12 18:30:28.204 [order-service,,] [main] INFO  com.netflix.discovery.DiscoveryClient - Application version is -1: true
2023-03-12 18:30:28.204 [order-service,,] [main] INFO  com.netflix.discovery.DiscoveryClient - Getting all instance registry info from the eureka server
2023-03-12 18:30:28.344 [order-service,,] [main] INFO  com.netflix.discovery.DiscoveryClient - The response status is 200
2023-03-12 18:30:28.347 [order-service,,] [main] INFO  com.netflix.discovery.DiscoveryClient - Starting heartbeat executor: renew interval is: 30
2023-03-12 18:30:28.348 [order-service,,] [main] INFO  com.netflix.discovery.InstanceInfoReplicator - InstanceInfoReplicator onDemand update allowed rate per min is 4
2023-03-12 18:30:28.350 [order-service,,] [main] INFO  com.netflix.discovery.DiscoveryClient - Discovery Client initialized at timestamp 1678617028350 with initial instances count: 3
2023-03-12 18:30:28.355 [order-service,,] [main] INFO  o.s.c.n.e.serviceregistry.EurekaServiceRegistry - Registering application ORDER-SERVICE with eureka with status UP
2023-03-12 18:30:28.355 [order-service,,] [main] INFO  com.netflix.discovery.DiscoveryClient - Saw local status change event StatusChangeEvent [timestamp=1678617028355, current=UP, previous=STARTING]
2023-03-12 18:30:28.358 [order-service,,] [DiscoveryClient-InstanceInfoReplicator-0] INFO  com.netflix.discovery.DiscoveryClient - DiscoveryClient_ORDER-SERVICE/192.168.126.1:9090: registering service...
2023-03-12 18:30:28.375 [order-service,,] [main] INFO  org.apache.coyote.http11.Http11NioProtocol - Starting ProtocolHandler ["http-nio-9090"]
2023-03-12 18:30:28.395 [order-service,,] [main] INFO  o.s.boot.web.embedded.tomcat.TomcatWebServer - Tomcat started on port(s): 9090 (http) with context path ''
2023-03-12 18:30:28.396 [order-service,,] [main] INFO  o.s.c.n.e.s.EurekaAutoServiceRegistration - Updating port to 9090
2023-03-12 18:30:28.400 [order-service,,] [DiscoveryClient-InstanceInfoReplicator-0] INFO  com.netflix.discovery.DiscoveryClient - DiscoveryClient_ORDER-SERVICE/192.168.126.1:9090 - registration status: 204
2023-03-12 18:30:28.957 [order-service,,] [main] INFO  com.example.OrderServiceApplication - Started OrderServiceApplication in 14.645 seconds (JVM running for 15.969)
2023-03-12 18:32:19.840 [order-service,,] [SpringContextShutdownHook] INFO  o.s.c.n.e.serviceregistry.EurekaServiceRegistry - Unregistering application ORDER-SERVICE with eureka with status DOWN
2023-03-12 18:32:19.841 [order-service,,] [DiscoveryClient-InstanceInfoReplicator-0] INFO  com.netflix.discovery.DiscoveryClient - DiscoveryClient_ORDER-SERVICE/192.168.126.1:9090: registering service...
2023-03-12 18:32:19.854 [order-service,,] [DiscoveryClient-InstanceInfoReplicator-0] INFO  com.netflix.discovery.DiscoveryClient - DiscoveryClient_ORDER-SERVICE/192.168.126.1:9090 - registration status: 204
2023-03-12 18:32:19.860 [order-service,,] [SpringContextShutdownHook] INFO  o.s.scheduling.concurrent.ThreadPoolTaskExecutor - Shutting down ExecutorService 'applicationTaskExecutor'
2023-03-12 18:32:20.793 [order-service,,] [SpringContextShutdownHook] INFO  com.netflix.discovery.DiscoveryClient - Shutting down DiscoveryClient ...
2023-03-12 18:32:23.805 [order-service,,] [SpringContextShutdownHook] INFO  com.netflix.discovery.DiscoveryClient - Unregistering ...
2023-03-12 18:32:23.824 [order-service,,] [SpringContextShutdownHook] INFO  com.netflix.discovery.DiscoveryClient - DiscoveryClient_ORDER-SERVICE/192.168.126.1:9090 - deregister  status: 200
2023-03-12 18:32:23.830 [order-service,,] [SpringContextShutdownHook] INFO  com.netflix.discovery.DiscoveryClient - Completed shut down of DiscoveryClient
2023-03-12 18:41:08.241 [localhost,,] [main] INFO  o.s.cloud.netflix.eureka.InstanceInfoFactory - Setting initial instance status as: STARTING
2023-03-12 18:41:08.267 [localhost,,] [main] INFO  com.netflix.discovery.DiscoveryClient - Initializing Eureka in region us-east-1
2023-03-12 18:41:08.365 [localhost,,] [main] INFO  c.n.discovery.provider.DiscoveryJerseyProvider - Using JSON encoding codec LegacyJacksonJson
2023-03-12 18:41:08.365 [localhost,,] [main] INFO  c.n.discovery.provider.DiscoveryJerseyProvider - Using JSON decoding codec LegacyJacksonJson
2023-03-12 18:41:08.450 [localhost,,] [main] INFO  c.n.discovery.provider.DiscoveryJerseyProvider - Using XML encoding codec XStreamXml
2023-03-12 18:41:08.451 [localhost,,] [main] INFO  c.n.discovery.provider.DiscoveryJerseyProvider - Using XML decoding codec XStreamXml
2023-03-12 18:41:08.544 [localhost,,] [main] INFO  c.n.d.shared.resolver.aws.ConfigClusterResolver - Resolving eureka endpoints via configuration
2023-03-12 18:41:08.915 [localhost,,] [main] INFO  com.netflix.discovery.DiscoveryClient - Disable delta property : false
2023-03-12 18:41:08.915 [localhost,,] [main] INFO  com.netflix.discovery.DiscoveryClient - Single vip registry refresh property : null
2023-03-12 18:41:08.915 [localhost,,] [main] INFO  com.netflix.discovery.DiscoveryClient - Force full registry fetch : false
2023-03-12 18:41:08.916 [localhost,,] [main] INFO  com.netflix.discovery.DiscoveryClient - Application is null : false
2023-03-12 18:41:08.916 [localhost,,] [main] INFO  com.netflix.discovery.DiscoveryClient - Registered Applications size is zero : true
2023-03-12 18:41:08.916 [localhost,,] [main] INFO  com.netflix.discovery.DiscoveryClient - Application version is -1: true
2023-03-12 18:41:08.916 [localhost,,] [main] INFO  com.netflix.discovery.DiscoveryClient - Getting all instance registry info from the eureka server
2023-03-12 18:41:09.011 [localhost,,] [main] INFO  com.netflix.discovery.DiscoveryClient - Not registering with Eureka server per configuration
2023-03-12 18:41:09.014 [localhost,,] [main] INFO  com.netflix.discovery.DiscoveryClient - Discovery Client initialized at timestamp 1678617669013 with initial instances count: 0
2023-03-12 18:41:09.678 [localhost,,] [main] INFO  o.s.c.c.client.ConfigServicePropertySourceLocator - Fetching config from server at : http://localhost:8888
2023-03-12 18:41:11.696 [localhost,,] [main] INFO  o.s.c.c.client.ConfigServicePropertySourceLocator - Located environment: name=order-service, profiles=[dev], label=main, version=8138e175e8960c854beb029fd389a605eaa711e1, state=null
2023-03-12 18:41:11.697 [localhost,,] [main] INFO  o.s.c.b.c.PropertySourceBootstrapConfiguration - Located property source: [BootstrapPropertySource@1496097932 {name='bootstrapProperties-configClient', properties={config.client.version=8138e175e8960c854beb029fd389a605eaa711e1}}, BootstrapPropertySource@1609406838 {name='bootstrapProperties-https://github.com/lizongzai/config-repo.git/order-service-dev.yml', properties={spring.main.allow-circular-references=true, spring.rabbitmq.password=password, spring.redis.lettuce.pool.max-active=1024, spring.redis.lettuce.pool.max-idle=200, eureka.instance.instance-id=${spring.cloud.client.ip-address}:${server.port}, spring.redis.host=192.168.126.64, spring.rabbitmq.host=192.168.126.64, spring.rabbitmq.listener.simple.retry.enabled=true, spring.zipkin.rabbitmq.queue=zipkin, spring.rabbitmq.listener.direct.retry.enabled=true, spring.rabbitmq.listener.direct.retry.initial-interval=5000, spring.rabbitmq.listener.direct.retry.max-attempts=5, spring.datasource.driver-class-name=com.mysql.cj.jdbc.Driver, eureka.client.fetch-registry=true, spring.zipkin.base-url=http://192.168.126.64:9411/, server.port=9090, eureka.client.serviceUrl.defaultZone=http://root:123456@localhost:8761/eureka/,http://root:123456@localhost:8762/eureka/, spring.redis.database=0, spring.redis.password=Rational123, spring.rabbitmq.port=5672, eureka.client.register-with-eureka=true, spring.application.name=order-service, spring.rabbitmq.listener.simple.retry.max-attempts=5, spring.sleuth.sampler.probability=1.0, spring.zipkin.sender.type=rabbit, spring.redis.port=6379, spring.rabbitmq.username=lizongzai, spring.rabbitmq.listener.simple.retry.initial-interval=5000, eureka.instance.prefer-ip-address=true, spring.datasource.password=password, spring.redis.lettuce.pool.min-idle=5, spring.datasource.username=root, spring.datasource.url=jdbc:mysql://localhost:3306/micro_service?useUnicode=true&characterEncoding=UTF-8&serverTimezone=Asia/Shanghai, name=order-service-dev, spring.mvc.pathmatch.matching-strategy=ant_path_matcher, spring.redis.timeout=10000ms, spring.rabbitmq.virtual-host=/, spring.redis.lettuce.pool.max-wait=10000ms}}]
2023-03-12 18:41:11.739 [order-service,,] [main] INFO  com.example.OrderServiceApplication - No active profile set, falling back to default profiles: default
2023-03-12 18:41:12.121 [order-service,,] [main] INFO  o.s.d.r.config.RepositoryConfigurationDelegate - Multiple Spring Data modules found, entering strict repository configuration mode!
2023-03-12 18:41:12.122 [order-service,,] [main] INFO  o.s.d.r.config.RepositoryConfigurationDelegate - Bootstrapping Spring Data Redis repositories in DEFAULT mode.
2023-03-12 18:41:12.138 [order-service,,] [main] INFO  o.s.d.r.config.RepositoryConfigurationDelegate - Finished Spring Data repository scanning in 5ms. Found 0 Redis repository interfaces.
2023-03-12 18:41:12.362 [order-service,,] [main] INFO  o.springframework.cloud.context.scope.GenericScope - BeanFactory id=5370dd65-312b-33c8-a17d-a0cdfdf4856a
2023-03-12 18:41:12.545 [order-service,,] [main] INFO  o.s.c.s.PostProcessorRegistrationDelegate$BeanPostProcessorChecker - Bean 'org.springframework.transaction.annotation.ProxyTransactionManagementConfiguration' of type [org.springframework.transaction.annotation.ProxyTransactionManagementConfiguration] is not eligible for getting processed by all BeanPostProcessors (for example: not eligible for auto-proxying)
2023-03-12 18:41:12.601 [order-service,,] [main] INFO  o.s.c.s.PostProcessorRegistrationDelegate$BeanPostProcessorChecker - Bean 'spring.sleuth.redis-org.springframework.cloud.sleuth.instrument.redis.TraceRedisProperties' of type [org.springframework.cloud.sleuth.instrument.redis.TraceRedisProperties] is not eligible for getting processed by all BeanPostProcessors (for example: not eligible for auto-proxying)
2023-03-12 18:41:12.817 [order-service,,] [main] INFO  o.s.boot.web.embedded.tomcat.TomcatWebServer - Tomcat initialized with port(s): 9090 (http)
2023-03-12 18:41:12.823 [order-service,,] [main] INFO  org.apache.coyote.http11.Http11NioProtocol - Initializing ProtocolHandler ["http-nio-9090"]
2023-03-12 18:41:12.823 [order-service,,] [main] INFO  org.apache.catalina.core.StandardService - Starting service [Tomcat]
2023-03-12 18:41:12.823 [order-service,,] [main] INFO  org.apache.catalina.core.StandardEngine - Starting Servlet engine: [Apache Tomcat/9.0.30]
2023-03-12 18:41:12.975 [order-service,,] [main] INFO  o.a.c.core.ContainerBase.[Tomcat].[localhost].[/] - Initializing Spring embedded WebApplicationContext
2023-03-12 18:41:12.975 [order-service,,] [main] INFO  org.springframework.web.context.ContextLoader - Root WebApplicationContext: initialization completed in 1227 ms
2023-03-12 18:41:14.798 [order-service,,] [main] INFO  com.netflix.config.sources.URLConfigurationSource - To enable URLs as dynamic configuration sources, define System property archaius.configurationSource.additionalUrls or make config.properties available on classpath.
2023-03-12 18:41:14.801 [order-service,,] [main] INFO  com.netflix.config.sources.URLConfigurationSource - To enable URLs as dynamic configuration sources, define System property archaius.configurationSource.additionalUrls or make config.properties available on classpath.
2023-03-12 18:41:14.974 [order-service,,] [main] INFO  o.s.scheduling.concurrent.ThreadPoolTaskExecutor - Initializing ExecutorService 'applicationTaskExecutor'
2023-03-12 18:41:17.944 [order-service,,] [main] INFO  com.netflix.discovery.DiscoveryClient - Shutting down DiscoveryClient ...
2023-03-12 18:41:17.950 [order-service,,] [main] INFO  com.netflix.discovery.DiscoveryClient - Completed shut down of DiscoveryClient
2023-03-12 18:41:18.116 [order-service,,] [main] INFO  o.s.cloud.netflix.eureka.InstanceInfoFactory - Setting initial instance status as: STARTING
2023-03-12 18:41:18.120 [order-service,,] [main] INFO  com.netflix.discovery.DiscoveryClient - Initializing Eureka in region us-east-1
2023-03-12 18:41:18.122 [order-service,,] [main] INFO  c.n.discovery.provider.DiscoveryJerseyProvider - Using JSON encoding codec LegacyJacksonJson
2023-03-12 18:41:18.122 [order-service,,] [main] INFO  c.n.discovery.provider.DiscoveryJerseyProvider - Using JSON decoding codec LegacyJacksonJson
2023-03-12 18:41:18.122 [order-service,,] [main] INFO  c.n.discovery.provider.DiscoveryJerseyProvider - Using XML encoding codec XStreamXml
2023-03-12 18:41:18.122 [order-service,,] [main] INFO  c.n.discovery.provider.DiscoveryJerseyProvider - Using XML decoding codec XStreamXml
2023-03-12 18:41:18.149 [order-service,,] [main] INFO  c.n.d.shared.resolver.aws.ConfigClusterResolver - Resolving eureka endpoints via configuration
2023-03-12 18:41:18.150 [order-service,,] [main] INFO  com.netflix.discovery.DiscoveryClient - Disable delta property : false
2023-03-12 18:41:18.150 [order-service,,] [main] INFO  com.netflix.discovery.DiscoveryClient - Single vip registry refresh property : null
2023-03-12 18:41:18.150 [order-service,,] [main] INFO  com.netflix.discovery.DiscoveryClient - Force full registry fetch : false
2023-03-12 18:41:18.150 [order-service,,] [main] INFO  com.netflix.discovery.DiscoveryClient - Application is null : false
2023-03-12 18:41:18.150 [order-service,,] [main] INFO  com.netflix.discovery.DiscoveryClient - Registered Applications size is zero : true
2023-03-12 18:41:18.150 [order-service,,] [main] INFO  com.netflix.discovery.DiscoveryClient - Application version is -1: true
2023-03-12 18:41:18.150 [order-service,,] [main] INFO  com.netflix.discovery.DiscoveryClient - Getting all instance registry info from the eureka server
2023-03-12 18:41:18.247 [order-service,,] [main] INFO  com.netflix.discovery.DiscoveryClient - The response status is 200
2023-03-12 18:41:18.248 [order-service,,] [main] INFO  com.netflix.discovery.DiscoveryClient - Starting heartbeat executor: renew interval is: 30
2023-03-12 18:41:18.249 [order-service,,] [main] INFO  com.netflix.discovery.InstanceInfoReplicator - InstanceInfoReplicator onDemand update allowed rate per min is 4
2023-03-12 18:41:18.250 [order-service,,] [main] INFO  com.netflix.discovery.DiscoveryClient - Discovery Client initialized at timestamp 1678617678250 with initial instances count: 3
2023-03-12 18:41:18.255 [order-service,,] [main] INFO  o.s.c.n.e.serviceregistry.EurekaServiceRegistry - Registering application ORDER-SERVICE with eureka with status UP
2023-03-12 18:41:18.255 [order-service,,] [main] INFO  com.netflix.discovery.DiscoveryClient - Saw local status change event StatusChangeEvent [timestamp=1678617678255, current=UP, previous=STARTING]
2023-03-12 18:41:18.259 [order-service,,] [DiscoveryClient-InstanceInfoReplicator-0] INFO  com.netflix.discovery.DiscoveryClient - DiscoveryClient_ORDER-SERVICE/192.168.126.1:9090: registering service...
2023-03-12 18:41:18.279 [order-service,,] [main] INFO  org.apache.coyote.http11.Http11NioProtocol - Starting ProtocolHandler ["http-nio-9090"]
2023-03-12 18:41:18.302 [order-service,,] [main] INFO  o.s.boot.web.embedded.tomcat.TomcatWebServer - Tomcat started on port(s): 9090 (http) with context path ''
2023-03-12 18:41:18.303 [order-service,,] [main] INFO  o.s.c.n.e.s.EurekaAutoServiceRegistration - Updating port to 9090
2023-03-12 18:41:18.303 [order-service,,] [DiscoveryClient-InstanceInfoReplicator-0] INFO  com.netflix.discovery.DiscoveryClient - DiscoveryClient_ORDER-SERVICE/192.168.126.1:9090 - registration status: 204
2023-03-12 18:41:18.854 [order-service,,] [main] INFO  com.example.OrderServiceApplication - Started OrderServiceApplication in 13.443 seconds (JVM running for 14.765)
2023-03-12 18:46:18.165 [order-service,,] [AsyncResolver-bootstrap-executor-0] INFO  c.n.d.shared.resolver.aws.ConfigClusterResolver - Resolving eureka endpoints via configuration
2023-03-12 18:49:05.280 [order-service,,] [http-nio-9090-exec-1] INFO  o.a.c.core.ContainerBase.[Tomcat].[localhost].[/] - Initializing Spring DispatcherServlet 'dispatcherServlet'
2023-03-12 18:49:05.280 [order-service,,] [http-nio-9090-exec-1] INFO  org.springframework.web.servlet.DispatcherServlet - Initializing Servlet 'dispatcherServlet'
2023-03-12 18:49:05.294 [order-service,,] [http-nio-9090-exec-1] INFO  org.springframework.web.servlet.DispatcherServlet - Completed initialization in 13 ms
2023-03-12 18:51:18.173 [order-service,,] [AsyncResolver-bootstrap-executor-0] INFO  c.n.d.shared.resolver.aws.ConfigClusterResolver - Resolving eureka endpoints via configuration
2023-03-12 18:56:18.182 [order-service,,] [AsyncResolver-bootstrap-executor-0] INFO  c.n.d.shared.resolver.aws.ConfigClusterResolver - Resolving eureka endpoints via configuration
2023-03-12 18:58:48.569 [order-service,,] [SpringContextShutdownHook] INFO  o.s.c.n.e.serviceregistry.EurekaServiceRegistry - Unregistering application ORDER-SERVICE with eureka with status DOWN
2023-03-12 18:58:48.573 [order-service,,] [DiscoveryClient-InstanceInfoReplicator-0] INFO  com.netflix.discovery.DiscoveryClient - DiscoveryClient_ORDER-SERVICE/192.168.126.1:9090: registering service...
2023-03-12 18:58:48.590 [order-service,,] [SpringContextShutdownHook] INFO  o.s.scheduling.concurrent.ThreadPoolTaskExecutor - Shutting down ExecutorService 'applicationTaskExecutor'
2023-03-12 18:58:48.593 [order-service,,] [DiscoveryClient-InstanceInfoReplicator-0] INFO  com.netflix.discovery.DiscoveryClient - DiscoveryClient_ORDER-SERVICE/192.168.126.1:9090 - registration status: 204
2023-03-12 18:58:48.806 [order-service,,] [SpringContextShutdownHook] INFO  com.netflix.discovery.DiscoveryClient - Shutting down DiscoveryClient ...
2023-03-12 18:58:51.818 [order-service,,] [SpringContextShutdownHook] INFO  com.netflix.discovery.DiscoveryClient - Unregistering ...
2023-03-12 18:58:51.836 [order-service,,] [SpringContextShutdownHook] INFO  com.netflix.discovery.DiscoveryClient - DiscoveryClient_ORDER-SERVICE/192.168.126.1:9090 - deregister  status: 200
2023-03-12 18:58:51.842 [order-service,,] [SpringContextShutdownHook] INFO  com.netflix.discovery.DiscoveryClient - Completed shut down of DiscoveryClient
2023-03-12 18:58:58.938 [localhost,,] [main] INFO  o.s.cloud.netflix.eureka.InstanceInfoFactory - Setting initial instance status as: STARTING
2023-03-12 18:58:58.963 [localhost,,] [main] INFO  com.netflix.discovery.DiscoveryClient - Initializing Eureka in region us-east-1
2023-03-12 18:58:59.054 [localhost,,] [main] INFO  c.n.discovery.provider.DiscoveryJerseyProvider - Using JSON encoding codec LegacyJacksonJson
2023-03-12 18:58:59.055 [localhost,,] [main] INFO  c.n.discovery.provider.DiscoveryJerseyProvider - Using JSON decoding codec LegacyJacksonJson
2023-03-12 18:58:59.134 [localhost,,] [main] INFO  c.n.discovery.provider.DiscoveryJerseyProvider - Using XML encoding codec XStreamXml
2023-03-12 18:58:59.134 [localhost,,] [main] INFO  c.n.discovery.provider.DiscoveryJerseyProvider - Using XML decoding codec XStreamXml
2023-03-12 18:58:59.232 [localhost,,] [main] INFO  c.n.d.shared.resolver.aws.ConfigClusterResolver - Resolving eureka endpoints via configuration
2023-03-12 18:58:59.621 [localhost,,] [main] INFO  com.netflix.discovery.DiscoveryClient - Disable delta property : false
2023-03-12 18:58:59.621 [localhost,,] [main] INFO  com.netflix.discovery.DiscoveryClient - Single vip registry refresh property : null
2023-03-12 18:58:59.621 [localhost,,] [main] INFO  com.netflix.discovery.DiscoveryClient - Force full registry fetch : false
2023-03-12 18:58:59.621 [localhost,,] [main] INFO  com.netflix.discovery.DiscoveryClient - Application is null : false
2023-03-12 18:58:59.621 [localhost,,] [main] INFO  com.netflix.discovery.DiscoveryClient - Registered Applications size is zero : true
2023-03-12 18:58:59.621 [localhost,,] [main] INFO  com.netflix.discovery.DiscoveryClient - Application version is -1: true
2023-03-12 18:58:59.621 [localhost,,] [main] INFO  com.netflix.discovery.DiscoveryClient - Getting all instance registry info from the eureka server
2023-03-12 18:58:59.674 [localhost,,] [main] INFO  com.netflix.discovery.DiscoveryClient - Not registering with Eureka server per configuration
2023-03-12 18:58:59.676 [localhost,,] [main] INFO  com.netflix.discovery.DiscoveryClient - Discovery Client initialized at timestamp 1678618739676 with initial instances count: 0
2023-03-12 18:59:00.267 [localhost,,] [main] INFO  o.s.c.c.client.ConfigServicePropertySourceLocator - Fetching config from server at : http://localhost:8888
2023-03-12 18:59:03.189 [localhost,,] [main] INFO  o.s.c.c.client.ConfigServicePropertySourceLocator - Located environment: name=order-service, profiles=[prod], label=main, version=a0cfb30603d611408cfd6ee91a16268038f2248c, state=null
2023-03-12 18:59:03.190 [localhost,,] [main] INFO  o.s.c.b.c.PropertySourceBootstrapConfiguration - Located property source: [BootstrapPropertySource@67573741 {name='bootstrapProperties-configClient', properties={config.client.version=a0cfb30603d611408cfd6ee91a16268038f2248c}}, BootstrapPropertySource@703841336 {name='bootstrapProperties-https://github.com/lizongzai/config-repo.git/order-service-prod.yml', properties={spring.main.allow-circular-references=true, spring.rabbitmq.password=password, spring.redis.lettuce.pool.max-active=1024, spring.redis.lettuce.pool.max-idle=200, eureka.instance.instance-id=${spring.cloud.client.ip-address}:${server.port}, spring.redis.host=192.168.126.64, spring.rabbitmq.host=192.168.126.64, spring.rabbitmq.listener.simple.retry.enabled=true, spring.zipkin.rabbitmq.queue=zipkin, spring.rabbitmq.listener.direct.retry.enabled=true, spring.rabbitmq.listener.direct.retry.initial-interval=5000, spring.rabbitmq.listener.direct.retry.max-attempts=5, spring.datasource.driver-class-name=com.mysql.cj.jdbc.Driver, eureka.client.fetch-registry=true, spring.zipkin.base-url=http://192.168.126.64:9411/, server.port=9091, eureka.client.serviceUrl.defaultZone=http://root:123456@localhost:8761/eureka/,http://root:123456@localhost:8762/eureka/, spring.redis.database=0, spring.redis.password=Rational123, spring.rabbitmq.port=5672, eureka.client.register-with-eureka=true, spring.application.name=order-service, spring.rabbitmq.listener.simple.retry.max-attempts=5, spring.sleuth.sampler.probability=1.0, spring.zipkin.sender.type=rabbit, spring.redis.port=6379, spring.rabbitmq.username=lizongzai, spring.rabbitmq.listener.simple.retry.initial-interval=5000, eureka.instance.prefer-ip-address=true, spring.datasource.password=password, spring.redis.lettuce.pool.min-idle=5, spring.datasource.username=root, spring.datasource.url=jdbc:mysql://localhost:3306/micro_service?useUnicode=true&characterEncoding=UTF-8&serverTimezone=Asia/Shanghai, name=order-service-prod, spring.mvc.pathmatch.matching-strategy=ant_path_matcher, spring.redis.timeout=10000ms, spring.rabbitmq.virtual-host=/, spring.redis.lettuce.pool.max-wait=10000ms}}]
2023-03-12 18:59:03.229 [order-service,,] [main] INFO  com.example.OrderServiceApplication - No active profile set, falling back to default profiles: default
2023-03-12 18:59:03.609 [order-service,,] [main] INFO  o.s.d.r.config.RepositoryConfigurationDelegate - Multiple Spring Data modules found, entering strict repository configuration mode!
2023-03-12 18:59:03.610 [order-service,,] [main] INFO  o.s.d.r.config.RepositoryConfigurationDelegate - Bootstrapping Spring Data Redis repositories in DEFAULT mode.
2023-03-12 18:59:03.625 [order-service,,] [main] INFO  o.s.d.r.config.RepositoryConfigurationDelegate - Finished Spring Data repository scanning in 5ms. Found 0 Redis repository interfaces.
2023-03-12 18:59:03.858 [order-service,,] [main] INFO  o.springframework.cloud.context.scope.GenericScope - BeanFactory id=5370dd65-312b-33c8-a17d-a0cdfdf4856a
2023-03-12 18:59:04.039 [order-service,,] [main] INFO  o.s.c.s.PostProcessorRegistrationDelegate$BeanPostProcessorChecker - Bean 'org.springframework.transaction.annotation.ProxyTransactionManagementConfiguration' of type [org.springframework.transaction.annotation.ProxyTransactionManagementConfiguration] is not eligible for getting processed by all BeanPostProcessors (for example: not eligible for auto-proxying)
2023-03-12 18:59:04.090 [order-service,,] [main] INFO  o.s.c.s.PostProcessorRegistrationDelegate$BeanPostProcessorChecker - Bean 'spring.sleuth.redis-org.springframework.cloud.sleuth.instrument.redis.TraceRedisProperties' of type [org.springframework.cloud.sleuth.instrument.redis.TraceRedisProperties] is not eligible for getting processed by all BeanPostProcessors (for example: not eligible for auto-proxying)
2023-03-12 18:59:04.321 [order-service,,] [main] INFO  o.s.boot.web.embedded.tomcat.TomcatWebServer - Tomcat initialized with port(s): 9091 (http)
2023-03-12 18:59:04.327 [order-service,,] [main] INFO  org.apache.coyote.http11.Http11NioProtocol - Initializing ProtocolHandler ["http-nio-9091"]
2023-03-12 18:59:04.327 [order-service,,] [main] INFO  org.apache.catalina.core.StandardService - Starting service [Tomcat]
2023-03-12 18:59:04.327 [order-service,,] [main] INFO  org.apache.catalina.core.StandardEngine - Starting Servlet engine: [Apache Tomcat/9.0.30]
2023-03-12 18:59:04.481 [order-service,,] [main] INFO  o.a.c.core.ContainerBase.[Tomcat].[localhost].[/] - Initializing Spring embedded WebApplicationContext
2023-03-12 18:59:04.481 [order-service,,] [main] INFO  org.springframework.web.context.ContextLoader - Root WebApplicationContext: initialization completed in 1242 ms
2023-03-12 18:59:06.228 [order-service,,] [main] INFO  com.netflix.config.sources.URLConfigurationSource - To enable URLs as dynamic configuration sources, define System property archaius.configurationSource.additionalUrls or make config.properties available on classpath.
2023-03-12 18:59:06.231 [order-service,,] [main] INFO  com.netflix.config.sources.URLConfigurationSource - To enable URLs as dynamic configuration sources, define System property archaius.configurationSource.additionalUrls or make config.properties available on classpath.
2023-03-12 18:59:06.408 [order-service,,] [main] INFO  o.s.scheduling.concurrent.ThreadPoolTaskExecutor - Initializing ExecutorService 'applicationTaskExecutor'
2023-03-12 18:59:09.254 [order-service,,] [main] INFO  com.netflix.discovery.DiscoveryClient - Shutting down DiscoveryClient ...
2023-03-12 18:59:09.260 [order-service,,] [main] INFO  com.netflix.discovery.DiscoveryClient - Completed shut down of DiscoveryClient
2023-03-12 18:59:09.432 [order-service,,] [main] INFO  o.s.cloud.netflix.eureka.InstanceInfoFactory - Setting initial instance status as: STARTING
2023-03-12 18:59:09.436 [order-service,,] [main] INFO  com.netflix.discovery.DiscoveryClient - Initializing Eureka in region us-east-1
2023-03-12 18:59:09.438 [order-service,,] [main] INFO  c.n.discovery.provider.DiscoveryJerseyProvider - Using JSON encoding codec LegacyJacksonJson
2023-03-12 18:59:09.438 [order-service,,] [main] INFO  c.n.discovery.provider.DiscoveryJerseyProvider - Using JSON decoding codec LegacyJacksonJson
2023-03-12 18:59:09.438 [order-service,,] [main] INFO  c.n.discovery.provider.DiscoveryJerseyProvider - Using XML encoding codec XStreamXml
2023-03-12 18:59:09.438 [order-service,,] [main] INFO  c.n.discovery.provider.DiscoveryJerseyProvider - Using XML decoding codec XStreamXml
2023-03-12 18:59:09.463 [order-service,,] [main] INFO  c.n.d.shared.resolver.aws.ConfigClusterResolver - Resolving eureka endpoints via configuration
2023-03-12 18:59:09.464 [order-service,,] [main] INFO  com.netflix.discovery.DiscoveryClient - Disable delta property : false
2023-03-12 18:59:09.464 [order-service,,] [main] INFO  com.netflix.discovery.DiscoveryClient - Single vip registry refresh property : null
2023-03-12 18:59:09.464 [order-service,,] [main] INFO  com.netflix.discovery.DiscoveryClient - Force full registry fetch : false
2023-03-12 18:59:09.464 [order-service,,] [main] INFO  com.netflix.discovery.DiscoveryClient - Application is null : false
2023-03-12 18:59:09.464 [order-service,,] [main] INFO  com.netflix.discovery.DiscoveryClient - Registered Applications size is zero : true
2023-03-12 18:59:09.464 [order-service,,] [main] INFO  com.netflix.discovery.DiscoveryClient - Application version is -1: true
2023-03-12 18:59:09.464 [order-service,,] [main] INFO  com.netflix.discovery.DiscoveryClient - Getting all instance registry info from the eureka server
2023-03-12 18:59:09.556 [order-service,,] [main] INFO  com.netflix.discovery.DiscoveryClient - The response status is 200
2023-03-12 18:59:09.557 [order-service,,] [main] INFO  com.netflix.discovery.DiscoveryClient - Starting heartbeat executor: renew interval is: 30
2023-03-12 18:59:09.558 [order-service,,] [main] INFO  com.netflix.discovery.InstanceInfoReplicator - InstanceInfoReplicator onDemand update allowed rate per min is 4
2023-03-12 18:59:09.559 [order-service,,] [main] INFO  com.netflix.discovery.DiscoveryClient - Discovery Client initialized at timestamp 1678618749559 with initial instances count: 5
2023-03-12 18:59:09.564 [order-service,,] [main] INFO  o.s.c.n.e.serviceregistry.EurekaServiceRegistry - Registering application ORDER-SERVICE with eureka with status UP
2023-03-12 18:59:09.564 [order-service,,] [main] INFO  com.netflix.discovery.DiscoveryClient - Saw local status change event StatusChangeEvent [timestamp=1678618749564, current=UP, previous=STARTING]
2023-03-12 18:59:09.567 [order-service,,] [DiscoveryClient-InstanceInfoReplicator-0] INFO  com.netflix.discovery.DiscoveryClient - DiscoveryClient_ORDER-SERVICE/192.168.126.1:9091: registering service...
2023-03-12 18:59:09.585 [order-service,,] [main] INFO  org.apache.coyote.http11.Http11NioProtocol - Starting ProtocolHandler ["http-nio-9091"]
2023-03-12 18:59:09.605 [order-service,,] [main] INFO  o.s.boot.web.embedded.tomcat.TomcatWebServer - Tomcat started on port(s): 9091 (http) with context path ''
2023-03-12 18:59:09.605 [order-service,,] [main] INFO  o.s.c.n.e.s.EurekaAutoServiceRegistration - Updating port to 9091
2023-03-12 18:59:09.606 [order-service,,] [DiscoveryClient-InstanceInfoReplicator-0] INFO  com.netflix.discovery.DiscoveryClient - DiscoveryClient_ORDER-SERVICE/192.168.126.1:9091 - registration status: 204
2023-03-12 18:59:10.139 [order-service,,] [main] INFO  com.example.OrderServiceApplication - Started OrderServiceApplication in 14.002 seconds (JVM running for 15.3)
2023-03-12 18:59:18.133 [order-service,,] [http-nio-9091-exec-1] INFO  o.a.c.core.ContainerBase.[Tomcat].[localhost].[/] - Initializing Spring DispatcherServlet 'dispatcherServlet'
2023-03-12 18:59:18.133 [order-service,,] [http-nio-9091-exec-1] INFO  org.springframework.web.servlet.DispatcherServlet - Initializing Servlet 'dispatcherServlet'
2023-03-12 18:59:18.144 [order-service,,] [http-nio-9091-exec-1] INFO  org.springframework.web.servlet.DispatcherServlet - Completed initialization in 10 ms
2023-03-12 19:04:09.478 [order-service,,] [AsyncResolver-bootstrap-executor-0] INFO  c.n.d.shared.resolver.aws.ConfigClusterResolver - Resolving eureka endpoints via configuration
2023-03-12 19:07:38.316 [order-service,bc5119c0bbb6ff4d,1ddfa58578988577] [http-nio-9091-exec-10] INFO  com.netflix.config.ChainedDynamicProperty - Flipping property: product-service.ribbon.ActiveConnectionsLimit to use NEXT property: niws.loadbalancer.availabilityFilteringRule.activeConnectionsLimit = 2147483647
2023-03-12 19:07:38.334 [order-service,bc5119c0bbb6ff4d,1ddfa58578988577] [http-nio-9091-exec-10] INFO  com.netflix.util.concurrent.ShutdownEnabledTimer - Shutdown hook installed for: NFLoadBalancer-PingTimer-product-service
2023-03-12 19:07:38.334 [order-service,bc5119c0bbb6ff4d,1ddfa58578988577] [http-nio-9091-exec-10] INFO  com.netflix.loadbalancer.BaseLoadBalancer - Client: product-service instantiated a LoadBalancer: DynamicServerListLoadBalancer:{NFLoadBalancer:name=product-service,current list of Servers=[],Load balancer stats=Zone stats: {},Server stats: []}ServerList:null
2023-03-12 19:07:38.338 [order-service,bc5119c0bbb6ff4d,1ddfa58578988577] [http-nio-9091-exec-10] INFO  c.n.loadbalancer.DynamicServerListLoadBalancer - Using serverListUpdater PollingServerListUpdater
2023-03-12 19:07:38.350 [order-service,bc5119c0bbb6ff4d,1ddfa58578988577] [http-nio-9091-exec-10] INFO  com.netflix.config.ChainedDynamicProperty - Flipping property: product-service.ribbon.ActiveConnectionsLimit to use NEXT property: niws.loadbalancer.availabilityFilteringRule.activeConnectionsLimit = 2147483647
2023-03-12 19:07:38.352 [order-service,bc5119c0bbb6ff4d,1ddfa58578988577] [http-nio-9091-exec-10] INFO  c.n.loadbalancer.DynamicServerListLoadBalancer - DynamicServerListLoadBalancer for client product-service initialized: DynamicServerListLoadBalancer:{NFLoadBalancer:name=product-service,current list of Servers=[192.168.126.1:7070],Load balancer stats=Zone stats: {defaultzone=[Zone:defaultzone;	Instance count:1;	Active connections count: 0;	Circuit breaker tripped count: 0;	Active connections per server: 0.0;]
},Server stats: [[Server:192.168.126.1:7070;	Zone:defaultZone;	Total Requests:0;	Successive connection failure:0;	Total blackout seconds:0;	Last connection made:Thu Jan 01 08:00:00 CST 1970;	First connection made: Thu Jan 01 08:00:00 CST 1970;	Active Connections:0;	total failure count in last (1000) msecs:0;	average resp time:0.0;	90 percentile resp time:0.0;	95 percentile resp time:0.0;	min resp time:0.0;	max resp time:0.0;	stddev resp time:0.0]
]}ServerList:org.springframework.cloud.netflix.ribbon.eureka.DomainExtractingServerList@6ec9dd7a
2023-03-12 19:07:38.541 [order-service,bc5119c0bbb6ff4d,1ddfa58578988577] [http-nio-9091-exec-10] INFO  com.zaxxer.hikari.HikariDataSource - HikariPool-1 - Starting...
2023-03-12 19:07:38.696 [order-service,bc5119c0bbb6ff4d,1ddfa58578988577] [http-nio-9091-exec-10] INFO  com.zaxxer.hikari.HikariDataSource - HikariPool-1 - Start completed.
2023-03-12 19:07:39.351 [order-service,,] [PollingServerListUpdater-0] INFO  com.netflix.config.ChainedDynamicProperty - Flipping property: product-service.ribbon.ActiveConnectionsLimit to use NEXT property: niws.loadbalancer.availabilityFilteringRule.activeConnectionsLimit = 2147483647
2023-03-12 19:09:09.489 [order-service,,] [AsyncResolver-bootstrap-executor-0] INFO  c.n.d.shared.resolver.aws.ConfigClusterResolver - Resolving eureka endpoints via configuration
2023-03-12 19:14:09.501 [order-service,,] [AsyncResolver-bootstrap-executor-0] INFO  c.n.d.shared.resolver.aws.ConfigClusterResolver - Resolving eureka endpoints via configuration
2023-03-12 19:19:09.505 [order-service,,] [AsyncResolver-bootstrap-executor-0] INFO  c.n.d.shared.resolver.aws.ConfigClusterResolver - Resolving eureka endpoints via configuration
