2023-03-12 19:04:26.947 [gateway-server,,] [main] INFO  com.example.GatewayServerApplication - No active profile set, falling back to default profiles: default
2023-03-12 19:04:27.332 [gateway-server,,] [main] INFO  o.s.d.r.config.RepositoryConfigurationDelegate - Multiple Spring Data modules found, entering strict repository configuration mode!
2023-03-12 19:04:27.333 [gateway-server,,] [main] INFO  o.s.d.r.config.RepositoryConfigurationDelegate - Bootstrapping Spring Data Redis repositories in DEFAULT mode.
2023-03-12 19:04:27.355 [gateway-server,,] [main] INFO  o.s.d.r.config.RepositoryConfigurationDelegate - Finished Spring Data repository scanning in 3ms. Found 0 Redis repository interfaces.
2023-03-12 19:04:27.521 [gateway-server,,] [main] INFO  o.springframework.cloud.context.scope.GenericScope - BeanFactory id=8fefe02a-a2c0-37d5-ade3-d4bb45632ad0
2023-03-12 19:04:27.664 [gateway-server,,] [main] INFO  o.s.c.s.PostProcessorRegistrationDelegate$BeanPostProcessorChecker - Bean 'org.springframework.cloud.client.loadbalancer.reactive.LoadBalancerBeanPostProcessorAutoConfiguration' of type [org.springframework.cloud.client.loadbalancer.reactive.LoadBalancerBeanPostProcessorAutoConfiguration] is not eligible for getting processed by all BeanPostProcessors (for example: not eligible for auto-proxying)
2023-03-12 19:04:27.666 [gateway-server,,] [main] INFO  o.s.c.s.PostProcessorRegistrationDelegate$BeanPostProcessorChecker - Bean 'org.springframework.cloud.client.loadbalancer.reactive.LoadBalancerBeanPostProcessorAutoConfiguration$ReactiveLoadBalancerConfig' of type [org.springframework.cloud.client.loadbalancer.reactive.LoadBalancerBeanPostProcessorAutoConfiguration$ReactiveLoadBalancerConfig] is not eligible for getting processed by all BeanPostProcessors (for example: not eligible for auto-proxying)
2023-03-12 19:04:27.668 [gateway-server,,] [main] INFO  o.s.c.s.PostProcessorRegistrationDelegate$BeanPostProcessorChecker - Bean 'deferringLoadBalancerExchangeFilterFunction' of type [org.springframework.cloud.client.loadbalancer.reactive.DeferringLoadBalancerExchangeFilterFunction] is not eligible for getting processed by all BeanPostProcessors (for example: not eligible for auto-proxying)
2023-03-12 19:04:27.671 [gateway-server,,] [main] INFO  o.s.c.s.PostProcessorRegistrationDelegate$BeanPostProcessorChecker - Bean 'org.springframework.cloud.sleuth.instrument.web.client.TraceWebClientAutoConfiguration$NettyConfiguration' of type [org.springframework.cloud.sleuth.instrument.web.client.TraceWebClientAutoConfiguration$NettyConfiguration] is not eligible for getting processed by all BeanPostProcessors (for example: not eligible for auto-proxying)
2023-03-12 19:04:27.689 [gateway-server,,] [main] INFO  o.s.c.s.PostProcessorRegistrationDelegate$BeanPostProcessorChecker - Bean 'spring.sleuth.redis-org.springframework.cloud.sleuth.instrument.redis.TraceRedisProperties' of type [org.springframework.cloud.sleuth.instrument.redis.TraceRedisProperties] is not eligible for getting processed by all BeanPostProcessors (for example: not eligible for auto-proxying)
2023-03-12 19:04:27.775 [gateway-server,,] [main] INFO  com.netflix.config.sources.URLConfigurationSource - To enable URLs as dynamic configuration sources, define System property archaius.configurationSource.additionalUrls or make config.properties available on classpath.
2023-03-12 19:04:27.777 [gateway-server,,] [main] INFO  com.netflix.config.sources.URLConfigurationSource - To enable URLs as dynamic configuration sources, define System property archaius.configurationSource.additionalUrls or make config.properties available on classpath.
2023-03-12 19:04:31.073 [gateway-server,,] [main] INFO  o.s.c.gateway.route.RouteDefinitionRouteLocator - Loaded RoutePredicateFactory [After]
2023-03-12 19:04:31.073 [gateway-server,,] [main] INFO  o.s.c.gateway.route.RouteDefinitionRouteLocator - Loaded RoutePredicateFactory [Before]
2023-03-12 19:04:31.073 [gateway-server,,] [main] INFO  o.s.c.gateway.route.RouteDefinitionRouteLocator - Loaded RoutePredicateFactory [Between]
2023-03-12 19:04:31.074 [gateway-server,,] [main] INFO  o.s.c.gateway.route.RouteDefinitionRouteLocator - Loaded RoutePredicateFactory [Cookie]
2023-03-12 19:04:31.074 [gateway-server,,] [main] INFO  o.s.c.gateway.route.RouteDefinitionRouteLocator - Loaded RoutePredicateFactory [Header]
2023-03-12 19:04:31.074 [gateway-server,,] [main] INFO  o.s.c.gateway.route.RouteDefinitionRouteLocator - Loaded RoutePredicateFactory [Host]
2023-03-12 19:04:31.074 [gateway-server,,] [main] INFO  o.s.c.gateway.route.RouteDefinitionRouteLocator - Loaded RoutePredicateFactory [Method]
2023-03-12 19:04:31.074 [gateway-server,,] [main] INFO  o.s.c.gateway.route.RouteDefinitionRouteLocator - Loaded RoutePredicateFactory [Path]
2023-03-12 19:04:31.074 [gateway-server,,] [main] INFO  o.s.c.gateway.route.RouteDefinitionRouteLocator - Loaded RoutePredicateFactory [Query]
2023-03-12 19:04:31.074 [gateway-server,,] [main] INFO  o.s.c.gateway.route.RouteDefinitionRouteLocator - Loaded RoutePredicateFactory [ReadBodyPredicateFactory]
2023-03-12 19:04:31.074 [gateway-server,,] [main] INFO  o.s.c.gateway.route.RouteDefinitionRouteLocator - Loaded RoutePredicateFactory [RemoteAddr]
2023-03-12 19:04:31.074 [gateway-server,,] [main] INFO  o.s.c.gateway.route.RouteDefinitionRouteLocator - Loaded RoutePredicateFactory [Weight]
2023-03-12 19:04:31.074 [gateway-server,,] [main] INFO  o.s.c.gateway.route.RouteDefinitionRouteLocator - Loaded RoutePredicateFactory [CloudFoundryRouteService]
2023-03-12 19:04:33.084 [gateway-server,,] [main] INFO  o.s.cloud.netflix.eureka.InstanceInfoFactory - Setting initial instance status as: STARTING
2023-03-12 19:04:33.102 [gateway-server,,] [main] INFO  com.netflix.discovery.DiscoveryClient - Initializing Eureka in region us-east-1
2023-03-12 19:04:33.194 [gateway-server,,] [main] INFO  c.n.discovery.provider.DiscoveryJerseyProvider - Using JSON encoding codec LegacyJacksonJson
2023-03-12 19:04:33.194 [gateway-server,,] [main] INFO  c.n.discovery.provider.DiscoveryJerseyProvider - Using JSON decoding codec LegacyJacksonJson
2023-03-12 19:04:33.289 [gateway-server,,] [main] INFO  c.n.discovery.provider.DiscoveryJerseyProvider - Using XML encoding codec XStreamXml
2023-03-12 19:04:33.289 [gateway-server,,] [main] INFO  c.n.discovery.provider.DiscoveryJerseyProvider - Using XML decoding codec XStreamXml
2023-03-12 19:04:33.364 [gateway-server,,] [main] INFO  c.n.d.shared.resolver.aws.ConfigClusterResolver - Resolving eureka endpoints via configuration
2023-03-12 19:04:33.734 [gateway-server,,] [main] INFO  com.netflix.discovery.DiscoveryClient - Disable delta property : false
2023-03-12 19:04:33.734 [gateway-server,,] [main] INFO  com.netflix.discovery.DiscoveryClient - Single vip registry refresh property : null
2023-03-12 19:04:33.734 [gateway-server,,] [main] INFO  com.netflix.discovery.DiscoveryClient - Force full registry fetch : false
2023-03-12 19:04:33.734 [gateway-server,,] [main] INFO  com.netflix.discovery.DiscoveryClient - Application is null : false
2023-03-12 19:04:33.734 [gateway-server,,] [main] INFO  com.netflix.discovery.DiscoveryClient - Registered Applications size is zero : true
2023-03-12 19:04:33.734 [gateway-server,,] [main] INFO  com.netflix.discovery.DiscoveryClient - Application version is -1: true
2023-03-12 19:04:33.734 [gateway-server,,] [main] INFO  com.netflix.discovery.DiscoveryClient - Getting all instance registry info from the eureka server
2023-03-12 19:04:33.884 [gateway-server,,] [main] INFO  com.netflix.discovery.DiscoveryClient - The response status is 200
2023-03-12 19:04:33.885 [gateway-server,,] [main] INFO  com.netflix.discovery.DiscoveryClient - Starting heartbeat executor: renew interval is: 30
2023-03-12 19:04:33.887 [gateway-server,,] [main] INFO  com.netflix.discovery.InstanceInfoReplicator - InstanceInfoReplicator onDemand update allowed rate per min is 4
2023-03-12 19:04:33.889 [gateway-server,,] [main] INFO  com.netflix.discovery.DiscoveryClient - Discovery Client initialized at timestamp 1678619073888 with initial instances count: 6
2023-03-12 19:04:33.891 [gateway-server,,] [main] INFO  o.s.c.n.e.serviceregistry.EurekaServiceRegistry - Registering application GATEWAY-SERVER with eureka with status UP
2023-03-12 19:04:33.891 [gateway-server,,] [main] INFO  com.netflix.discovery.DiscoveryClient - Saw local status change event StatusChangeEvent [timestamp=1678619073891, current=UP, previous=STARTING]
2023-03-12 19:04:33.894 [gateway-server,,] [DiscoveryClient-InstanceInfoReplicator-0] INFO  com.netflix.discovery.DiscoveryClient - DiscoveryClient_GATEWAY-SERVER/192.168.126.1:9000: registering service...
2023-03-12 19:04:33.950 [gateway-server,,] [DiscoveryClient-InstanceInfoReplicator-0] INFO  com.netflix.discovery.DiscoveryClient - DiscoveryClient_GATEWAY-SERVER/192.168.126.1:9000 - registration status: 204
2023-03-12 19:04:34.466 [gateway-server,,] [main] INFO  o.s.boot.web.embedded.netty.NettyWebServer - Netty started on port(s): 9000
2023-03-12 19:04:34.467 [gateway-server,,] [main] INFO  o.s.c.n.e.s.EurekaAutoServiceRegistration - Updating port to 9000
2023-03-12 19:04:35.632 [gateway-server,,] [main] INFO  com.example.GatewayServerApplication - Started GatewayServerApplication in 12.733 seconds (JVM running for 14.294)
2023-03-12 19:07:38.027 [gateway-server,bc5119c0bbb6ff4d,bc5119c0bbb6ff4d] [reactor-http-nio-2] INFO  com.example.filter.AccessFilter - token is OK!
2023-03-12 19:07:38.109 [gateway-server,bc5119c0bbb6ff4d,bc5119c0bbb6ff4d] [reactor-http-nio-2] INFO  com.netflix.config.ChainedDynamicProperty - Flipping property: ORDER-SERVICE.ribbon.ActiveConnectionsLimit to use NEXT property: niws.loadbalancer.availabilityFilteringRule.activeConnectionsLimit = 2147483647
2023-03-12 19:07:38.124 [gateway-server,bc5119c0bbb6ff4d,bc5119c0bbb6ff4d] [reactor-http-nio-2] INFO  com.netflix.util.concurrent.ShutdownEnabledTimer - Shutdown hook installed for: NFLoadBalancer-PingTimer-ORDER-SERVICE
2023-03-12 19:07:38.124 [gateway-server,bc5119c0bbb6ff4d,bc5119c0bbb6ff4d] [reactor-http-nio-2] INFO  com.netflix.loadbalancer.BaseLoadBalancer - Client: ORDER-SERVICE instantiated a LoadBalancer: DynamicServerListLoadBalancer:{NFLoadBalancer:name=ORDER-SERVICE,current list of Servers=[],Load balancer stats=Zone stats: {},Server stats: []}ServerList:null
2023-03-12 19:07:38.127 [gateway-server,bc5119c0bbb6ff4d,bc5119c0bbb6ff4d] [reactor-http-nio-2] INFO  c.n.loadbalancer.DynamicServerListLoadBalancer - Using serverListUpdater PollingServerListUpdater
2023-03-12 19:07:38.138 [gateway-server,bc5119c0bbb6ff4d,bc5119c0bbb6ff4d] [reactor-http-nio-2] INFO  com.netflix.config.ChainedDynamicProperty - Flipping property: ORDER-SERVICE.ribbon.ActiveConnectionsLimit to use NEXT property: niws.loadbalancer.availabilityFilteringRule.activeConnectionsLimit = 2147483647
2023-03-12 19:07:38.139 [gateway-server,bc5119c0bbb6ff4d,bc5119c0bbb6ff4d] [reactor-http-nio-2] INFO  c.n.loadbalancer.DynamicServerListLoadBalancer - DynamicServerListLoadBalancer for client ORDER-SERVICE initialized: DynamicServerListLoadBalancer:{NFLoadBalancer:name=ORDER-SERVICE,current list of Servers=[192.168.126.1:9091],Load balancer stats=Zone stats: {defaultzone=[Zone:defaultzone;	Instance count:1;	Active connections count: 0;	Circuit breaker tripped count: 0;	Active connections per server: 0.0;]
},Server stats: [[Server:192.168.126.1:9091;	Zone:defaultZone;	Total Requests:0;	Successive connection failure:0;	Total blackout seconds:0;	Last connection made:Thu Jan 01 08:00:00 CST 1970;	First connection made: Thu Jan 01 08:00:00 CST 1970;	Active Connections:0;	total failure count in last (1000) msecs:0;	average resp time:0.0;	90 percentile resp time:0.0;	95 percentile resp time:0.0;	min resp time:0.0;	max resp time:0.0;	stddev resp time:0.0]
]}ServerList:org.springframework.cloud.netflix.ribbon.eureka.DomainExtractingServerList@482df809
2023-03-12 19:07:39.138 [gateway-server,,] [PollingServerListUpdater-0] INFO  com.netflix.config.ChainedDynamicProperty - Flipping property: ORDER-SERVICE.ribbon.ActiveConnectionsLimit to use NEXT property: niws.loadbalancer.availabilityFilteringRule.activeConnectionsLimit = 2147483647
2023-03-12 19:07:41.325 [gateway-server,328519e3d6f11e8c,328519e3d6f11e8c] [reactor-http-nio-2] INFO  com.example.filter.AccessFilter - token is OK!
2023-03-12 19:08:01.152 [gateway-server,a8948ba31eb1d750,a8948ba31eb1d750] [reactor-http-nio-2] INFO  com.example.filter.AccessFilter - token is OK!
2023-03-12 19:09:33.750 [gateway-server,,] [AsyncResolver-bootstrap-executor-0] INFO  c.n.d.shared.resolver.aws.ConfigClusterResolver - Resolving eureka endpoints via configuration
2023-03-12 19:14:33.763 [gateway-server,,] [AsyncResolver-bootstrap-executor-0] INFO  c.n.d.shared.resolver.aws.ConfigClusterResolver - Resolving eureka endpoints via configuration
