2023-03-12 16:31:29.497 [product-service,,] [main] WARN  o.springframework.boot.actuate.endpoint.EndpointId - Endpoint ID 'service-registry' contains invalid characters, please migrate to a valid format.
2023-03-12 16:31:30.658 [product-service,,] [main] WARN  com.netflix.config.sources.URLConfigurationSource - No URLs will be polled as dynamic configuration sources.
2023-03-12 16:31:33.401 [product-service,,] [main] WARN  com.netflix.config.sources.URLConfigurationSource - No URLs will be polled as dynamic configuration sources.
2023-03-12 16:31:35.760 [product-service,,] [main] WARN  o.s.c.l.c.BlockingLoadBalancerClientAutoConfiguration$BlockingLoadBalancerClientRibbonWarnLogger - You already have RibbonLoadBalancerClient on your classpath. It will be used by default. As Spring Cloud Ribbon is in maintenance mode. We recommend switching to BlockingLoadBalancerClient instead. In order to use it, set the value of `spring.cloud.loadbalancer.ribbon.enabled` to `false` or remove spring-cloud-starter-netflix-ribbon from your project.
2023-03-12 18:41:31.653 [product-service,,] [main] WARN  o.springframework.boot.actuate.endpoint.EndpointId - Endpoint ID 'service-registry' contains invalid characters, please migrate to a valid format.
2023-03-12 18:41:32.453 [product-service,,] [main] WARN  com.netflix.config.sources.URLConfigurationSource - No URLs will be polled as dynamic configuration sources.
2023-03-12 18:41:34.966 [product-service,,] [main] WARN  com.netflix.config.sources.URLConfigurationSource - No URLs will be polled as dynamic configuration sources.
2023-03-12 18:41:36.648 [product-service,,] [main] WARN  o.s.c.l.c.BlockingLoadBalancerClientAutoConfiguration$BlockingLoadBalancerClientRibbonWarnLogger - You already have RibbonLoadBalancerClient on your classpath. It will be used by default. As Spring Cloud Ribbon is in maintenance mode. We recommend switching to BlockingLoadBalancerClient instead. In order to use it, set the value of `spring.cloud.loadbalancer.ribbon.enabled` to `false` or remove spring-cloud-starter-netflix-ribbon from your project.
2023-03-12 20:15:30.447 [product-service,,] [SpringContextShutdownHook] WARN  com.netflix.discovery.DiscoveryClient - Saw local status change event StatusChangeEvent [timestamp=1678623330447, current=DOWN, previous=UP]
2023-03-12 20:15:43.161 [localhost,,] [main] WARN  c.n.d.s.t.decorator.RetryableEurekaHttpClient - Request execution failure with status code 401; retrying on another server if available
2023-03-12 20:15:43.163 [localhost,,] [main] WARN  com.netflix.discovery.DiscoveryClient - Using default backup registry implementation which does not do anything.
2023-03-12 20:15:43.180 [localhost,,] [main] WARN  o.s.c.c.c.DiscoveryClientConfigServiceBootstrapConfiguration - Could not locate configserver via discovery
java.lang.IllegalStateException: No instances found of configserver (config-server)
	at org.springframework.cloud.config.client.ConfigServerInstanceProvider.getConfigServerInstances(ConfigServerInstanceProvider.java:48)
	at org.springframework.cloud.config.client.DiscoveryClientConfigServiceBootstrapConfiguration.refresh(DiscoveryClientConfigServiceBootstrapConfiguration.java:102)
	at org.springframework.cloud.config.client.DiscoveryClientConfigServiceBootstrapConfiguration.startup(DiscoveryClientConfigServiceBootstrapConfiguration.java:88)
	at org.springframework.cloud.config.client.DiscoveryClientConfigServiceBootstrapConfiguration.onApplicationEvent(DiscoveryClientConfigServiceBootstrapConfiguration.java:80)
	at org.springframework.context.event.SimpleApplicationEventMulticaster.doInvokeListener(SimpleApplicationEventMulticaster.java:172)
	at org.springframework.context.event.SimpleApplicationEventMulticaster.invokeListener(SimpleApplicationEventMulticaster.java:165)
	at org.springframework.context.event.SimpleApplicationEventMulticaster.multicastEvent(SimpleApplicationEventMulticaster.java:139)
	at org.springframework.context.support.AbstractApplicationContext.publishEvent(AbstractApplicationContext.java:403)
	at org.springframework.context.support.AbstractApplicationContext.publishEvent(AbstractApplicationContext.java:360)
	at org.springframework.context.support.AbstractApplicationContext.finishRefresh(AbstractApplicationContext.java:897)
	at org.springframework.context.support.AbstractApplicationContext.refresh(AbstractApplicationContext.java:553)
	at org.springframework.boot.SpringApplication.refresh(SpringApplication.java:747)
	at org.springframework.boot.SpringApplication.refreshContext(SpringApplication.java:397)
	at org.springframework.boot.SpringApplication.run(SpringApplication.java:315)
	at org.springframework.boot.builder.SpringApplicationBuilder.run(SpringApplicationBuilder.java:140)
	at org.springframework.cloud.bootstrap.BootstrapApplicationListener.bootstrapServiceContext(BootstrapApplicationListener.java:206)
	at org.springframework.cloud.bootstrap.BootstrapApplicationListener.onApplicationEvent(BootstrapApplicationListener.java:117)
	at org.springframework.cloud.bootstrap.BootstrapApplicationListener.onApplicationEvent(BootstrapApplicationListener.java:74)
	at org.springframework.context.event.SimpleApplicationEventMulticaster.doInvokeListener(SimpleApplicationEventMulticaster.java:172)
	at org.springframework.context.event.SimpleApplicationEventMulticaster.invokeListener(SimpleApplicationEventMulticaster.java:165)
	at org.springframework.context.event.SimpleApplicationEventMulticaster.multicastEvent(SimpleApplicationEventMulticaster.java:139)
	at org.springframework.context.event.SimpleApplicationEventMulticaster.multicastEvent(SimpleApplicationEventMulticaster.java:127)
	at org.springframework.boot.context.event.EventPublishingRunListener.environmentPrepared(EventPublishingRunListener.java:76)
	at org.springframework.boot.SpringApplicationRunListeners.environmentPrepared(SpringApplicationRunListeners.java:53)
	at org.springframework.boot.SpringApplication.prepareEnvironment(SpringApplication.java:345)
	at org.springframework.boot.SpringApplication.run(SpringApplication.java:308)
	at org.springframework.boot.SpringApplication.run(SpringApplication.java:1226)
	at org.springframework.boot.SpringApplication.run(SpringApplication.java:1215)
	at com.example.ProductServiceApplication.main(ProductServiceApplication.java:12)
2023-03-12 20:15:46.597 [product-service,,] [main] WARN  o.springframework.boot.actuate.endpoint.EndpointId - Endpoint ID 'service-registry' contains invalid characters, please migrate to a valid format.
2023-03-12 20:15:47.400 [product-service,,] [main] WARN  com.netflix.config.sources.URLConfigurationSource - No URLs will be polled as dynamic configuration sources.
2023-03-12 20:15:49.362 [product-service,,] [main] WARN  com.netflix.config.sources.URLConfigurationSource - No URLs will be polled as dynamic configuration sources.
2023-03-12 20:15:51.581 [product-service,,] [main] WARN  o.s.c.l.c.BlockingLoadBalancerClientAutoConfiguration$BlockingLoadBalancerClientRibbonWarnLogger - You already have RibbonLoadBalancerClient on your classpath. It will be used by default. As Spring Cloud Ribbon is in maintenance mode. We recommend switching to BlockingLoadBalancerClient instead. In order to use it, set the value of `spring.cloud.loadbalancer.ribbon.enabled` to `false` or remove spring-cloud-starter-netflix-ribbon from your project.
2023-03-12 20:15:52.482 [product-service,,] [main] WARN  o.s.c.c.c.DiscoveryClientConfigServiceBootstrapConfiguration - Could not locate configserver via discovery
java.lang.IllegalStateException: No instances found of configserver (config-server)
	at org.springframework.cloud.config.client.ConfigServerInstanceProvider.getConfigServerInstances(ConfigServerInstanceProvider.java:48)
	at org.springframework.cloud.config.client.DiscoveryClientConfigServiceBootstrapConfiguration.refresh(DiscoveryClientConfigServiceBootstrapConfiguration.java:102)
	at org.springframework.cloud.config.client.DiscoveryClientConfigServiceBootstrapConfiguration.startup(DiscoveryClientConfigServiceBootstrapConfiguration.java:88)
	at org.springframework.cloud.config.client.DiscoveryClientConfigServiceBootstrapConfiguration.onApplicationEvent(DiscoveryClientConfigServiceBootstrapConfiguration.java:80)
	at org.springframework.context.event.SimpleApplicationEventMulticaster.doInvokeListener(SimpleApplicationEventMulticaster.java:172)
	at org.springframework.context.event.SimpleApplicationEventMulticaster.invokeListener(SimpleApplicationEventMulticaster.java:165)
	at org.springframework.context.event.SimpleApplicationEventMulticaster.multicastEvent(SimpleApplicationEventMulticaster.java:139)
	at org.springframework.context.support.AbstractApplicationContext.publishEvent(AbstractApplicationContext.java:403)
	at org.springframework.context.support.AbstractApplicationContext.publishEvent(AbstractApplicationContext.java:409)
	at org.springframework.context.support.AbstractApplicationContext.publishEvent(AbstractApplicationContext.java:360)
	at org.springframework.context.support.AbstractApplicationContext.finishRefresh(AbstractApplicationContext.java:897)
	at org.springframework.boot.web.servlet.context.ServletWebServerApplicationContext.finishRefresh(ServletWebServerApplicationContext.java:162)
	at org.springframework.context.support.AbstractApplicationContext.refresh(AbstractApplicationContext.java:553)
	at org.springframework.boot.web.servlet.context.ServletWebServerApplicationContext.refresh(ServletWebServerApplicationContext.java:141)
	at org.springframework.boot.SpringApplication.refresh(SpringApplication.java:747)
	at org.springframework.boot.SpringApplication.refreshContext(SpringApplication.java:397)
	at org.springframework.boot.SpringApplication.run(SpringApplication.java:315)
	at org.springframework.boot.SpringApplication.run(SpringApplication.java:1226)
	at org.springframework.boot.SpringApplication.run(SpringApplication.java:1215)
	at com.example.ProductServiceApplication.main(ProductServiceApplication.java:12)
2023-03-12 20:16:22.476 [product-service,,] [DiscoveryClient-CacheRefreshExecutor-0] WARN  o.s.c.c.c.DiscoveryClientConfigServiceBootstrapConfiguration - Could not locate configserver via discovery
java.lang.IllegalStateException: No instances found of configserver (config-server)
	at org.springframework.cloud.config.client.ConfigServerInstanceProvider.getConfigServerInstances(ConfigServerInstanceProvider.java:48)
	at org.springframework.cloud.config.client.DiscoveryClientConfigServiceBootstrapConfiguration.refresh(DiscoveryClientConfigServiceBootstrapConfiguration.java:102)
	at org.springframework.cloud.config.client.DiscoveryClientConfigServiceBootstrapConfiguration.heartbeat(DiscoveryClientConfigServiceBootstrapConfiguration.java:93)
	at org.springframework.cloud.config.client.DiscoveryClientConfigServiceBootstrapConfiguration.onApplicationEvent(DiscoveryClientConfigServiceBootstrapConfiguration.java:83)
	at org.springframework.context.event.SimpleApplicationEventMulticaster.doInvokeListener(SimpleApplicationEventMulticaster.java:172)
	at org.springframework.context.event.SimpleApplicationEventMulticaster.invokeListener(SimpleApplicationEventMulticaster.java:165)
	at org.springframework.context.event.SimpleApplicationEventMulticaster.multicastEvent(SimpleApplicationEventMulticaster.java:139)
	at org.springframework.context.support.AbstractApplicationContext.publishEvent(AbstractApplicationContext.java:403)
	at org.springframework.context.support.AbstractApplicationContext.publishEvent(AbstractApplicationContext.java:409)
	at org.springframework.context.support.AbstractApplicationContext.publishEvent(AbstractApplicationContext.java:360)
	at org.springframework.cloud.netflix.eureka.CloudEurekaClient.onCacheRefreshed(CloudEurekaClient.java:123)
	at com.netflix.discovery.DiscoveryClient.fetchRegistry(DiscoveryClient.java:999)
	at com.netflix.discovery.DiscoveryClient.refreshRegistry(DiscoveryClient.java:1497)
	at com.netflix.discovery.DiscoveryClient$CacheRefreshThread.run(DiscoveryClient.java:1464)
	at java.base/java.util.concurrent.Executors$RunnableAdapter.call(Executors.java:515)
	at java.base/java.util.concurrent.FutureTask.run(FutureTask.java:264)
	at java.base/java.util.concurrent.ThreadPoolExecutor.runWorker(ThreadPoolExecutor.java:1128)
	at java.base/java.util.concurrent.ThreadPoolExecutor$Worker.run(ThreadPoolExecutor.java:628)
	at java.base/java.lang.Thread.run(Thread.java:834)
2023-03-12 20:16:52.497 [product-service,,] [DiscoveryClient-CacheRefreshExecutor-0] WARN  o.s.c.c.c.DiscoveryClientConfigServiceBootstrapConfiguration - Could not locate configserver via discovery
java.lang.IllegalStateException: No instances found of configserver (config-server)
	at org.springframework.cloud.config.client.ConfigServerInstanceProvider.getConfigServerInstances(ConfigServerInstanceProvider.java:48)
	at org.springframework.cloud.config.client.DiscoveryClientConfigServiceBootstrapConfiguration.refresh(DiscoveryClientConfigServiceBootstrapConfiguration.java:102)
	at org.springframework.cloud.config.client.DiscoveryClientConfigServiceBootstrapConfiguration.heartbeat(DiscoveryClientConfigServiceBootstrapConfiguration.java:93)
	at org.springframework.cloud.config.client.DiscoveryClientConfigServiceBootstrapConfiguration.onApplicationEvent(DiscoveryClientConfigServiceBootstrapConfiguration.java:83)
	at org.springframework.context.event.SimpleApplicationEventMulticaster.doInvokeListener(SimpleApplicationEventMulticaster.java:172)
	at org.springframework.context.event.SimpleApplicationEventMulticaster.invokeListener(SimpleApplicationEventMulticaster.java:165)
	at org.springframework.context.event.SimpleApplicationEventMulticaster.multicastEvent(SimpleApplicationEventMulticaster.java:139)
	at org.springframework.context.support.AbstractApplicationContext.publishEvent(AbstractApplicationContext.java:403)
	at org.springframework.context.support.AbstractApplicationContext.publishEvent(AbstractApplicationContext.java:409)
	at org.springframework.context.support.AbstractApplicationContext.publishEvent(AbstractApplicationContext.java:360)
	at org.springframework.cloud.netflix.eureka.CloudEurekaClient.onCacheRefreshed(CloudEurekaClient.java:123)
	at com.netflix.discovery.DiscoveryClient.fetchRegistry(DiscoveryClient.java:999)
	at com.netflix.discovery.DiscoveryClient.refreshRegistry(DiscoveryClient.java:1497)
	at com.netflix.discovery.DiscoveryClient$CacheRefreshThread.run(DiscoveryClient.java:1464)
	at java.base/java.util.concurrent.Executors$RunnableAdapter.call(Executors.java:515)
	at java.base/java.util.concurrent.FutureTask.run(FutureTask.java:264)
	at java.base/java.util.concurrent.ThreadPoolExecutor.runWorker(ThreadPoolExecutor.java:1128)
	at java.base/java.util.concurrent.ThreadPoolExecutor$Worker.run(ThreadPoolExecutor.java:628)
	at java.base/java.lang.Thread.run(Thread.java:834)
2023-03-12 20:17:22.519 [product-service,,] [DiscoveryClient-CacheRefreshExecutor-0] WARN  o.s.c.c.c.DiscoveryClientConfigServiceBootstrapConfiguration - Could not locate configserver via discovery
java.lang.IllegalStateException: No instances found of configserver (config-server)
	at org.springframework.cloud.config.client.ConfigServerInstanceProvider.getConfigServerInstances(ConfigServerInstanceProvider.java:48)
	at org.springframework.cloud.config.client.DiscoveryClientConfigServiceBootstrapConfiguration.refresh(DiscoveryClientConfigServiceBootstrapConfiguration.java:102)
	at org.springframework.cloud.config.client.DiscoveryClientConfigServiceBootstrapConfiguration.heartbeat(DiscoveryClientConfigServiceBootstrapConfiguration.java:93)
	at org.springframework.cloud.config.client.DiscoveryClientConfigServiceBootstrapConfiguration.onApplicationEvent(DiscoveryClientConfigServiceBootstrapConfiguration.java:83)
	at org.springframework.context.event.SimpleApplicationEventMulticaster.doInvokeListener(SimpleApplicationEventMulticaster.java:172)
	at org.springframework.context.event.SimpleApplicationEventMulticaster.invokeListener(SimpleApplicationEventMulticaster.java:165)
	at org.springframework.context.event.SimpleApplicationEventMulticaster.multicastEvent(SimpleApplicationEventMulticaster.java:139)
	at org.springframework.context.support.AbstractApplicationContext.publishEvent(AbstractApplicationContext.java:403)
	at org.springframework.context.support.AbstractApplicationContext.publishEvent(AbstractApplicationContext.java:409)
	at org.springframework.context.support.AbstractApplicationContext.publishEvent(AbstractApplicationContext.java:360)
	at org.springframework.cloud.netflix.eureka.CloudEurekaClient.onCacheRefreshed(CloudEurekaClient.java:123)
	at com.netflix.discovery.DiscoveryClient.fetchRegistry(DiscoveryClient.java:999)
	at com.netflix.discovery.DiscoveryClient.refreshRegistry(DiscoveryClient.java:1497)
	at com.netflix.discovery.DiscoveryClient$CacheRefreshThread.run(DiscoveryClient.java:1464)
	at java.base/java.util.concurrent.Executors$RunnableAdapter.call(Executors.java:515)
	at java.base/java.util.concurrent.FutureTask.run(FutureTask.java:264)
	at java.base/java.util.concurrent.ThreadPoolExecutor.runWorker(ThreadPoolExecutor.java:1128)
	at java.base/java.util.concurrent.ThreadPoolExecutor$Worker.run(ThreadPoolExecutor.java:628)
	at java.base/java.lang.Thread.run(Thread.java:834)
2023-03-12 20:17:52.539 [product-service,,] [DiscoveryClient-CacheRefreshExecutor-0] WARN  o.s.c.c.c.DiscoveryClientConfigServiceBootstrapConfiguration - Could not locate configserver via discovery
java.lang.IllegalStateException: No instances found of configserver (config-server)
	at org.springframework.cloud.config.client.ConfigServerInstanceProvider.getConfigServerInstances(ConfigServerInstanceProvider.java:48)
	at org.springframework.cloud.config.client.DiscoveryClientConfigServiceBootstrapConfiguration.refresh(DiscoveryClientConfigServiceBootstrapConfiguration.java:102)
	at org.springframework.cloud.config.client.DiscoveryClientConfigServiceBootstrapConfiguration.heartbeat(DiscoveryClientConfigServiceBootstrapConfiguration.java:93)
	at org.springframework.cloud.config.client.DiscoveryClientConfigServiceBootstrapConfiguration.onApplicationEvent(DiscoveryClientConfigServiceBootstrapConfiguration.java:83)
	at org.springframework.context.event.SimpleApplicationEventMulticaster.doInvokeListener(SimpleApplicationEventMulticaster.java:172)
	at org.springframework.context.event.SimpleApplicationEventMulticaster.invokeListener(SimpleApplicationEventMulticaster.java:165)
	at org.springframework.context.event.SimpleApplicationEventMulticaster.multicastEvent(SimpleApplicationEventMulticaster.java:139)
	at org.springframework.context.support.AbstractApplicationContext.publishEvent(AbstractApplicationContext.java:403)
	at org.springframework.context.support.AbstractApplicationContext.publishEvent(AbstractApplicationContext.java:409)
	at org.springframework.context.support.AbstractApplicationContext.publishEvent(AbstractApplicationContext.java:360)
	at org.springframework.cloud.netflix.eureka.CloudEurekaClient.onCacheRefreshed(CloudEurekaClient.java:123)
	at com.netflix.discovery.DiscoveryClient.fetchRegistry(DiscoveryClient.java:999)
	at com.netflix.discovery.DiscoveryClient.refreshRegistry(DiscoveryClient.java:1497)
	at com.netflix.discovery.DiscoveryClient$CacheRefreshThread.run(DiscoveryClient.java:1464)
	at java.base/java.util.concurrent.Executors$RunnableAdapter.call(Executors.java:515)
	at java.base/java.util.concurrent.FutureTask.run(FutureTask.java:264)
	at java.base/java.util.concurrent.ThreadPoolExecutor.runWorker(ThreadPoolExecutor.java:1128)
	at java.base/java.util.concurrent.ThreadPoolExecutor$Worker.run(ThreadPoolExecutor.java:628)
	at java.base/java.lang.Thread.run(Thread.java:834)
2023-03-12 20:18:22.570 [product-service,,] [DiscoveryClient-CacheRefreshExecutor-0] WARN  o.s.c.c.c.DiscoveryClientConfigServiceBootstrapConfiguration - Could not locate configserver via discovery
java.lang.IllegalStateException: No instances found of configserver (config-server)
	at org.springframework.cloud.config.client.ConfigServerInstanceProvider.getConfigServerInstances(ConfigServerInstanceProvider.java:48)
	at org.springframework.cloud.config.client.DiscoveryClientConfigServiceBootstrapConfiguration.refresh(DiscoveryClientConfigServiceBootstrapConfiguration.java:102)
	at org.springframework.cloud.config.client.DiscoveryClientConfigServiceBootstrapConfiguration.heartbeat(DiscoveryClientConfigServiceBootstrapConfiguration.java:93)
	at org.springframework.cloud.config.client.DiscoveryClientConfigServiceBootstrapConfiguration.onApplicationEvent(DiscoveryClientConfigServiceBootstrapConfiguration.java:83)
	at org.springframework.context.event.SimpleApplicationEventMulticaster.doInvokeListener(SimpleApplicationEventMulticaster.java:172)
	at org.springframework.context.event.SimpleApplicationEventMulticaster.invokeListener(SimpleApplicationEventMulticaster.java:165)
	at org.springframework.context.event.SimpleApplicationEventMulticaster.multicastEvent(SimpleApplicationEventMulticaster.java:139)
	at org.springframework.context.support.AbstractApplicationContext.publishEvent(AbstractApplicationContext.java:403)
	at org.springframework.context.support.AbstractApplicationContext.publishEvent(AbstractApplicationContext.java:409)
	at org.springframework.context.support.AbstractApplicationContext.publishEvent(AbstractApplicationContext.java:360)
	at org.springframework.cloud.netflix.eureka.CloudEurekaClient.onCacheRefreshed(CloudEurekaClient.java:123)
	at com.netflix.discovery.DiscoveryClient.fetchRegistry(DiscoveryClient.java:999)
	at com.netflix.discovery.DiscoveryClient.refreshRegistry(DiscoveryClient.java:1497)
	at com.netflix.discovery.DiscoveryClient$CacheRefreshThread.run(DiscoveryClient.java:1464)
	at java.base/java.util.concurrent.Executors$RunnableAdapter.call(Executors.java:515)
	at java.base/java.util.concurrent.FutureTask.run(FutureTask.java:264)
	at java.base/java.util.concurrent.ThreadPoolExecutor.runWorker(ThreadPoolExecutor.java:1128)
	at java.base/java.util.concurrent.ThreadPoolExecutor$Worker.run(ThreadPoolExecutor.java:628)
	at java.base/java.lang.Thread.run(Thread.java:834)
2023-03-12 20:18:52.596 [product-service,,] [DiscoveryClient-CacheRefreshExecutor-0] WARN  o.s.c.c.c.DiscoveryClientConfigServiceBootstrapConfiguration - Could not locate configserver via discovery
java.lang.IllegalStateException: No instances found of configserver (config-server)
	at org.springframework.cloud.config.client.ConfigServerInstanceProvider.getConfigServerInstances(ConfigServerInstanceProvider.java:48)
	at org.springframework.cloud.config.client.DiscoveryClientConfigServiceBootstrapConfiguration.refresh(DiscoveryClientConfigServiceBootstrapConfiguration.java:102)
	at org.springframework.cloud.config.client.DiscoveryClientConfigServiceBootstrapConfiguration.heartbeat(DiscoveryClientConfigServiceBootstrapConfiguration.java:93)
	at org.springframework.cloud.config.client.DiscoveryClientConfigServiceBootstrapConfiguration.onApplicationEvent(DiscoveryClientConfigServiceBootstrapConfiguration.java:83)
	at org.springframework.context.event.SimpleApplicationEventMulticaster.doInvokeListener(SimpleApplicationEventMulticaster.java:172)
	at org.springframework.context.event.SimpleApplicationEventMulticaster.invokeListener(SimpleApplicationEventMulticaster.java:165)
	at org.springframework.context.event.SimpleApplicationEventMulticaster.multicastEvent(SimpleApplicationEventMulticaster.java:139)
	at org.springframework.context.support.AbstractApplicationContext.publishEvent(AbstractApplicationContext.java:403)
	at org.springframework.context.support.AbstractApplicationContext.publishEvent(AbstractApplicationContext.java:409)
	at org.springframework.context.support.AbstractApplicationContext.publishEvent(AbstractApplicationContext.java:360)
	at org.springframework.cloud.netflix.eureka.CloudEurekaClient.onCacheRefreshed(CloudEurekaClient.java:123)
	at com.netflix.discovery.DiscoveryClient.fetchRegistry(DiscoveryClient.java:999)
	at com.netflix.discovery.DiscoveryClient.refreshRegistry(DiscoveryClient.java:1497)
	at com.netflix.discovery.DiscoveryClient$CacheRefreshThread.run(DiscoveryClient.java:1464)
	at java.base/java.util.concurrent.Executors$RunnableAdapter.call(Executors.java:515)
	at java.base/java.util.concurrent.FutureTask.run(FutureTask.java:264)
	at java.base/java.util.concurrent.ThreadPoolExecutor.runWorker(ThreadPoolExecutor.java:1128)
	at java.base/java.util.concurrent.ThreadPoolExecutor$Worker.run(ThreadPoolExecutor.java:628)
	at java.base/java.lang.Thread.run(Thread.java:834)
2023-03-12 20:19:22.614 [product-service,,] [DiscoveryClient-CacheRefreshExecutor-0] WARN  o.s.c.c.c.DiscoveryClientConfigServiceBootstrapConfiguration - Could not locate configserver via discovery
java.lang.IllegalStateException: No instances found of configserver (config-server)
	at org.springframework.cloud.config.client.ConfigServerInstanceProvider.getConfigServerInstances(ConfigServerInstanceProvider.java:48)
	at org.springframework.cloud.config.client.DiscoveryClientConfigServiceBootstrapConfiguration.refresh(DiscoveryClientConfigServiceBootstrapConfiguration.java:102)
	at org.springframework.cloud.config.client.DiscoveryClientConfigServiceBootstrapConfiguration.heartbeat(DiscoveryClientConfigServiceBootstrapConfiguration.java:93)
	at org.springframework.cloud.config.client.DiscoveryClientConfigServiceBootstrapConfiguration.onApplicationEvent(DiscoveryClientConfigServiceBootstrapConfiguration.java:83)
	at org.springframework.context.event.SimpleApplicationEventMulticaster.doInvokeListener(SimpleApplicationEventMulticaster.java:172)
	at org.springframework.context.event.SimpleApplicationEventMulticaster.invokeListener(SimpleApplicationEventMulticaster.java:165)
	at org.springframework.context.event.SimpleApplicationEventMulticaster.multicastEvent(SimpleApplicationEventMulticaster.java:139)
	at org.springframework.context.support.AbstractApplicationContext.publishEvent(AbstractApplicationContext.java:403)
	at org.springframework.context.support.AbstractApplicationContext.publishEvent(AbstractApplicationContext.java:409)
	at org.springframework.context.support.AbstractApplicationContext.publishEvent(AbstractApplicationContext.java:360)
	at org.springframework.cloud.netflix.eureka.CloudEurekaClient.onCacheRefreshed(CloudEurekaClient.java:123)
	at com.netflix.discovery.DiscoveryClient.fetchRegistry(DiscoveryClient.java:999)
	at com.netflix.discovery.DiscoveryClient.refreshRegistry(DiscoveryClient.java:1497)
	at com.netflix.discovery.DiscoveryClient$CacheRefreshThread.run(DiscoveryClient.java:1464)
	at java.base/java.util.concurrent.Executors$RunnableAdapter.call(Executors.java:515)
	at java.base/java.util.concurrent.FutureTask.run(FutureTask.java:264)
	at java.base/java.util.concurrent.ThreadPoolExecutor.runWorker(ThreadPoolExecutor.java:1128)
	at java.base/java.util.concurrent.ThreadPoolExecutor$Worker.run(ThreadPoolExecutor.java:628)
	at java.base/java.lang.Thread.run(Thread.java:834)
2023-03-12 20:19:52.628 [product-service,,] [DiscoveryClient-CacheRefreshExecutor-0] WARN  o.s.c.c.c.DiscoveryClientConfigServiceBootstrapConfiguration - Could not locate configserver via discovery
java.lang.IllegalStateException: No instances found of configserver (config-server)
	at org.springframework.cloud.config.client.ConfigServerInstanceProvider.getConfigServerInstances(ConfigServerInstanceProvider.java:48)
	at org.springframework.cloud.config.client.DiscoveryClientConfigServiceBootstrapConfiguration.refresh(DiscoveryClientConfigServiceBootstrapConfiguration.java:102)
	at org.springframework.cloud.config.client.DiscoveryClientConfigServiceBootstrapConfiguration.heartbeat(DiscoveryClientConfigServiceBootstrapConfiguration.java:93)
	at org.springframework.cloud.config.client.DiscoveryClientConfigServiceBootstrapConfiguration.onApplicationEvent(DiscoveryClientConfigServiceBootstrapConfiguration.java:83)
	at org.springframework.context.event.SimpleApplicationEventMulticaster.doInvokeListener(SimpleApplicationEventMulticaster.java:172)
	at org.springframework.context.event.SimpleApplicationEventMulticaster.invokeListener(SimpleApplicationEventMulticaster.java:165)
	at org.springframework.context.event.SimpleApplicationEventMulticaster.multicastEvent(SimpleApplicationEventMulticaster.java:139)
	at org.springframework.context.support.AbstractApplicationContext.publishEvent(AbstractApplicationContext.java:403)
	at org.springframework.context.support.AbstractApplicationContext.publishEvent(AbstractApplicationContext.java:409)
	at org.springframework.context.support.AbstractApplicationContext.publishEvent(AbstractApplicationContext.java:360)
	at org.springframework.cloud.netflix.eureka.CloudEurekaClient.onCacheRefreshed(CloudEurekaClient.java:123)
	at com.netflix.discovery.DiscoveryClient.fetchRegistry(DiscoveryClient.java:999)
	at com.netflix.discovery.DiscoveryClient.refreshRegistry(DiscoveryClient.java:1497)
	at com.netflix.discovery.DiscoveryClient$CacheRefreshThread.run(DiscoveryClient.java:1464)
	at java.base/java.util.concurrent.Executors$RunnableAdapter.call(Executors.java:515)
	at java.base/java.util.concurrent.FutureTask.run(FutureTask.java:264)
	at java.base/java.util.concurrent.ThreadPoolExecutor.runWorker(ThreadPoolExecutor.java:1128)
	at java.base/java.util.concurrent.ThreadPoolExecutor$Worker.run(ThreadPoolExecutor.java:628)
	at java.base/java.lang.Thread.run(Thread.java:834)
2023-03-12 20:20:22.659 [product-service,,] [DiscoveryClient-CacheRefreshExecutor-0] WARN  o.s.c.c.c.DiscoveryClientConfigServiceBootstrapConfiguration - Could not locate configserver via discovery
java.lang.IllegalStateException: No instances found of configserver (config-server)
	at org.springframework.cloud.config.client.ConfigServerInstanceProvider.getConfigServerInstances(ConfigServerInstanceProvider.java:48)
	at org.springframework.cloud.config.client.DiscoveryClientConfigServiceBootstrapConfiguration.refresh(DiscoveryClientConfigServiceBootstrapConfiguration.java:102)
	at org.springframework.cloud.config.client.DiscoveryClientConfigServiceBootstrapConfiguration.heartbeat(DiscoveryClientConfigServiceBootstrapConfiguration.java:93)
	at org.springframework.cloud.config.client.DiscoveryClientConfigServiceBootstrapConfiguration.onApplicationEvent(DiscoveryClientConfigServiceBootstrapConfiguration.java:83)
	at org.springframework.context.event.SimpleApplicationEventMulticaster.doInvokeListener(SimpleApplicationEventMulticaster.java:172)
	at org.springframework.context.event.SimpleApplicationEventMulticaster.invokeListener(SimpleApplicationEventMulticaster.java:165)
	at org.springframework.context.event.SimpleApplicationEventMulticaster.multicastEvent(SimpleApplicationEventMulticaster.java:139)
	at org.springframework.context.support.AbstractApplicationContext.publishEvent(AbstractApplicationContext.java:403)
	at org.springframework.context.support.AbstractApplicationContext.publishEvent(AbstractApplicationContext.java:409)
	at org.springframework.context.support.AbstractApplicationContext.publishEvent(AbstractApplicationContext.java:360)
	at org.springframework.cloud.netflix.eureka.CloudEurekaClient.onCacheRefreshed(CloudEurekaClient.java:123)
	at com.netflix.discovery.DiscoveryClient.fetchRegistry(DiscoveryClient.java:999)
	at com.netflix.discovery.DiscoveryClient.refreshRegistry(DiscoveryClient.java:1497)
	at com.netflix.discovery.DiscoveryClient$CacheRefreshThread.run(DiscoveryClient.java:1464)
	at java.base/java.util.concurrent.Executors$RunnableAdapter.call(Executors.java:515)
	at java.base/java.util.concurrent.FutureTask.run(FutureTask.java:264)
	at java.base/java.util.concurrent.ThreadPoolExecutor.runWorker(ThreadPoolExecutor.java:1128)
	at java.base/java.util.concurrent.ThreadPoolExecutor$Worker.run(ThreadPoolExecutor.java:628)
	at java.base/java.lang.Thread.run(Thread.java:834)
2023-03-12 20:20:52.683 [product-service,,] [DiscoveryClient-CacheRefreshExecutor-0] WARN  o.s.c.c.c.DiscoveryClientConfigServiceBootstrapConfiguration - Could not locate configserver via discovery
java.lang.IllegalStateException: No instances found of configserver (config-server)
	at org.springframework.cloud.config.client.ConfigServerInstanceProvider.getConfigServerInstances(ConfigServerInstanceProvider.java:48)
	at org.springframework.cloud.config.client.DiscoveryClientConfigServiceBootstrapConfiguration.refresh(DiscoveryClientConfigServiceBootstrapConfiguration.java:102)
	at org.springframework.cloud.config.client.DiscoveryClientConfigServiceBootstrapConfiguration.heartbeat(DiscoveryClientConfigServiceBootstrapConfiguration.java:93)
	at org.springframework.cloud.config.client.DiscoveryClientConfigServiceBootstrapConfiguration.onApplicationEvent(DiscoveryClientConfigServiceBootstrapConfiguration.java:83)
	at org.springframework.context.event.SimpleApplicationEventMulticaster.doInvokeListener(SimpleApplicationEventMulticaster.java:172)
	at org.springframework.context.event.SimpleApplicationEventMulticaster.invokeListener(SimpleApplicationEventMulticaster.java:165)
	at org.springframework.context.event.SimpleApplicationEventMulticaster.multicastEvent(SimpleApplicationEventMulticaster.java:139)
	at org.springframework.context.support.AbstractApplicationContext.publishEvent(AbstractApplicationContext.java:403)
	at org.springframework.context.support.AbstractApplicationContext.publishEvent(AbstractApplicationContext.java:409)
	at org.springframework.context.support.AbstractApplicationContext.publishEvent(AbstractApplicationContext.java:360)
	at org.springframework.cloud.netflix.eureka.CloudEurekaClient.onCacheRefreshed(CloudEurekaClient.java:123)
	at com.netflix.discovery.DiscoveryClient.fetchRegistry(DiscoveryClient.java:999)
	at com.netflix.discovery.DiscoveryClient.refreshRegistry(DiscoveryClient.java:1497)
	at com.netflix.discovery.DiscoveryClient$CacheRefreshThread.run(DiscoveryClient.java:1464)
	at java.base/java.util.concurrent.Executors$RunnableAdapter.call(Executors.java:515)
	at java.base/java.util.concurrent.FutureTask.run(FutureTask.java:264)
	at java.base/java.util.concurrent.ThreadPoolExecutor.runWorker(ThreadPoolExecutor.java:1128)
	at java.base/java.util.concurrent.ThreadPoolExecutor$Worker.run(ThreadPoolExecutor.java:628)
	at java.base/java.lang.Thread.run(Thread.java:834)
2023-03-12 20:21:22.718 [product-service,,] [DiscoveryClient-CacheRefreshExecutor-0] WARN  o.s.c.c.c.DiscoveryClientConfigServiceBootstrapConfiguration - Could not locate configserver via discovery
java.lang.IllegalStateException: No instances found of configserver (config-server)
	at org.springframework.cloud.config.client.ConfigServerInstanceProvider.getConfigServerInstances(ConfigServerInstanceProvider.java:48)
	at org.springframework.cloud.config.client.DiscoveryClientConfigServiceBootstrapConfiguration.refresh(DiscoveryClientConfigServiceBootstrapConfiguration.java:102)
	at org.springframework.cloud.config.client.DiscoveryClientConfigServiceBootstrapConfiguration.heartbeat(DiscoveryClientConfigServiceBootstrapConfiguration.java:93)
	at org.springframework.cloud.config.client.DiscoveryClientConfigServiceBootstrapConfiguration.onApplicationEvent(DiscoveryClientConfigServiceBootstrapConfiguration.java:83)
	at org.springframework.context.event.SimpleApplicationEventMulticaster.doInvokeListener(SimpleApplicationEventMulticaster.java:172)
	at org.springframework.context.event.SimpleApplicationEventMulticaster.invokeListener(SimpleApplicationEventMulticaster.java:165)
	at org.springframework.context.event.SimpleApplicationEventMulticaster.multicastEvent(SimpleApplicationEventMulticaster.java:139)
	at org.springframework.context.support.AbstractApplicationContext.publishEvent(AbstractApplicationContext.java:403)
	at org.springframework.context.support.AbstractApplicationContext.publishEvent(AbstractApplicationContext.java:409)
	at org.springframework.context.support.AbstractApplicationContext.publishEvent(AbstractApplicationContext.java:360)
	at org.springframework.cloud.netflix.eureka.CloudEurekaClient.onCacheRefreshed(CloudEurekaClient.java:123)
	at com.netflix.discovery.DiscoveryClient.fetchRegistry(DiscoveryClient.java:999)
	at com.netflix.discovery.DiscoveryClient.refreshRegistry(DiscoveryClient.java:1497)
	at com.netflix.discovery.DiscoveryClient$CacheRefreshThread.run(DiscoveryClient.java:1464)
	at java.base/java.util.concurrent.Executors$RunnableAdapter.call(Executors.java:515)
	at java.base/java.util.concurrent.FutureTask.run(FutureTask.java:264)
	at java.base/java.util.concurrent.ThreadPoolExecutor.runWorker(ThreadPoolExecutor.java:1128)
	at java.base/java.util.concurrent.ThreadPoolExecutor$Worker.run(ThreadPoolExecutor.java:628)
	at java.base/java.lang.Thread.run(Thread.java:834)
2023-03-12 20:21:52.742 [product-service,,] [DiscoveryClient-CacheRefreshExecutor-0] WARN  o.s.c.c.c.DiscoveryClientConfigServiceBootstrapConfiguration - Could not locate configserver via discovery
java.lang.IllegalStateException: No instances found of configserver (config-server)
	at org.springframework.cloud.config.client.ConfigServerInstanceProvider.getConfigServerInstances(ConfigServerInstanceProvider.java:48)
	at org.springframework.cloud.config.client.DiscoveryClientConfigServiceBootstrapConfiguration.refresh(DiscoveryClientConfigServiceBootstrapConfiguration.java:102)
	at org.springframework.cloud.config.client.DiscoveryClientConfigServiceBootstrapConfiguration.heartbeat(DiscoveryClientConfigServiceBootstrapConfiguration.java:93)
	at org.springframework.cloud.config.client.DiscoveryClientConfigServiceBootstrapConfiguration.onApplicationEvent(DiscoveryClientConfigServiceBootstrapConfiguration.java:83)
	at org.springframework.context.event.SimpleApplicationEventMulticaster.doInvokeListener(SimpleApplicationEventMulticaster.java:172)
	at org.springframework.context.event.SimpleApplicationEventMulticaster.invokeListener(SimpleApplicationEventMulticaster.java:165)
	at org.springframework.context.event.SimpleApplicationEventMulticaster.multicastEvent(SimpleApplicationEventMulticaster.java:139)
	at org.springframework.context.support.AbstractApplicationContext.publishEvent(AbstractApplicationContext.java:403)
	at org.springframework.context.support.AbstractApplicationContext.publishEvent(AbstractApplicationContext.java:409)
	at org.springframework.context.support.AbstractApplicationContext.publishEvent(AbstractApplicationContext.java:360)
	at org.springframework.cloud.netflix.eureka.CloudEurekaClient.onCacheRefreshed(CloudEurekaClient.java:123)
	at com.netflix.discovery.DiscoveryClient.fetchRegistry(DiscoveryClient.java:999)
	at com.netflix.discovery.DiscoveryClient.refreshRegistry(DiscoveryClient.java:1497)
	at com.netflix.discovery.DiscoveryClient$CacheRefreshThread.run(DiscoveryClient.java:1464)
	at java.base/java.util.concurrent.Executors$RunnableAdapter.call(Executors.java:515)
	at java.base/java.util.concurrent.FutureTask.run(FutureTask.java:264)
	at java.base/java.util.concurrent.ThreadPoolExecutor.runWorker(ThreadPoolExecutor.java:1128)
	at java.base/java.util.concurrent.ThreadPoolExecutor$Worker.run(ThreadPoolExecutor.java:628)
	at java.base/java.lang.Thread.run(Thread.java:834)
2023-03-12 20:22:22.769 [product-service,,] [DiscoveryClient-CacheRefreshExecutor-0] WARN  o.s.c.c.c.DiscoveryClientConfigServiceBootstrapConfiguration - Could not locate configserver via discovery
java.lang.IllegalStateException: No instances found of configserver (config-server)
	at org.springframework.cloud.config.client.ConfigServerInstanceProvider.getConfigServerInstances(ConfigServerInstanceProvider.java:48)
	at org.springframework.cloud.config.client.DiscoveryClientConfigServiceBootstrapConfiguration.refresh(DiscoveryClientConfigServiceBootstrapConfiguration.java:102)
	at org.springframework.cloud.config.client.DiscoveryClientConfigServiceBootstrapConfiguration.heartbeat(DiscoveryClientConfigServiceBootstrapConfiguration.java:93)
	at org.springframework.cloud.config.client.DiscoveryClientConfigServiceBootstrapConfiguration.onApplicationEvent(DiscoveryClientConfigServiceBootstrapConfiguration.java:83)
	at org.springframework.context.event.SimpleApplicationEventMulticaster.doInvokeListener(SimpleApplicationEventMulticaster.java:172)
	at org.springframework.context.event.SimpleApplicationEventMulticaster.invokeListener(SimpleApplicationEventMulticaster.java:165)
	at org.springframework.context.event.SimpleApplicationEventMulticaster.multicastEvent(SimpleApplicationEventMulticaster.java:139)
	at org.springframework.context.support.AbstractApplicationContext.publishEvent(AbstractApplicationContext.java:403)
	at org.springframework.context.support.AbstractApplicationContext.publishEvent(AbstractApplicationContext.java:409)
	at org.springframework.context.support.AbstractApplicationContext.publishEvent(AbstractApplicationContext.java:360)
	at org.springframework.cloud.netflix.eureka.CloudEurekaClient.onCacheRefreshed(CloudEurekaClient.java:123)
	at com.netflix.discovery.DiscoveryClient.fetchRegistry(DiscoveryClient.java:999)
	at com.netflix.discovery.DiscoveryClient.refreshRegistry(DiscoveryClient.java:1497)
	at com.netflix.discovery.DiscoveryClient$CacheRefreshThread.run(DiscoveryClient.java:1464)
	at java.base/java.util.concurrent.Executors$RunnableAdapter.call(Executors.java:515)
	at java.base/java.util.concurrent.FutureTask.run(FutureTask.java:264)
	at java.base/java.util.concurrent.ThreadPoolExecutor.runWorker(ThreadPoolExecutor.java:1128)
	at java.base/java.util.concurrent.ThreadPoolExecutor$Worker.run(ThreadPoolExecutor.java:628)
	at java.base/java.lang.Thread.run(Thread.java:834)
2023-03-12 20:22:52.800 [product-service,,] [DiscoveryClient-CacheRefreshExecutor-0] WARN  o.s.c.c.c.DiscoveryClientConfigServiceBootstrapConfiguration - Could not locate configserver via discovery
java.lang.IllegalStateException: No instances found of configserver (config-server)
	at org.springframework.cloud.config.client.ConfigServerInstanceProvider.getConfigServerInstances(ConfigServerInstanceProvider.java:48)
	at org.springframework.cloud.config.client.DiscoveryClientConfigServiceBootstrapConfiguration.refresh(DiscoveryClientConfigServiceBootstrapConfiguration.java:102)
	at org.springframework.cloud.config.client.DiscoveryClientConfigServiceBootstrapConfiguration.heartbeat(DiscoveryClientConfigServiceBootstrapConfiguration.java:93)
	at org.springframework.cloud.config.client.DiscoveryClientConfigServiceBootstrapConfiguration.onApplicationEvent(DiscoveryClientConfigServiceBootstrapConfiguration.java:83)
	at org.springframework.context.event.SimpleApplicationEventMulticaster.doInvokeListener(SimpleApplicationEventMulticaster.java:172)
	at org.springframework.context.event.SimpleApplicationEventMulticaster.invokeListener(SimpleApplicationEventMulticaster.java:165)
	at org.springframework.context.event.SimpleApplicationEventMulticaster.multicastEvent(SimpleApplicationEventMulticaster.java:139)
	at org.springframework.context.support.AbstractApplicationContext.publishEvent(AbstractApplicationContext.java:403)
	at org.springframework.context.support.AbstractApplicationContext.publishEvent(AbstractApplicationContext.java:409)
	at org.springframework.context.support.AbstractApplicationContext.publishEvent(AbstractApplicationContext.java:360)
	at org.springframework.cloud.netflix.eureka.CloudEurekaClient.onCacheRefreshed(CloudEurekaClient.java:123)
	at com.netflix.discovery.DiscoveryClient.fetchRegistry(DiscoveryClient.java:999)
	at com.netflix.discovery.DiscoveryClient.refreshRegistry(DiscoveryClient.java:1497)
	at com.netflix.discovery.DiscoveryClient$CacheRefreshThread.run(DiscoveryClient.java:1464)
	at java.base/java.util.concurrent.Executors$RunnableAdapter.call(Executors.java:515)
	at java.base/java.util.concurrent.FutureTask.run(FutureTask.java:264)
	at java.base/java.util.concurrent.ThreadPoolExecutor.runWorker(ThreadPoolExecutor.java:1128)
	at java.base/java.util.concurrent.ThreadPoolExecutor$Worker.run(ThreadPoolExecutor.java:628)
	at java.base/java.lang.Thread.run(Thread.java:834)
2023-03-12 20:23:22.825 [product-service,,] [DiscoveryClient-CacheRefreshExecutor-0] WARN  o.s.c.c.c.DiscoveryClientConfigServiceBootstrapConfiguration - Could not locate configserver via discovery
java.lang.IllegalStateException: No instances found of configserver (config-server)
	at org.springframework.cloud.config.client.ConfigServerInstanceProvider.getConfigServerInstances(ConfigServerInstanceProvider.java:48)
	at org.springframework.cloud.config.client.DiscoveryClientConfigServiceBootstrapConfiguration.refresh(DiscoveryClientConfigServiceBootstrapConfiguration.java:102)
	at org.springframework.cloud.config.client.DiscoveryClientConfigServiceBootstrapConfiguration.heartbeat(DiscoveryClientConfigServiceBootstrapConfiguration.java:93)
	at org.springframework.cloud.config.client.DiscoveryClientConfigServiceBootstrapConfiguration.onApplicationEvent(DiscoveryClientConfigServiceBootstrapConfiguration.java:83)
	at org.springframework.context.event.SimpleApplicationEventMulticaster.doInvokeListener(SimpleApplicationEventMulticaster.java:172)
	at org.springframework.context.event.SimpleApplicationEventMulticaster.invokeListener(SimpleApplicationEventMulticaster.java:165)
	at org.springframework.context.event.SimpleApplicationEventMulticaster.multicastEvent(SimpleApplicationEventMulticaster.java:139)
	at org.springframework.context.support.AbstractApplicationContext.publishEvent(AbstractApplicationContext.java:403)
	at org.springframework.context.support.AbstractApplicationContext.publishEvent(AbstractApplicationContext.java:409)
	at org.springframework.context.support.AbstractApplicationContext.publishEvent(AbstractApplicationContext.java:360)
	at org.springframework.cloud.netflix.eureka.CloudEurekaClient.onCacheRefreshed(CloudEurekaClient.java:123)
	at com.netflix.discovery.DiscoveryClient.fetchRegistry(DiscoveryClient.java:999)
	at com.netflix.discovery.DiscoveryClient.refreshRegistry(DiscoveryClient.java:1497)
	at com.netflix.discovery.DiscoveryClient$CacheRefreshThread.run(DiscoveryClient.java:1464)
	at java.base/java.util.concurrent.Executors$RunnableAdapter.call(Executors.java:515)
	at java.base/java.util.concurrent.FutureTask.run(FutureTask.java:264)
	at java.base/java.util.concurrent.ThreadPoolExecutor.runWorker(ThreadPoolExecutor.java:1128)
	at java.base/java.util.concurrent.ThreadPoolExecutor$Worker.run(ThreadPoolExecutor.java:628)
	at java.base/java.lang.Thread.run(Thread.java:834)
2023-03-12 20:23:52.845 [product-service,,] [DiscoveryClient-CacheRefreshExecutor-0] WARN  o.s.c.c.c.DiscoveryClientConfigServiceBootstrapConfiguration - Could not locate configserver via discovery
java.lang.IllegalStateException: No instances found of configserver (config-server)
	at org.springframework.cloud.config.client.ConfigServerInstanceProvider.getConfigServerInstances(ConfigServerInstanceProvider.java:48)
	at org.springframework.cloud.config.client.DiscoveryClientConfigServiceBootstrapConfiguration.refresh(DiscoveryClientConfigServiceBootstrapConfiguration.java:102)
	at org.springframework.cloud.config.client.DiscoveryClientConfigServiceBootstrapConfiguration.heartbeat(DiscoveryClientConfigServiceBootstrapConfiguration.java:93)
	at org.springframework.cloud.config.client.DiscoveryClientConfigServiceBootstrapConfiguration.onApplicationEvent(DiscoveryClientConfigServiceBootstrapConfiguration.java:83)
	at org.springframework.context.event.SimpleApplicationEventMulticaster.doInvokeListener(SimpleApplicationEventMulticaster.java:172)
	at org.springframework.context.event.SimpleApplicationEventMulticaster.invokeListener(SimpleApplicationEventMulticaster.java:165)
	at org.springframework.context.event.SimpleApplicationEventMulticaster.multicastEvent(SimpleApplicationEventMulticaster.java:139)
	at org.springframework.context.support.AbstractApplicationContext.publishEvent(AbstractApplicationContext.java:403)
	at org.springframework.context.support.AbstractApplicationContext.publishEvent(AbstractApplicationContext.java:409)
	at org.springframework.context.support.AbstractApplicationContext.publishEvent(AbstractApplicationContext.java:360)
	at org.springframework.cloud.netflix.eureka.CloudEurekaClient.onCacheRefreshed(CloudEurekaClient.java:123)
	at com.netflix.discovery.DiscoveryClient.fetchRegistry(DiscoveryClient.java:999)
	at com.netflix.discovery.DiscoveryClient.refreshRegistry(DiscoveryClient.java:1497)
	at com.netflix.discovery.DiscoveryClient$CacheRefreshThread.run(DiscoveryClient.java:1464)
	at java.base/java.util.concurrent.Executors$RunnableAdapter.call(Executors.java:515)
	at java.base/java.util.concurrent.FutureTask.run(FutureTask.java:264)
	at java.base/java.util.concurrent.ThreadPoolExecutor.runWorker(ThreadPoolExecutor.java:1128)
	at java.base/java.util.concurrent.ThreadPoolExecutor$Worker.run(ThreadPoolExecutor.java:628)
	at java.base/java.lang.Thread.run(Thread.java:834)
2023-03-12 20:24:22.871 [product-service,,] [DiscoveryClient-CacheRefreshExecutor-0] WARN  o.s.c.c.c.DiscoveryClientConfigServiceBootstrapConfiguration - Could not locate configserver via discovery
java.lang.IllegalStateException: No instances found of configserver (config-server)
	at org.springframework.cloud.config.client.ConfigServerInstanceProvider.getConfigServerInstances(ConfigServerInstanceProvider.java:48)
	at org.springframework.cloud.config.client.DiscoveryClientConfigServiceBootstrapConfiguration.refresh(DiscoveryClientConfigServiceBootstrapConfiguration.java:102)
	at org.springframework.cloud.config.client.DiscoveryClientConfigServiceBootstrapConfiguration.heartbeat(DiscoveryClientConfigServiceBootstrapConfiguration.java:93)
	at org.springframework.cloud.config.client.DiscoveryClientConfigServiceBootstrapConfiguration.onApplicationEvent(DiscoveryClientConfigServiceBootstrapConfiguration.java:83)
	at org.springframework.context.event.SimpleApplicationEventMulticaster.doInvokeListener(SimpleApplicationEventMulticaster.java:172)
	at org.springframework.context.event.SimpleApplicationEventMulticaster.invokeListener(SimpleApplicationEventMulticaster.java:165)
	at org.springframework.context.event.SimpleApplicationEventMulticaster.multicastEvent(SimpleApplicationEventMulticaster.java:139)
	at org.springframework.context.support.AbstractApplicationContext.publishEvent(AbstractApplicationContext.java:403)
	at org.springframework.context.support.AbstractApplicationContext.publishEvent(AbstractApplicationContext.java:409)
	at org.springframework.context.support.AbstractApplicationContext.publishEvent(AbstractApplicationContext.java:360)
	at org.springframework.cloud.netflix.eureka.CloudEurekaClient.onCacheRefreshed(CloudEurekaClient.java:123)
	at com.netflix.discovery.DiscoveryClient.fetchRegistry(DiscoveryClient.java:999)
	at com.netflix.discovery.DiscoveryClient.refreshRegistry(DiscoveryClient.java:1497)
	at com.netflix.discovery.DiscoveryClient$CacheRefreshThread.run(DiscoveryClient.java:1464)
	at java.base/java.util.concurrent.Executors$RunnableAdapter.call(Executors.java:515)
	at java.base/java.util.concurrent.FutureTask.run(FutureTask.java:264)
	at java.base/java.util.concurrent.ThreadPoolExecutor.runWorker(ThreadPoolExecutor.java:1128)
	at java.base/java.util.concurrent.ThreadPoolExecutor$Worker.run(ThreadPoolExecutor.java:628)
	at java.base/java.lang.Thread.run(Thread.java:834)
2023-03-12 20:24:52.901 [product-service,,] [DiscoveryClient-CacheRefreshExecutor-0] WARN  o.s.c.c.c.DiscoveryClientConfigServiceBootstrapConfiguration - Could not locate configserver via discovery
java.lang.IllegalStateException: No instances found of configserver (config-server)
	at org.springframework.cloud.config.client.ConfigServerInstanceProvider.getConfigServerInstances(ConfigServerInstanceProvider.java:48)
	at org.springframework.cloud.config.client.DiscoveryClientConfigServiceBootstrapConfiguration.refresh(DiscoveryClientConfigServiceBootstrapConfiguration.java:102)
	at org.springframework.cloud.config.client.DiscoveryClientConfigServiceBootstrapConfiguration.heartbeat(DiscoveryClientConfigServiceBootstrapConfiguration.java:93)
	at org.springframework.cloud.config.client.DiscoveryClientConfigServiceBootstrapConfiguration.onApplicationEvent(DiscoveryClientConfigServiceBootstrapConfiguration.java:83)
	at org.springframework.context.event.SimpleApplicationEventMulticaster.doInvokeListener(SimpleApplicationEventMulticaster.java:172)
	at org.springframework.context.event.SimpleApplicationEventMulticaster.invokeListener(SimpleApplicationEventMulticaster.java:165)
	at org.springframework.context.event.SimpleApplicationEventMulticaster.multicastEvent(SimpleApplicationEventMulticaster.java:139)
	at org.springframework.context.support.AbstractApplicationContext.publishEvent(AbstractApplicationContext.java:403)
	at org.springframework.context.support.AbstractApplicationContext.publishEvent(AbstractApplicationContext.java:409)
	at org.springframework.context.support.AbstractApplicationContext.publishEvent(AbstractApplicationContext.java:360)
	at org.springframework.cloud.netflix.eureka.CloudEurekaClient.onCacheRefreshed(CloudEurekaClient.java:123)
	at com.netflix.discovery.DiscoveryClient.fetchRegistry(DiscoveryClient.java:999)
	at com.netflix.discovery.DiscoveryClient.refreshRegistry(DiscoveryClient.java:1497)
	at com.netflix.discovery.DiscoveryClient$CacheRefreshThread.run(DiscoveryClient.java:1464)
	at java.base/java.util.concurrent.Executors$RunnableAdapter.call(Executors.java:515)
	at java.base/java.util.concurrent.FutureTask.run(FutureTask.java:264)
	at java.base/java.util.concurrent.ThreadPoolExecutor.runWorker(ThreadPoolExecutor.java:1128)
	at java.base/java.util.concurrent.ThreadPoolExecutor$Worker.run(ThreadPoolExecutor.java:628)
	at java.base/java.lang.Thread.run(Thread.java:834)
2023-03-12 20:25:22.926 [product-service,,] [DiscoveryClient-CacheRefreshExecutor-0] WARN  o.s.c.c.c.DiscoveryClientConfigServiceBootstrapConfiguration - Could not locate configserver via discovery
java.lang.IllegalStateException: No instances found of configserver (config-server)
	at org.springframework.cloud.config.client.ConfigServerInstanceProvider.getConfigServerInstances(ConfigServerInstanceProvider.java:48)
	at org.springframework.cloud.config.client.DiscoveryClientConfigServiceBootstrapConfiguration.refresh(DiscoveryClientConfigServiceBootstrapConfiguration.java:102)
	at org.springframework.cloud.config.client.DiscoveryClientConfigServiceBootstrapConfiguration.heartbeat(DiscoveryClientConfigServiceBootstrapConfiguration.java:93)
	at org.springframework.cloud.config.client.DiscoveryClientConfigServiceBootstrapConfiguration.onApplicationEvent(DiscoveryClientConfigServiceBootstrapConfiguration.java:83)
	at org.springframework.context.event.SimpleApplicationEventMulticaster.doInvokeListener(SimpleApplicationEventMulticaster.java:172)
	at org.springframework.context.event.SimpleApplicationEventMulticaster.invokeListener(SimpleApplicationEventMulticaster.java:165)
	at org.springframework.context.event.SimpleApplicationEventMulticaster.multicastEvent(SimpleApplicationEventMulticaster.java:139)
	at org.springframework.context.support.AbstractApplicationContext.publishEvent(AbstractApplicationContext.java:403)
	at org.springframework.context.support.AbstractApplicationContext.publishEvent(AbstractApplicationContext.java:409)
	at org.springframework.context.support.AbstractApplicationContext.publishEvent(AbstractApplicationContext.java:360)
	at org.springframework.cloud.netflix.eureka.CloudEurekaClient.onCacheRefreshed(CloudEurekaClient.java:123)
	at com.netflix.discovery.DiscoveryClient.fetchRegistry(DiscoveryClient.java:999)
	at com.netflix.discovery.DiscoveryClient.refreshRegistry(DiscoveryClient.java:1497)
	at com.netflix.discovery.DiscoveryClient$CacheRefreshThread.run(DiscoveryClient.java:1464)
	at java.base/java.util.concurrent.Executors$RunnableAdapter.call(Executors.java:515)
	at java.base/java.util.concurrent.FutureTask.run(FutureTask.java:264)
	at java.base/java.util.concurrent.ThreadPoolExecutor.runWorker(ThreadPoolExecutor.java:1128)
	at java.base/java.util.concurrent.ThreadPoolExecutor$Worker.run(ThreadPoolExecutor.java:628)
	at java.base/java.lang.Thread.run(Thread.java:834)
2023-03-12 20:25:52.952 [product-service,,] [DiscoveryClient-CacheRefreshExecutor-0] WARN  o.s.c.c.c.DiscoveryClientConfigServiceBootstrapConfiguration - Could not locate configserver via discovery
java.lang.IllegalStateException: No instances found of configserver (config-server)
	at org.springframework.cloud.config.client.ConfigServerInstanceProvider.getConfigServerInstances(ConfigServerInstanceProvider.java:48)
	at org.springframework.cloud.config.client.DiscoveryClientConfigServiceBootstrapConfiguration.refresh(DiscoveryClientConfigServiceBootstrapConfiguration.java:102)
	at org.springframework.cloud.config.client.DiscoveryClientConfigServiceBootstrapConfiguration.heartbeat(DiscoveryClientConfigServiceBootstrapConfiguration.java:93)
	at org.springframework.cloud.config.client.DiscoveryClientConfigServiceBootstrapConfiguration.onApplicationEvent(DiscoveryClientConfigServiceBootstrapConfiguration.java:83)
	at org.springframework.context.event.SimpleApplicationEventMulticaster.doInvokeListener(SimpleApplicationEventMulticaster.java:172)
	at org.springframework.context.event.SimpleApplicationEventMulticaster.invokeListener(SimpleApplicationEventMulticaster.java:165)
	at org.springframework.context.event.SimpleApplicationEventMulticaster.multicastEvent(SimpleApplicationEventMulticaster.java:139)
	at org.springframework.context.support.AbstractApplicationContext.publishEvent(AbstractApplicationContext.java:403)
	at org.springframework.context.support.AbstractApplicationContext.publishEvent(AbstractApplicationContext.java:409)
	at org.springframework.context.support.AbstractApplicationContext.publishEvent(AbstractApplicationContext.java:360)
	at org.springframework.cloud.netflix.eureka.CloudEurekaClient.onCacheRefreshed(CloudEurekaClient.java:123)
	at com.netflix.discovery.DiscoveryClient.fetchRegistry(DiscoveryClient.java:999)
	at com.netflix.discovery.DiscoveryClient.refreshRegistry(DiscoveryClient.java:1497)
	at com.netflix.discovery.DiscoveryClient$CacheRefreshThread.run(DiscoveryClient.java:1464)
	at java.base/java.util.concurrent.Executors$RunnableAdapter.call(Executors.java:515)
	at java.base/java.util.concurrent.FutureTask.run(FutureTask.java:264)
	at java.base/java.util.concurrent.ThreadPoolExecutor.runWorker(ThreadPoolExecutor.java:1128)
	at java.base/java.util.concurrent.ThreadPoolExecutor$Worker.run(ThreadPoolExecutor.java:628)
	at java.base/java.lang.Thread.run(Thread.java:834)
2023-03-12 20:26:22.979 [product-service,,] [DiscoveryClient-CacheRefreshExecutor-0] WARN  o.s.c.c.c.DiscoveryClientConfigServiceBootstrapConfiguration - Could not locate configserver via discovery
java.lang.IllegalStateException: No instances found of configserver (config-server)
	at org.springframework.cloud.config.client.ConfigServerInstanceProvider.getConfigServerInstances(ConfigServerInstanceProvider.java:48)
	at org.springframework.cloud.config.client.DiscoveryClientConfigServiceBootstrapConfiguration.refresh(DiscoveryClientConfigServiceBootstrapConfiguration.java:102)
	at org.springframework.cloud.config.client.DiscoveryClientConfigServiceBootstrapConfiguration.heartbeat(DiscoveryClientConfigServiceBootstrapConfiguration.java:93)
	at org.springframework.cloud.config.client.DiscoveryClientConfigServiceBootstrapConfiguration.onApplicationEvent(DiscoveryClientConfigServiceBootstrapConfiguration.java:83)
	at org.springframework.context.event.SimpleApplicationEventMulticaster.doInvokeListener(SimpleApplicationEventMulticaster.java:172)
	at org.springframework.context.event.SimpleApplicationEventMulticaster.invokeListener(SimpleApplicationEventMulticaster.java:165)
	at org.springframework.context.event.SimpleApplicationEventMulticaster.multicastEvent(SimpleApplicationEventMulticaster.java:139)
	at org.springframework.context.support.AbstractApplicationContext.publishEvent(AbstractApplicationContext.java:403)
	at org.springframework.context.support.AbstractApplicationContext.publishEvent(AbstractApplicationContext.java:409)
	at org.springframework.context.support.AbstractApplicationContext.publishEvent(AbstractApplicationContext.java:360)
	at org.springframework.cloud.netflix.eureka.CloudEurekaClient.onCacheRefreshed(CloudEurekaClient.java:123)
	at com.netflix.discovery.DiscoveryClient.fetchRegistry(DiscoveryClient.java:999)
	at com.netflix.discovery.DiscoveryClient.refreshRegistry(DiscoveryClient.java:1497)
	at com.netflix.discovery.DiscoveryClient$CacheRefreshThread.run(DiscoveryClient.java:1464)
	at java.base/java.util.concurrent.Executors$RunnableAdapter.call(Executors.java:515)
	at java.base/java.util.concurrent.FutureTask.run(FutureTask.java:264)
	at java.base/java.util.concurrent.ThreadPoolExecutor.runWorker(ThreadPoolExecutor.java:1128)
	at java.base/java.util.concurrent.ThreadPoolExecutor$Worker.run(ThreadPoolExecutor.java:628)
	at java.base/java.lang.Thread.run(Thread.java:834)
2023-03-12 20:26:52.999 [product-service,,] [DiscoveryClient-CacheRefreshExecutor-0] WARN  o.s.c.c.c.DiscoveryClientConfigServiceBootstrapConfiguration - Could not locate configserver via discovery
java.lang.IllegalStateException: No instances found of configserver (config-server)
	at org.springframework.cloud.config.client.ConfigServerInstanceProvider.getConfigServerInstances(ConfigServerInstanceProvider.java:48)
	at org.springframework.cloud.config.client.DiscoveryClientConfigServiceBootstrapConfiguration.refresh(DiscoveryClientConfigServiceBootstrapConfiguration.java:102)
	at org.springframework.cloud.config.client.DiscoveryClientConfigServiceBootstrapConfiguration.heartbeat(DiscoveryClientConfigServiceBootstrapConfiguration.java:93)
	at org.springframework.cloud.config.client.DiscoveryClientConfigServiceBootstrapConfiguration.onApplicationEvent(DiscoveryClientConfigServiceBootstrapConfiguration.java:83)
	at org.springframework.context.event.SimpleApplicationEventMulticaster.doInvokeListener(SimpleApplicationEventMulticaster.java:172)
	at org.springframework.context.event.SimpleApplicationEventMulticaster.invokeListener(SimpleApplicationEventMulticaster.java:165)
	at org.springframework.context.event.SimpleApplicationEventMulticaster.multicastEvent(SimpleApplicationEventMulticaster.java:139)
	at org.springframework.context.support.AbstractApplicationContext.publishEvent(AbstractApplicationContext.java:403)
	at org.springframework.context.support.AbstractApplicationContext.publishEvent(AbstractApplicationContext.java:409)
	at org.springframework.context.support.AbstractApplicationContext.publishEvent(AbstractApplicationContext.java:360)
	at org.springframework.cloud.netflix.eureka.CloudEurekaClient.onCacheRefreshed(CloudEurekaClient.java:123)
	at com.netflix.discovery.DiscoveryClient.fetchRegistry(DiscoveryClient.java:999)
	at com.netflix.discovery.DiscoveryClient.refreshRegistry(DiscoveryClient.java:1497)
	at com.netflix.discovery.DiscoveryClient$CacheRefreshThread.run(DiscoveryClient.java:1464)
	at java.base/java.util.concurrent.Executors$RunnableAdapter.call(Executors.java:515)
	at java.base/java.util.concurrent.FutureTask.run(FutureTask.java:264)
	at java.base/java.util.concurrent.ThreadPoolExecutor.runWorker(ThreadPoolExecutor.java:1128)
	at java.base/java.util.concurrent.ThreadPoolExecutor$Worker.run(ThreadPoolExecutor.java:628)
	at java.base/java.lang.Thread.run(Thread.java:834)
2023-03-12 20:27:23.024 [product-service,,] [DiscoveryClient-CacheRefreshExecutor-0] WARN  o.s.c.c.c.DiscoveryClientConfigServiceBootstrapConfiguration - Could not locate configserver via discovery
java.lang.IllegalStateException: No instances found of configserver (config-server)
	at org.springframework.cloud.config.client.ConfigServerInstanceProvider.getConfigServerInstances(ConfigServerInstanceProvider.java:48)
	at org.springframework.cloud.config.client.DiscoveryClientConfigServiceBootstrapConfiguration.refresh(DiscoveryClientConfigServiceBootstrapConfiguration.java:102)
	at org.springframework.cloud.config.client.DiscoveryClientConfigServiceBootstrapConfiguration.heartbeat(DiscoveryClientConfigServiceBootstrapConfiguration.java:93)
	at org.springframework.cloud.config.client.DiscoveryClientConfigServiceBootstrapConfiguration.onApplicationEvent(DiscoveryClientConfigServiceBootstrapConfiguration.java:83)
	at org.springframework.context.event.SimpleApplicationEventMulticaster.doInvokeListener(SimpleApplicationEventMulticaster.java:172)
	at org.springframework.context.event.SimpleApplicationEventMulticaster.invokeListener(SimpleApplicationEventMulticaster.java:165)
	at org.springframework.context.event.SimpleApplicationEventMulticaster.multicastEvent(SimpleApplicationEventMulticaster.java:139)
	at org.springframework.context.support.AbstractApplicationContext.publishEvent(AbstractApplicationContext.java:403)
	at org.springframework.context.support.AbstractApplicationContext.publishEvent(AbstractApplicationContext.java:409)
	at org.springframework.context.support.AbstractApplicationContext.publishEvent(AbstractApplicationContext.java:360)
	at org.springframework.cloud.netflix.eureka.CloudEurekaClient.onCacheRefreshed(CloudEurekaClient.java:123)
	at com.netflix.discovery.DiscoveryClient.fetchRegistry(DiscoveryClient.java:999)
	at com.netflix.discovery.DiscoveryClient.refreshRegistry(DiscoveryClient.java:1497)
	at com.netflix.discovery.DiscoveryClient$CacheRefreshThread.run(DiscoveryClient.java:1464)
	at java.base/java.util.concurrent.Executors$RunnableAdapter.call(Executors.java:515)
	at java.base/java.util.concurrent.FutureTask.run(FutureTask.java:264)
	at java.base/java.util.concurrent.ThreadPoolExecutor.runWorker(ThreadPoolExecutor.java:1128)
	at java.base/java.util.concurrent.ThreadPoolExecutor$Worker.run(ThreadPoolExecutor.java:628)
	at java.base/java.lang.Thread.run(Thread.java:834)
2023-03-12 20:27:53.057 [product-service,,] [DiscoveryClient-CacheRefreshExecutor-0] WARN  o.s.c.c.c.DiscoveryClientConfigServiceBootstrapConfiguration - Could not locate configserver via discovery
java.lang.IllegalStateException: No instances found of configserver (config-server)
	at org.springframework.cloud.config.client.ConfigServerInstanceProvider.getConfigServerInstances(ConfigServerInstanceProvider.java:48)
	at org.springframework.cloud.config.client.DiscoveryClientConfigServiceBootstrapConfiguration.refresh(DiscoveryClientConfigServiceBootstrapConfiguration.java:102)
	at org.springframework.cloud.config.client.DiscoveryClientConfigServiceBootstrapConfiguration.heartbeat(DiscoveryClientConfigServiceBootstrapConfiguration.java:93)
	at org.springframework.cloud.config.client.DiscoveryClientConfigServiceBootstrapConfiguration.onApplicationEvent(DiscoveryClientConfigServiceBootstrapConfiguration.java:83)
	at org.springframework.context.event.SimpleApplicationEventMulticaster.doInvokeListener(SimpleApplicationEventMulticaster.java:172)
	at org.springframework.context.event.SimpleApplicationEventMulticaster.invokeListener(SimpleApplicationEventMulticaster.java:165)
	at org.springframework.context.event.SimpleApplicationEventMulticaster.multicastEvent(SimpleApplicationEventMulticaster.java:139)
	at org.springframework.context.support.AbstractApplicationContext.publishEvent(AbstractApplicationContext.java:403)
	at org.springframework.context.support.AbstractApplicationContext.publishEvent(AbstractApplicationContext.java:409)
	at org.springframework.context.support.AbstractApplicationContext.publishEvent(AbstractApplicationContext.java:360)
	at org.springframework.cloud.netflix.eureka.CloudEurekaClient.onCacheRefreshed(CloudEurekaClient.java:123)
	at com.netflix.discovery.DiscoveryClient.fetchRegistry(DiscoveryClient.java:999)
	at com.netflix.discovery.DiscoveryClient.refreshRegistry(DiscoveryClient.java:1497)
	at com.netflix.discovery.DiscoveryClient$CacheRefreshThread.run(DiscoveryClient.java:1464)
	at java.base/java.util.concurrent.Executors$RunnableAdapter.call(Executors.java:515)
	at java.base/java.util.concurrent.FutureTask.run(FutureTask.java:264)
	at java.base/java.util.concurrent.ThreadPoolExecutor.runWorker(ThreadPoolExecutor.java:1128)
	at java.base/java.util.concurrent.ThreadPoolExecutor$Worker.run(ThreadPoolExecutor.java:628)
	at java.base/java.lang.Thread.run(Thread.java:834)
2023-03-12 20:28:23.089 [product-service,,] [DiscoveryClient-CacheRefreshExecutor-0] WARN  o.s.c.c.c.DiscoveryClientConfigServiceBootstrapConfiguration - Could not locate configserver via discovery
java.lang.IllegalStateException: No instances found of configserver (config-server)
	at org.springframework.cloud.config.client.ConfigServerInstanceProvider.getConfigServerInstances(ConfigServerInstanceProvider.java:48)
	at org.springframework.cloud.config.client.DiscoveryClientConfigServiceBootstrapConfiguration.refresh(DiscoveryClientConfigServiceBootstrapConfiguration.java:102)
	at org.springframework.cloud.config.client.DiscoveryClientConfigServiceBootstrapConfiguration.heartbeat(DiscoveryClientConfigServiceBootstrapConfiguration.java:93)
	at org.springframework.cloud.config.client.DiscoveryClientConfigServiceBootstrapConfiguration.onApplicationEvent(DiscoveryClientConfigServiceBootstrapConfiguration.java:83)
	at org.springframework.context.event.SimpleApplicationEventMulticaster.doInvokeListener(SimpleApplicationEventMulticaster.java:172)
	at org.springframework.context.event.SimpleApplicationEventMulticaster.invokeListener(SimpleApplicationEventMulticaster.java:165)
	at org.springframework.context.event.SimpleApplicationEventMulticaster.multicastEvent(SimpleApplicationEventMulticaster.java:139)
	at org.springframework.context.support.AbstractApplicationContext.publishEvent(AbstractApplicationContext.java:403)
	at org.springframework.context.support.AbstractApplicationContext.publishEvent(AbstractApplicationContext.java:409)
	at org.springframework.context.support.AbstractApplicationContext.publishEvent(AbstractApplicationContext.java:360)
	at org.springframework.cloud.netflix.eureka.CloudEurekaClient.onCacheRefreshed(CloudEurekaClient.java:123)
	at com.netflix.discovery.DiscoveryClient.fetchRegistry(DiscoveryClient.java:999)
	at com.netflix.discovery.DiscoveryClient.refreshRegistry(DiscoveryClient.java:1497)
	at com.netflix.discovery.DiscoveryClient$CacheRefreshThread.run(DiscoveryClient.java:1464)
	at java.base/java.util.concurrent.Executors$RunnableAdapter.call(Executors.java:515)
	at java.base/java.util.concurrent.FutureTask.run(FutureTask.java:264)
	at java.base/java.util.concurrent.ThreadPoolExecutor.runWorker(ThreadPoolExecutor.java:1128)
	at java.base/java.util.concurrent.ThreadPoolExecutor$Worker.run(ThreadPoolExecutor.java:628)
	at java.base/java.lang.Thread.run(Thread.java:834)
2023-03-12 20:28:53.121 [product-service,,] [DiscoveryClient-CacheRefreshExecutor-0] WARN  o.s.c.c.c.DiscoveryClientConfigServiceBootstrapConfiguration - Could not locate configserver via discovery
java.lang.IllegalStateException: No instances found of configserver (config-server)
	at org.springframework.cloud.config.client.ConfigServerInstanceProvider.getConfigServerInstances(ConfigServerInstanceProvider.java:48)
	at org.springframework.cloud.config.client.DiscoveryClientConfigServiceBootstrapConfiguration.refresh(DiscoveryClientConfigServiceBootstrapConfiguration.java:102)
	at org.springframework.cloud.config.client.DiscoveryClientConfigServiceBootstrapConfiguration.heartbeat(DiscoveryClientConfigServiceBootstrapConfiguration.java:93)
	at org.springframework.cloud.config.client.DiscoveryClientConfigServiceBootstrapConfiguration.onApplicationEvent(DiscoveryClientConfigServiceBootstrapConfiguration.java:83)
	at org.springframework.context.event.SimpleApplicationEventMulticaster.doInvokeListener(SimpleApplicationEventMulticaster.java:172)
	at org.springframework.context.event.SimpleApplicationEventMulticaster.invokeListener(SimpleApplicationEventMulticaster.java:165)
	at org.springframework.context.event.SimpleApplicationEventMulticaster.multicastEvent(SimpleApplicationEventMulticaster.java:139)
	at org.springframework.context.support.AbstractApplicationContext.publishEvent(AbstractApplicationContext.java:403)
	at org.springframework.context.support.AbstractApplicationContext.publishEvent(AbstractApplicationContext.java:409)
	at org.springframework.context.support.AbstractApplicationContext.publishEvent(AbstractApplicationContext.java:360)
	at org.springframework.cloud.netflix.eureka.CloudEurekaClient.onCacheRefreshed(CloudEurekaClient.java:123)
	at com.netflix.discovery.DiscoveryClient.fetchRegistry(DiscoveryClient.java:999)
	at com.netflix.discovery.DiscoveryClient.refreshRegistry(DiscoveryClient.java:1497)
	at com.netflix.discovery.DiscoveryClient$CacheRefreshThread.run(DiscoveryClient.java:1464)
	at java.base/java.util.concurrent.Executors$RunnableAdapter.call(Executors.java:515)
	at java.base/java.util.concurrent.FutureTask.run(FutureTask.java:264)
	at java.base/java.util.concurrent.ThreadPoolExecutor.runWorker(ThreadPoolExecutor.java:1128)
	at java.base/java.util.concurrent.ThreadPoolExecutor$Worker.run(ThreadPoolExecutor.java:628)
	at java.base/java.lang.Thread.run(Thread.java:834)
2023-03-12 20:29:23.141 [product-service,,] [DiscoveryClient-CacheRefreshExecutor-0] WARN  o.s.c.c.c.DiscoveryClientConfigServiceBootstrapConfiguration - Could not locate configserver via discovery
java.lang.IllegalStateException: No instances found of configserver (config-server)
	at org.springframework.cloud.config.client.ConfigServerInstanceProvider.getConfigServerInstances(ConfigServerInstanceProvider.java:48)
	at org.springframework.cloud.config.client.DiscoveryClientConfigServiceBootstrapConfiguration.refresh(DiscoveryClientConfigServiceBootstrapConfiguration.java:102)
	at org.springframework.cloud.config.client.DiscoveryClientConfigServiceBootstrapConfiguration.heartbeat(DiscoveryClientConfigServiceBootstrapConfiguration.java:93)
	at org.springframework.cloud.config.client.DiscoveryClientConfigServiceBootstrapConfiguration.onApplicationEvent(DiscoveryClientConfigServiceBootstrapConfiguration.java:83)
	at org.springframework.context.event.SimpleApplicationEventMulticaster.doInvokeListener(SimpleApplicationEventMulticaster.java:172)
	at org.springframework.context.event.SimpleApplicationEventMulticaster.invokeListener(SimpleApplicationEventMulticaster.java:165)
	at org.springframework.context.event.SimpleApplicationEventMulticaster.multicastEvent(SimpleApplicationEventMulticaster.java:139)
	at org.springframework.context.support.AbstractApplicationContext.publishEvent(AbstractApplicationContext.java:403)
	at org.springframework.context.support.AbstractApplicationContext.publishEvent(AbstractApplicationContext.java:409)
	at org.springframework.context.support.AbstractApplicationContext.publishEvent(AbstractApplicationContext.java:360)
	at org.springframework.cloud.netflix.eureka.CloudEurekaClient.onCacheRefreshed(CloudEurekaClient.java:123)
	at com.netflix.discovery.DiscoveryClient.fetchRegistry(DiscoveryClient.java:999)
	at com.netflix.discovery.DiscoveryClient.refreshRegistry(DiscoveryClient.java:1497)
	at com.netflix.discovery.DiscoveryClient$CacheRefreshThread.run(DiscoveryClient.java:1464)
	at java.base/java.util.concurrent.Executors$RunnableAdapter.call(Executors.java:515)
	at java.base/java.util.concurrent.FutureTask.run(FutureTask.java:264)
	at java.base/java.util.concurrent.ThreadPoolExecutor.runWorker(ThreadPoolExecutor.java:1128)
	at java.base/java.util.concurrent.ThreadPoolExecutor$Worker.run(ThreadPoolExecutor.java:628)
	at java.base/java.lang.Thread.run(Thread.java:834)
2023-03-12 20:29:53.175 [product-service,,] [DiscoveryClient-CacheRefreshExecutor-0] WARN  o.s.c.c.c.DiscoveryClientConfigServiceBootstrapConfiguration - Could not locate configserver via discovery
java.lang.IllegalStateException: No instances found of configserver (config-server)
	at org.springframework.cloud.config.client.ConfigServerInstanceProvider.getConfigServerInstances(ConfigServerInstanceProvider.java:48)
	at org.springframework.cloud.config.client.DiscoveryClientConfigServiceBootstrapConfiguration.refresh(DiscoveryClientConfigServiceBootstrapConfiguration.java:102)
	at org.springframework.cloud.config.client.DiscoveryClientConfigServiceBootstrapConfiguration.heartbeat(DiscoveryClientConfigServiceBootstrapConfiguration.java:93)
	at org.springframework.cloud.config.client.DiscoveryClientConfigServiceBootstrapConfiguration.onApplicationEvent(DiscoveryClientConfigServiceBootstrapConfiguration.java:83)
	at org.springframework.context.event.SimpleApplicationEventMulticaster.doInvokeListener(SimpleApplicationEventMulticaster.java:172)
	at org.springframework.context.event.SimpleApplicationEventMulticaster.invokeListener(SimpleApplicationEventMulticaster.java:165)
	at org.springframework.context.event.SimpleApplicationEventMulticaster.multicastEvent(SimpleApplicationEventMulticaster.java:139)
	at org.springframework.context.support.AbstractApplicationContext.publishEvent(AbstractApplicationContext.java:403)
	at org.springframework.context.support.AbstractApplicationContext.publishEvent(AbstractApplicationContext.java:409)
	at org.springframework.context.support.AbstractApplicationContext.publishEvent(AbstractApplicationContext.java:360)
	at org.springframework.cloud.netflix.eureka.CloudEurekaClient.onCacheRefreshed(CloudEurekaClient.java:123)
	at com.netflix.discovery.DiscoveryClient.fetchRegistry(DiscoveryClient.java:999)
	at com.netflix.discovery.DiscoveryClient.refreshRegistry(DiscoveryClient.java:1497)
	at com.netflix.discovery.DiscoveryClient$CacheRefreshThread.run(DiscoveryClient.java:1464)
	at java.base/java.util.concurrent.Executors$RunnableAdapter.call(Executors.java:515)
	at java.base/java.util.concurrent.FutureTask.run(FutureTask.java:264)
	at java.base/java.util.concurrent.ThreadPoolExecutor.runWorker(ThreadPoolExecutor.java:1128)
	at java.base/java.util.concurrent.ThreadPoolExecutor$Worker.run(ThreadPoolExecutor.java:628)
	at java.base/java.lang.Thread.run(Thread.java:834)
2023-03-12 20:30:23.194 [product-service,,] [DiscoveryClient-CacheRefreshExecutor-0] WARN  o.s.c.c.c.DiscoveryClientConfigServiceBootstrapConfiguration - Could not locate configserver via discovery
java.lang.IllegalStateException: No instances found of configserver (config-server)
	at org.springframework.cloud.config.client.ConfigServerInstanceProvider.getConfigServerInstances(ConfigServerInstanceProvider.java:48)
	at org.springframework.cloud.config.client.DiscoveryClientConfigServiceBootstrapConfiguration.refresh(DiscoveryClientConfigServiceBootstrapConfiguration.java:102)
	at org.springframework.cloud.config.client.DiscoveryClientConfigServiceBootstrapConfiguration.heartbeat(DiscoveryClientConfigServiceBootstrapConfiguration.java:93)
	at org.springframework.cloud.config.client.DiscoveryClientConfigServiceBootstrapConfiguration.onApplicationEvent(DiscoveryClientConfigServiceBootstrapConfiguration.java:83)
	at org.springframework.context.event.SimpleApplicationEventMulticaster.doInvokeListener(SimpleApplicationEventMulticaster.java:172)
	at org.springframework.context.event.SimpleApplicationEventMulticaster.invokeListener(SimpleApplicationEventMulticaster.java:165)
	at org.springframework.context.event.SimpleApplicationEventMulticaster.multicastEvent(SimpleApplicationEventMulticaster.java:139)
	at org.springframework.context.support.AbstractApplicationContext.publishEvent(AbstractApplicationContext.java:403)
	at org.springframework.context.support.AbstractApplicationContext.publishEvent(AbstractApplicationContext.java:409)
	at org.springframework.context.support.AbstractApplicationContext.publishEvent(AbstractApplicationContext.java:360)
	at org.springframework.cloud.netflix.eureka.CloudEurekaClient.onCacheRefreshed(CloudEurekaClient.java:123)
	at com.netflix.discovery.DiscoveryClient.fetchRegistry(DiscoveryClient.java:999)
	at com.netflix.discovery.DiscoveryClient.refreshRegistry(DiscoveryClient.java:1497)
	at com.netflix.discovery.DiscoveryClient$CacheRefreshThread.run(DiscoveryClient.java:1464)
	at java.base/java.util.concurrent.Executors$RunnableAdapter.call(Executors.java:515)
	at java.base/java.util.concurrent.FutureTask.run(FutureTask.java:264)
	at java.base/java.util.concurrent.ThreadPoolExecutor.runWorker(ThreadPoolExecutor.java:1128)
	at java.base/java.util.concurrent.ThreadPoolExecutor$Worker.run(ThreadPoolExecutor.java:628)
	at java.base/java.lang.Thread.run(Thread.java:834)
2023-03-12 20:30:53.213 [product-service,,] [DiscoveryClient-CacheRefreshExecutor-0] WARN  o.s.c.c.c.DiscoveryClientConfigServiceBootstrapConfiguration - Could not locate configserver via discovery
java.lang.IllegalStateException: No instances found of configserver (config-server)
	at org.springframework.cloud.config.client.ConfigServerInstanceProvider.getConfigServerInstances(ConfigServerInstanceProvider.java:48)
	at org.springframework.cloud.config.client.DiscoveryClientConfigServiceBootstrapConfiguration.refresh(DiscoveryClientConfigServiceBootstrapConfiguration.java:102)
	at org.springframework.cloud.config.client.DiscoveryClientConfigServiceBootstrapConfiguration.heartbeat(DiscoveryClientConfigServiceBootstrapConfiguration.java:93)
	at org.springframework.cloud.config.client.DiscoveryClientConfigServiceBootstrapConfiguration.onApplicationEvent(DiscoveryClientConfigServiceBootstrapConfiguration.java:83)
	at org.springframework.context.event.SimpleApplicationEventMulticaster.doInvokeListener(SimpleApplicationEventMulticaster.java:172)
	at org.springframework.context.event.SimpleApplicationEventMulticaster.invokeListener(SimpleApplicationEventMulticaster.java:165)
	at org.springframework.context.event.SimpleApplicationEventMulticaster.multicastEvent(SimpleApplicationEventMulticaster.java:139)
	at org.springframework.context.support.AbstractApplicationContext.publishEvent(AbstractApplicationContext.java:403)
	at org.springframework.context.support.AbstractApplicationContext.publishEvent(AbstractApplicationContext.java:409)
	at org.springframework.context.support.AbstractApplicationContext.publishEvent(AbstractApplicationContext.java:360)
	at org.springframework.cloud.netflix.eureka.CloudEurekaClient.onCacheRefreshed(CloudEurekaClient.java:123)
	at com.netflix.discovery.DiscoveryClient.fetchRegistry(DiscoveryClient.java:999)
	at com.netflix.discovery.DiscoveryClient.refreshRegistry(DiscoveryClient.java:1497)
	at com.netflix.discovery.DiscoveryClient$CacheRefreshThread.run(DiscoveryClient.java:1464)
	at java.base/java.util.concurrent.Executors$RunnableAdapter.call(Executors.java:515)
	at java.base/java.util.concurrent.FutureTask.run(FutureTask.java:264)
	at java.base/java.util.concurrent.ThreadPoolExecutor.runWorker(ThreadPoolExecutor.java:1128)
	at java.base/java.util.concurrent.ThreadPoolExecutor$Worker.run(ThreadPoolExecutor.java:628)
	at java.base/java.lang.Thread.run(Thread.java:834)
2023-03-12 20:31:23.238 [product-service,,] [DiscoveryClient-CacheRefreshExecutor-0] WARN  o.s.c.c.c.DiscoveryClientConfigServiceBootstrapConfiguration - Could not locate configserver via discovery
java.lang.IllegalStateException: No instances found of configserver (config-server)
	at org.springframework.cloud.config.client.ConfigServerInstanceProvider.getConfigServerInstances(ConfigServerInstanceProvider.java:48)
	at org.springframework.cloud.config.client.DiscoveryClientConfigServiceBootstrapConfiguration.refresh(DiscoveryClientConfigServiceBootstrapConfiguration.java:102)
	at org.springframework.cloud.config.client.DiscoveryClientConfigServiceBootstrapConfiguration.heartbeat(DiscoveryClientConfigServiceBootstrapConfiguration.java:93)
	at org.springframework.cloud.config.client.DiscoveryClientConfigServiceBootstrapConfiguration.onApplicationEvent(DiscoveryClientConfigServiceBootstrapConfiguration.java:83)
	at org.springframework.context.event.SimpleApplicationEventMulticaster.doInvokeListener(SimpleApplicationEventMulticaster.java:172)
	at org.springframework.context.event.SimpleApplicationEventMulticaster.invokeListener(SimpleApplicationEventMulticaster.java:165)
	at org.springframework.context.event.SimpleApplicationEventMulticaster.multicastEvent(SimpleApplicationEventMulticaster.java:139)
	at org.springframework.context.support.AbstractApplicationContext.publishEvent(AbstractApplicationContext.java:403)
	at org.springframework.context.support.AbstractApplicationContext.publishEvent(AbstractApplicationContext.java:409)
	at org.springframework.context.support.AbstractApplicationContext.publishEvent(AbstractApplicationContext.java:360)
	at org.springframework.cloud.netflix.eureka.CloudEurekaClient.onCacheRefreshed(CloudEurekaClient.java:123)
	at com.netflix.discovery.DiscoveryClient.fetchRegistry(DiscoveryClient.java:999)
	at com.netflix.discovery.DiscoveryClient.refreshRegistry(DiscoveryClient.java:1497)
	at com.netflix.discovery.DiscoveryClient$CacheRefreshThread.run(DiscoveryClient.java:1464)
	at java.base/java.util.concurrent.Executors$RunnableAdapter.call(Executors.java:515)
	at java.base/java.util.concurrent.FutureTask.run(FutureTask.java:264)
	at java.base/java.util.concurrent.ThreadPoolExecutor.runWorker(ThreadPoolExecutor.java:1128)
	at java.base/java.util.concurrent.ThreadPoolExecutor$Worker.run(ThreadPoolExecutor.java:628)
	at java.base/java.lang.Thread.run(Thread.java:834)
2023-03-12 20:31:53.265 [product-service,,] [DiscoveryClient-CacheRefreshExecutor-0] WARN  o.s.c.c.c.DiscoveryClientConfigServiceBootstrapConfiguration - Could not locate configserver via discovery
java.lang.IllegalStateException: No instances found of configserver (config-server)
	at org.springframework.cloud.config.client.ConfigServerInstanceProvider.getConfigServerInstances(ConfigServerInstanceProvider.java:48)
	at org.springframework.cloud.config.client.DiscoveryClientConfigServiceBootstrapConfiguration.refresh(DiscoveryClientConfigServiceBootstrapConfiguration.java:102)
	at org.springframework.cloud.config.client.DiscoveryClientConfigServiceBootstrapConfiguration.heartbeat(DiscoveryClientConfigServiceBootstrapConfiguration.java:93)
	at org.springframework.cloud.config.client.DiscoveryClientConfigServiceBootstrapConfiguration.onApplicationEvent(DiscoveryClientConfigServiceBootstrapConfiguration.java:83)
	at org.springframework.context.event.SimpleApplicationEventMulticaster.doInvokeListener(SimpleApplicationEventMulticaster.java:172)
	at org.springframework.context.event.SimpleApplicationEventMulticaster.invokeListener(SimpleApplicationEventMulticaster.java:165)
	at org.springframework.context.event.SimpleApplicationEventMulticaster.multicastEvent(SimpleApplicationEventMulticaster.java:139)
	at org.springframework.context.support.AbstractApplicationContext.publishEvent(AbstractApplicationContext.java:403)
	at org.springframework.context.support.AbstractApplicationContext.publishEvent(AbstractApplicationContext.java:409)
	at org.springframework.context.support.AbstractApplicationContext.publishEvent(AbstractApplicationContext.java:360)
	at org.springframework.cloud.netflix.eureka.CloudEurekaClient.onCacheRefreshed(CloudEurekaClient.java:123)
	at com.netflix.discovery.DiscoveryClient.fetchRegistry(DiscoveryClient.java:999)
	at com.netflix.discovery.DiscoveryClient.refreshRegistry(DiscoveryClient.java:1497)
	at com.netflix.discovery.DiscoveryClient$CacheRefreshThread.run(DiscoveryClient.java:1464)
	at java.base/java.util.concurrent.Executors$RunnableAdapter.call(Executors.java:515)
	at java.base/java.util.concurrent.FutureTask.run(FutureTask.java:264)
	at java.base/java.util.concurrent.ThreadPoolExecutor.runWorker(ThreadPoolExecutor.java:1128)
	at java.base/java.util.concurrent.ThreadPoolExecutor$Worker.run(ThreadPoolExecutor.java:628)
	at java.base/java.lang.Thread.run(Thread.java:834)
2023-03-12 20:32:23.289 [product-service,,] [DiscoveryClient-CacheRefreshExecutor-0] WARN  o.s.c.c.c.DiscoveryClientConfigServiceBootstrapConfiguration - Could not locate configserver via discovery
java.lang.IllegalStateException: No instances found of configserver (config-server)
	at org.springframework.cloud.config.client.ConfigServerInstanceProvider.getConfigServerInstances(ConfigServerInstanceProvider.java:48)
	at org.springframework.cloud.config.client.DiscoveryClientConfigServiceBootstrapConfiguration.refresh(DiscoveryClientConfigServiceBootstrapConfiguration.java:102)
	at org.springframework.cloud.config.client.DiscoveryClientConfigServiceBootstrapConfiguration.heartbeat(DiscoveryClientConfigServiceBootstrapConfiguration.java:93)
	at org.springframework.cloud.config.client.DiscoveryClientConfigServiceBootstrapConfiguration.onApplicationEvent(DiscoveryClientConfigServiceBootstrapConfiguration.java:83)
	at org.springframework.context.event.SimpleApplicationEventMulticaster.doInvokeListener(SimpleApplicationEventMulticaster.java:172)
	at org.springframework.context.event.SimpleApplicationEventMulticaster.invokeListener(SimpleApplicationEventMulticaster.java:165)
	at org.springframework.context.event.SimpleApplicationEventMulticaster.multicastEvent(SimpleApplicationEventMulticaster.java:139)
	at org.springframework.context.support.AbstractApplicationContext.publishEvent(AbstractApplicationContext.java:403)
	at org.springframework.context.support.AbstractApplicationContext.publishEvent(AbstractApplicationContext.java:409)
	at org.springframework.context.support.AbstractApplicationContext.publishEvent(AbstractApplicationContext.java:360)
	at org.springframework.cloud.netflix.eureka.CloudEurekaClient.onCacheRefreshed(CloudEurekaClient.java:123)
	at com.netflix.discovery.DiscoveryClient.fetchRegistry(DiscoveryClient.java:999)
	at com.netflix.discovery.DiscoveryClient.refreshRegistry(DiscoveryClient.java:1497)
	at com.netflix.discovery.DiscoveryClient$CacheRefreshThread.run(DiscoveryClient.java:1464)
	at java.base/java.util.concurrent.Executors$RunnableAdapter.call(Executors.java:515)
	at java.base/java.util.concurrent.FutureTask.run(FutureTask.java:264)
	at java.base/java.util.concurrent.ThreadPoolExecutor.runWorker(ThreadPoolExecutor.java:1128)
	at java.base/java.util.concurrent.ThreadPoolExecutor$Worker.run(ThreadPoolExecutor.java:628)
	at java.base/java.lang.Thread.run(Thread.java:834)
